{"/home/padi/COS 301/Driving-Tracker/backend/src/controllers/auth.controller.ts": {"path":"/home/padi/COS 301/Driving-Tracker/backend/src/controllers/auth.controller.ts","statementMap":{"0":{"start":{"line":2,"column":0},"end":{"line":2,"column":57}},"1":{"start":{"line":3,"column":0},"end":{"line":3,"column":63}},"2":{"start":{"line":4,"column":0},"end":{"line":4,"column":80}},"3":{"start":{"line":6,"column":22},"end":{"line":120,"column":2}},"4":{"start":{"line":10,"column":92},"end":{"line":10,"column":100}},"5":{"start":{"line":12,"column":8},"end":{"line":40,"column":9}},"6":{"start":{"line":14,"column":40},"end":{"line":14,"column":138}},"7":{"start":{"line":17,"column":31},"end":{"line":17,"column":83}},"8":{"start":{"line":20,"column":12},"end":{"line":23,"column":15}},"9":{"start":{"line":27,"column":12},"end":{"line":30,"column":13}},"10":{"start":{"line":28,"column":16},"end":{"line":28,"column":83}},"11":{"start":{"line":29,"column":16},"end":{"line":29,"column":23}},"12":{"start":{"line":32,"column":12},"end":{"line":35,"column":13}},"13":{"start":{"line":33,"column":16},"end":{"line":33,"column":83}},"14":{"start":{"line":34,"column":16},"end":{"line":34,"column":23}},"15":{"start":{"line":37,"column":12},"end":{"line":37,"column":66}},"16":{"start":{"line":38,"column":12},"end":{"line":38,"column":19}},"17":{"start":{"line":44,"column":37},"end":{"line":44,"column":45}},"18":{"start":{"line":46,"column":8},"end":{"line":69,"column":9}},"19":{"start":{"line":48,"column":40},"end":{"line":48,"column":86}},"20":{"start":{"line":51,"column":31},"end":{"line":51,"column":83}},"21":{"start":{"line":53,"column":12},"end":{"line":56,"column":15}},"22":{"start":{"line":60,"column":12},"end":{"line":64,"column":13}},"23":{"start":{"line":62,"column":16},"end":{"line":62,"column":82}},"24":{"start":{"line":63,"column":16},"end":{"line":63,"column":23}},"25":{"start":{"line":66,"column":12},"end":{"line":66,"column":66}},"26":{"start":{"line":67,"column":12},"end":{"line":67,"column":19}},"27":{"start":{"line":74,"column":8},"end":{"line":82,"column":9}},"28":{"start":{"line":76,"column":11},"end":{"line":76,"column":54}},"29":{"start":{"line":77,"column":11},"end":{"line":77,"column":76}},"30":{"start":{"line":80,"column":12},"end":{"line":80,"column":102}},"31":{"start":{"line":87,"column":31},"end":{"line":87,"column":39}},"32":{"start":{"line":89,"column":8},"end":{"line":93,"column":9}},"33":{"start":{"line":91,"column":12},"end":{"line":91,"column":101}},"34":{"start":{"line":92,"column":12},"end":{"line":92,"column":19}},"35":{"start":{"line":95,"column":8},"end":{"line":117,"column":9}},"36":{"start":{"line":97,"column":45},"end":{"line":97,"column":87}},"37":{"start":{"line":99,"column":31},"end":{"line":99,"column":84}},"38":{"start":{"line":101,"column":12},"end":{"line":104,"column":15}},"39":{"start":{"line":107,"column":12},"end":{"line":114,"column":13}},"40":{"start":{"line":109,"column":16},"end":{"line":112,"column":19}},"41":{"start":{"line":113,"column":16},"end":{"line":113,"column":23}},"42":{"start":{"line":116,"column":12},"end":{"line":116,"column":67}},"43":{"start":{"line":122,"column":0},"end":{"line":122,"column":31}}},"fnMap":{"0":{"name":"(anonymous_0)","decl":{"start":{"line":8,"column":4},"end":{"line":8,"column":9}},"loc":{"start":{"line":8,"column":45},"end":{"line":41,"column":5}}},"1":{"name":"(anonymous_1)","decl":{"start":{"line":42,"column":4},"end":{"line":42,"column":9}},"loc":{"start":{"line":42,"column":42},"end":{"line":71,"column":5}}},"2":{"name":"(anonymous_2)","decl":{"start":{"line":72,"column":4},"end":{"line":72,"column":9}},"loc":{"start":{"line":72,"column":48},"end":{"line":83,"column":5}}},"3":{"name":"(anonymous_3)","decl":{"start":{"line":85,"column":4},"end":{"line":85,"column":9}},"loc":{"start":{"line":85,"column":45},"end":{"line":118,"column":5}}}},"branchMap":{"0":{"loc":{"start":{"line":27,"column":12},"end":{"line":30,"column":13}},"type":"if","locations":[{"start":{"line":27,"column":12},"end":{"line":30,"column":13}},{"start":{},"end":{}}]},"1":{"loc":{"start":{"line":32,"column":12},"end":{"line":35,"column":13}},"type":"if","locations":[{"start":{"line":32,"column":12},"end":{"line":35,"column":13}},{"start":{},"end":{}}]},"2":{"loc":{"start":{"line":60,"column":12},"end":{"line":64,"column":13}},"type":"if","locations":[{"start":{"line":60,"column":12},"end":{"line":64,"column":13}},{"start":{},"end":{}}]},"3":{"loc":{"start":{"line":89,"column":8},"end":{"line":93,"column":9}},"type":"if","locations":[{"start":{"line":89,"column":8},"end":{"line":93,"column":9}},{"start":{},"end":{}}]},"4":{"loc":{"start":{"line":107,"column":12},"end":{"line":114,"column":13}},"type":"if","locations":[{"start":{"line":107,"column":12},"end":{"line":114,"column":13}},{"start":{},"end":{}}]}},"s":{"0":3,"1":3,"2":3,"3":3,"4":4,"5":4,"6":4,"7":1,"8":1,"9":3,"10":2,"11":2,"12":1,"13":1,"14":1,"15":0,"16":0,"17":3,"18":3,"19":3,"20":1,"21":1,"22":2,"23":1,"24":1,"25":1,"26":1,"27":0,"28":0,"29":0,"30":0,"31":4,"32":4,"33":1,"34":1,"35":3,"36":3,"37":1,"38":1,"39":2,"40":1,"41":1,"42":1,"43":3},"f":{"0":4,"1":3,"2":0,"3":4},"b":{"0":[2,1],"1":[1,0],"2":[1,1],"3":[1,3],"4":[1,1]}}
,"/home/padi/COS 301/Driving-Tracker/backend/src/controllers/badges_leaderboard.controller.ts": {"path":"/home/padi/COS 301/Driving-Tracker/backend/src/controllers/badges_leaderboard.controller.ts","statementMap":{"0":{"start":{"line":3,"column":0},"end":{"line":3,"column":86}},"1":{"start":{"line":4,"column":36},"end":{"line":88,"column":2}},"2":{"start":{"line":6,"column":8},"end":{"line":48,"column":9}},"3":{"start":{"line":7,"column":39},"end":{"line":7,"column":52}},"4":{"start":{"line":8,"column":29},"end":{"line":8,"column":37}},"5":{"start":{"line":10,"column":12},"end":{"line":15,"column":13}},"6":{"start":{"line":11,"column":16},"end":{"line":13,"column":19}},"7":{"start":{"line":14,"column":16},"end":{"line":14,"column":23}},"8":{"start":{"line":16,"column":12},"end":{"line":21,"column":13}},"9":{"start":{"line":17,"column":16},"end":{"line":19,"column":19}},"10":{"start":{"line":20,"column":16},"end":{"line":20,"column":24}},"11":{"start":{"line":22,"column":27},"end":{"line":25,"column":18}},"12":{"start":{"line":27,"column":12},"end":{"line":30,"column":15}},"13":{"start":{"line":33,"column":12},"end":{"line":47,"column":13}},"14":{"start":{"line":34,"column":16},"end":{"line":37,"column":19}},"15":{"start":{"line":38,"column":19},"end":{"line":47,"column":13}},"16":{"start":{"line":39,"column":20},"end":{"line":41,"column":23}},"17":{"start":{"line":43,"column":16},"end":{"line":46,"column":19}},"18":{"start":{"line":51,"column":8},"end":{"line":68,"column":9}},"19":{"start":{"line":52,"column":28},"end":{"line":52,"column":41}},"20":{"start":{"line":54,"column":12},"end":{"line":58,"column":13}},"21":{"start":{"line":55,"column":16},"end":{"line":57,"column":19}},"22":{"start":{"line":60,"column":27},"end":{"line":60,"column":84}},"23":{"start":{"line":62,"column":12},"end":{"line":62,"column":48}},"24":{"start":{"line":64,"column":12},"end":{"line":67,"column":15}},"25":{"start":{"line":72,"column":8},"end":{"line":86,"column":9}},"26":{"start":{"line":73,"column":28},"end":{"line":73,"column":41}},"27":{"start":{"line":74,"column":12},"end":{"line":76,"column":13}},"28":{"start":{"line":75,"column":16},"end":{"line":75,"column":71}},"29":{"start":{"line":78,"column":27},"end":{"line":78,"column":84}},"30":{"start":{"line":80,"column":12},"end":{"line":80,"column":48}},"31":{"start":{"line":82,"column":12},"end":{"line":85,"column":15}},"32":{"start":{"line":89,"column":0},"end":{"line":89,"column":44}}},"fnMap":{"0":{"name":"(anonymous_0)","decl":{"start":{"line":5,"column":4},"end":{"line":5,"column":9}},"loc":{"start":{"line":5,"column":58},"end":{"line":49,"column":5}}},"1":{"name":"(anonymous_1)","decl":{"start":{"line":50,"column":4},"end":{"line":50,"column":9}},"loc":{"start":{"line":50,"column":50},"end":{"line":69,"column":5}}},"2":{"name":"(anonymous_2)","decl":{"start":{"line":71,"column":4},"end":{"line":71,"column":9}},"loc":{"start":{"line":71,"column":63},"end":{"line":87,"column":5}}}},"branchMap":{"0":{"loc":{"start":{"line":10,"column":12},"end":{"line":15,"column":13}},"type":"if","locations":[{"start":{"line":10,"column":12},"end":{"line":15,"column":13}},{"start":{},"end":{}}]},"1":{"loc":{"start":{"line":16,"column":12},"end":{"line":21,"column":13}},"type":"if","locations":[{"start":{"line":16,"column":12},"end":{"line":21,"column":13}},{"start":{},"end":{}}]},"2":{"loc":{"start":{"line":16,"column":15},"end":{"line":16,"column":68}},"type":"binary-expr","locations":[{"start":{"line":16,"column":15},"end":{"line":16,"column":29}},{"start":{"line":16,"column":33},"end":{"line":16,"column":68}}]},"3":{"loc":{"start":{"line":33,"column":12},"end":{"line":47,"column":13}},"type":"if","locations":[{"start":{"line":33,"column":12},"end":{"line":47,"column":13}},{"start":{"line":38,"column":19},"end":{"line":47,"column":13}}]},"4":{"loc":{"start":{"line":38,"column":19},"end":{"line":47,"column":13}},"type":"if","locations":[{"start":{"line":38,"column":19},"end":{"line":47,"column":13}},{"start":{"line":42,"column":19},"end":{"line":47,"column":13}}]},"5":{"loc":{"start":{"line":54,"column":12},"end":{"line":58,"column":13}},"type":"if","locations":[{"start":{"line":54,"column":12},"end":{"line":58,"column":13}},{"start":{},"end":{}}]},"6":{"loc":{"start":{"line":74,"column":12},"end":{"line":76,"column":13}},"type":"if","locations":[{"start":{"line":74,"column":12},"end":{"line":76,"column":13}},{"start":{},"end":{}}]}},"s":{"0":1,"1":1,"2":5,"3":5,"4":5,"5":5,"6":1,"7":1,"8":4,"9":0,"10":0,"11":4,"12":1,"13":3,"14":1,"15":2,"16":1,"17":1,"18":2,"19":2,"20":2,"21":1,"22":1,"23":1,"24":0,"25":2,"26":2,"27":2,"28":1,"29":1,"30":1,"31":0,"32":1},"f":{"0":5,"1":2,"2":2},"b":{"0":[1,4],"1":[0,4],"2":[4,4],"3":[1,2],"4":[1,1],"5":[1,1],"6":[1,1]}}
,"/home/padi/COS 301/Driving-Tracker/backend/src/controllers/contacts.controller.ts": {"path":"/home/padi/COS 301/Driving-Tracker/backend/src/controllers/contacts.controller.ts","statementMap":{"0":{"start":{"line":3,"column":0},"end":{"line":3,"column":65}},"1":{"start":{"line":7,"column":2},"end":{"line":7,"column":31}},"2":{"start":{"line":10,"column":28},"end":{"line":252,"column":2}},"3":{"start":{"line":15,"column":24},"end":{"line":15,"column":40}},"4":{"start":{"line":16,"column":8},"end":{"line":18,"column":9}},"5":{"start":{"line":17,"column":12},"end":{"line":17,"column":66}},"6":{"start":{"line":20,"column":30},"end":{"line":20,"column":44}},"7":{"start":{"line":23,"column":8},"end":{"line":28,"column":9}},"8":{"start":{"line":24,"column":12},"end":{"line":27,"column":15}},"9":{"start":{"line":30,"column":8},"end":{"line":63,"column":9}},"10":{"start":{"line":32,"column":27},"end":{"line":32,"column":93}},"11":{"start":{"line":33,"column":12},"end":{"line":38,"column":15}},"12":{"start":{"line":41,"column":12},"end":{"line":46,"column":13}},"13":{"start":{"line":42,"column":16},"end":{"line":45,"column":19}},"14":{"start":{"line":47,"column":12},"end":{"line":52,"column":13}},"15":{"start":{"line":48,"column":16},"end":{"line":51,"column":19}},"16":{"start":{"line":53,"column":12},"end":{"line":58,"column":13}},"17":{"start":{"line":54,"column":16},"end":{"line":57,"column":19}},"18":{"start":{"line":60,"column":12},"end":{"line":62,"column":15}},"19":{"start":{"line":72,"column":24},"end":{"line":72,"column":40}},"20":{"start":{"line":73,"column":8},"end":{"line":77,"column":9}},"21":{"start":{"line":74,"column":12},"end":{"line":76,"column":15}},"22":{"start":{"line":79,"column":8},"end":{"line":97,"column":9}},"23":{"start":{"line":81,"column":29},"end":{"line":81,"column":82}},"24":{"start":{"line":83,"column":12},"end":{"line":86,"column":15}},"25":{"start":{"line":88,"column":12},"end":{"line":93,"column":13}},"26":{"start":{"line":89,"column":16},"end":{"line":92,"column":19}},"27":{"start":{"line":94,"column":12},"end":{"line":96,"column":15}},"28":{"start":{"line":111,"column":24},"end":{"line":111,"column":40}},"29":{"start":{"line":112,"column":8},"end":{"line":116,"column":9}},"30":{"start":{"line":113,"column":12},"end":{"line":115,"column":15}},"31":{"start":{"line":118,"column":60},"end":{"line":118,"column":74}},"32":{"start":{"line":120,"column":8},"end":{"line":125,"column":9}},"33":{"start":{"line":121,"column":12},"end":{"line":124,"column":15}},"34":{"start":{"line":129,"column":8},"end":{"line":129,"column":88}},"35":{"start":{"line":129,"column":53},"end":{"line":129,"column":66}},"36":{"start":{"line":131,"column":8},"end":{"line":167,"column":9}},"37":{"start":{"line":132,"column":12},"end":{"line":138,"column":15}},"38":{"start":{"line":139,"column":12},"end":{"line":141,"column":15}},"39":{"start":{"line":143,"column":12},"end":{"line":148,"column":13}},"40":{"start":{"line":144,"column":16},"end":{"line":147,"column":19}},"41":{"start":{"line":150,"column":12},"end":{"line":155,"column":13}},"42":{"start":{"line":151,"column":16},"end":{"line":154,"column":19}},"43":{"start":{"line":157,"column":12},"end":{"line":162,"column":13}},"44":{"start":{"line":158,"column":16},"end":{"line":161,"column":19}},"45":{"start":{"line":164,"column":12},"end":{"line":166,"column":15}},"46":{"start":{"line":188,"column":24},"end":{"line":188,"column":40}},"47":{"start":{"line":189,"column":8},"end":{"line":193,"column":9}},"48":{"start":{"line":190,"column":12},"end":{"line":192,"column":15}},"49":{"start":{"line":194,"column":21},"end":{"line":194,"column":35}},"50":{"start":{"line":197,"column":24},"end":{"line":197,"column":130}},"51":{"start":{"line":198,"column":24},"end":{"line":198,"column":39}},"52":{"start":{"line":199,"column":29},"end":{"line":199,"column":45}},"53":{"start":{"line":202,"column":8},"end":{"line":202,"column":97}},"54":{"start":{"line":202,"column":62},"end":{"line":202,"column":75}},"55":{"start":{"line":204,"column":8},"end":{"line":209,"column":9}},"56":{"start":{"line":205,"column":12},"end":{"line":208,"column":15}},"57":{"start":{"line":211,"column":8},"end":{"line":216,"column":9}},"58":{"start":{"line":212,"column":12},"end":{"line":215,"column":15}},"59":{"start":{"line":219,"column":8},"end":{"line":250,"column":9}},"60":{"start":{"line":220,"column":27},"end":{"line":224,"column":14}},"61":{"start":{"line":226,"column":12},"end":{"line":233,"column":15}},"62":{"start":{"line":235,"column":12},"end":{"line":240,"column":13}},"63":{"start":{"line":236,"column":16},"end":{"line":239,"column":19}},"64":{"start":{"line":242,"column":12},"end":{"line":247,"column":13}},"65":{"start":{"line":243,"column":16},"end":{"line":246,"column":19}},"66":{"start":{"line":249,"column":12},"end":{"line":249,"column":76}},"67":{"start":{"line":253,"column":0},"end":{"line":253,"column":35}}},"fnMap":{"0":{"name":"get_user_id","decl":{"start":{"line":6,"column":9},"end":{"line":6,"column":20}},"loc":{"start":{"line":6,"column":37},"end":{"line":8,"column":1}}},"1":{"name":"(anonymous_1)","decl":{"start":{"line":14,"column":4},"end":{"line":14,"column":9}},"loc":{"start":{"line":14,"column":56},"end":{"line":64,"column":5}}},"2":{"name":"(anonymous_2)","decl":{"start":{"line":71,"column":4},"end":{"line":71,"column":9}},"loc":{"start":{"line":71,"column":54},"end":{"line":98,"column":5}}},"3":{"name":"(anonymous_3)","decl":{"start":{"line":110,"column":4},"end":{"line":110,"column":9}},"loc":{"start":{"line":110,"column":56},"end":{"line":168,"column":5}}},"4":{"name":"(anonymous_4)","decl":{"start":{"line":129,"column":46},"end":{"line":129,"column":47}},"loc":{"start":{"line":129,"column":53},"end":{"line":129,"column":66}}},"5":{"name":"(anonymous_5)","decl":{"start":{"line":187,"column":4},"end":{"line":187,"column":9}},"loc":{"start":{"line":187,"column":56},"end":{"line":251,"column":5}}},"6":{"name":"(anonymous_6)","decl":{"start":{"line":202,"column":55},"end":{"line":202,"column":56}},"loc":{"start":{"line":202,"column":62},"end":{"line":202,"column":75}}}},"branchMap":{"0":{"loc":{"start":{"line":7,"column":9},"end":{"line":7,"column":30}},"type":"binary-expr","locations":[{"start":{"line":7,"column":9},"end":{"line":7,"column":22}},{"start":{"line":7,"column":26},"end":{"line":7,"column":30}}]},"1":{"loc":{"start":{"line":16,"column":8},"end":{"line":18,"column":9}},"type":"if","locations":[{"start":{"line":16,"column":8},"end":{"line":18,"column":9}},{"start":{},"end":{}}]},"2":{"loc":{"start":{"line":20,"column":30},"end":{"line":20,"column":44}},"type":"binary-expr","locations":[{"start":{"line":20,"column":30},"end":{"line":20,"column":38}},{"start":{"line":20,"column":42},"end":{"line":20,"column":44}}]},"3":{"loc":{"start":{"line":23,"column":8},"end":{"line":28,"column":9}},"type":"if","locations":[{"start":{"line":23,"column":8},"end":{"line":28,"column":9}},{"start":{},"end":{}}]},"4":{"loc":{"start":{"line":23,"column":11},"end":{"line":23,"column":56}},"type":"binary-expr","locations":[{"start":{"line":23,"column":11},"end":{"line":23,"column":22}},{"start":{"line":23,"column":26},"end":{"line":23,"column":56}}]},"5":{"loc":{"start":{"line":41,"column":12},"end":{"line":46,"column":13}},"type":"if","locations":[{"start":{"line":41,"column":12},"end":{"line":46,"column":13}},{"start":{},"end":{}}]},"6":{"loc":{"start":{"line":47,"column":12},"end":{"line":52,"column":13}},"type":"if","locations":[{"start":{"line":47,"column":12},"end":{"line":52,"column":13}},{"start":{},"end":{}}]},"7":{"loc":{"start":{"line":53,"column":12},"end":{"line":58,"column":13}},"type":"if","locations":[{"start":{"line":53,"column":12},"end":{"line":58,"column":13}},{"start":{},"end":{}}]},"8":{"loc":{"start":{"line":73,"column":8},"end":{"line":77,"column":9}},"type":"if","locations":[{"start":{"line":73,"column":8},"end":{"line":77,"column":9}},{"start":{},"end":{}}]},"9":{"loc":{"start":{"line":88,"column":12},"end":{"line":93,"column":13}},"type":"if","locations":[{"start":{"line":88,"column":12},"end":{"line":93,"column":13}},{"start":{},"end":{}}]},"10":{"loc":{"start":{"line":112,"column":8},"end":{"line":116,"column":9}},"type":"if","locations":[{"start":{"line":112,"column":8},"end":{"line":116,"column":9}},{"start":{},"end":{}}]},"11":{"loc":{"start":{"line":118,"column":60},"end":{"line":118,"column":74}},"type":"binary-expr","locations":[{"start":{"line":118,"column":60},"end":{"line":118,"column":68}},{"start":{"line":118,"column":72},"end":{"line":118,"column":74}}]},"12":{"loc":{"start":{"line":120,"column":8},"end":{"line":125,"column":9}},"type":"if","locations":[{"start":{"line":120,"column":8},"end":{"line":125,"column":9}},{"start":{},"end":{}}]},"13":{"loc":{"start":{"line":120,"column":12},"end":{"line":120,"column":102}},"type":"binary-expr","locations":[{"start":{"line":120,"column":12},"end":{"line":120,"column":23}},{"start":{"line":120,"column":27},"end":{"line":120,"column":57}},{"start":{"line":120,"column":61},"end":{"line":120,"column":70}},{"start":{"line":120,"column":74},"end":{"line":120,"column":102}}]},"14":{"loc":{"start":{"line":129,"column":8},"end":{"line":129,"column":88}},"type":"cond-expr","locations":[{"start":{"line":129,"column":33},"end":{"line":129,"column":83}},{"start":{"line":129,"column":86},"end":{"line":129,"column":88}}]},"15":{"loc":{"start":{"line":136,"column":25},"end":{"line":136,"column":69}},"type":"cond-expr","locations":[{"start":{"line":136,"column":55},"end":{"line":136,"column":62}},{"start":{"line":136,"column":65},"end":{"line":136,"column":69}}]},"16":{"loc":{"start":{"line":143,"column":12},"end":{"line":148,"column":13}},"type":"if","locations":[{"start":{"line":143,"column":12},"end":{"line":148,"column":13}},{"start":{},"end":{}}]},"17":{"loc":{"start":{"line":150,"column":12},"end":{"line":155,"column":13}},"type":"if","locations":[{"start":{"line":150,"column":12},"end":{"line":155,"column":13}},{"start":{},"end":{}}]},"18":{"loc":{"start":{"line":157,"column":12},"end":{"line":162,"column":13}},"type":"if","locations":[{"start":{"line":157,"column":12},"end":{"line":162,"column":13}},{"start":{},"end":{}}]},"19":{"loc":{"start":{"line":189,"column":8},"end":{"line":193,"column":9}},"type":"if","locations":[{"start":{"line":189,"column":8},"end":{"line":193,"column":9}},{"start":{},"end":{}}]},"20":{"loc":{"start":{"line":194,"column":21},"end":{"line":194,"column":35}},"type":"binary-expr","locations":[{"start":{"line":194,"column":21},"end":{"line":194,"column":29}},{"start":{"line":194,"column":33},"end":{"line":194,"column":35}}]},"21":{"loc":{"start":{"line":197,"column":24},"end":{"line":197,"column":130}},"type":"cond-expr","locations":[{"start":{"line":197,"column":110},"end":{"line":197,"column":123}},{"start":{"line":197,"column":126},"end":{"line":197,"column":130}}]},"22":{"loc":{"start":{"line":197,"column":24},"end":{"line":197,"column":107}},"type":"binary-expr","locations":[{"start":{"line":197,"column":24},"end":{"line":197,"column":37}},{"start":{"line":197,"column":41},"end":{"line":197,"column":74}},{"start":{"line":197,"column":78},"end":{"line":197,"column":107}}]},"23":{"loc":{"start":{"line":202,"column":8},"end":{"line":202,"column":97}},"type":"cond-expr","locations":[{"start":{"line":202,"column":38},"end":{"line":202,"column":92}},{"start":{"line":202,"column":95},"end":{"line":202,"column":97}}]},"24":{"loc":{"start":{"line":204,"column":8},"end":{"line":209,"column":9}},"type":"if","locations":[{"start":{"line":204,"column":8},"end":{"line":209,"column":9}},{"start":{},"end":{}}]},"25":{"loc":{"start":{"line":211,"column":8},"end":{"line":216,"column":9}},"type":"if","locations":[{"start":{"line":211,"column":8},"end":{"line":216,"column":9}},{"start":{},"end":{}}]},"26":{"loc":{"start":{"line":211,"column":11},"end":{"line":211,"column":50}},"type":"binary-expr","locations":[{"start":{"line":211,"column":11},"end":{"line":211,"column":19}},{"start":{"line":211,"column":23},"end":{"line":211,"column":50}}]},"27":{"loc":{"start":{"line":235,"column":12},"end":{"line":240,"column":13}},"type":"if","locations":[{"start":{"line":235,"column":12},"end":{"line":240,"column":13}},{"start":{},"end":{}}]},"28":{"loc":{"start":{"line":242,"column":12},"end":{"line":247,"column":13}},"type":"if","locations":[{"start":{"line":242,"column":12},"end":{"line":247,"column":13}},{"start":{},"end":{}}]}},"s":{"0":1,"1":16,"2":1,"3":5,"4":5,"5":1,"6":4,"7":4,"8":1,"9":3,"10":3,"11":1,"12":2,"13":1,"14":1,"15":0,"16":1,"17":1,"18":0,"19":3,"20":3,"21":1,"22":2,"23":2,"24":1,"25":1,"26":1,"27":0,"28":4,"29":4,"30":1,"31":3,"32":3,"33":1,"34":2,"35":2,"36":2,"37":2,"38":1,"39":1,"40":0,"41":1,"42":1,"43":0,"44":0,"45":0,"46":4,"47":4,"48":1,"49":3,"50":3,"51":3,"52":3,"53":3,"54":2,"55":3,"56":1,"57":2,"58":0,"59":2,"60":2,"61":1,"62":1,"63":1,"64":0,"65":0,"66":0,"67":1},"f":{"0":16,"1":5,"2":3,"3":4,"4":2,"5":4,"6":2},"b":{"0":[16,4],"1":[1,4],"2":[4,0],"3":[1,3],"4":[4,4],"5":[1,1],"6":[0,1],"7":[1,0],"8":[1,2],"9":[1,0],"10":[1,3],"11":[3,0],"12":[1,2],"13":[3,3,2,2],"14":[2,0],"15":[0,2],"16":[0,1],"17":[1,0],"18":[0,0],"19":[1,3],"20":[3,0],"21":[0,3],"22":[3,3,3],"23":[3,0],"24":[1,2],"25":[0,2],"26":[2,2],"27":[1,0],"28":[0,0]}}
,"/home/padi/COS 301/Driving-Tracker/backend/src/controllers/leaderboard.controller.ts": {"path":"/home/padi/COS 301/Driving-Tracker/backend/src/controllers/leaderboard.controller.ts","statementMap":{"0":{"start":{"line":3,"column":0},"end":{"line":3,"column":72}},"1":{"start":{"line":6,"column":2},"end":{"line":6,"column":31}},"2":{"start":{"line":9,"column":31},"end":{"line":31,"column":2}},"3":{"start":{"line":12,"column":4},"end":{"line":29,"column":5}},"4":{"start":{"line":13,"column":22},"end":{"line":13,"column":38}},"5":{"start":{"line":14,"column":6},"end":{"line":16,"column":7}},"6":{"start":{"line":15,"column":8},"end":{"line":15,"column":63}},"7":{"start":{"line":18,"column":34},"end":{"line":18,"column":49}},"8":{"start":{"line":20,"column":6},"end":{"line":22,"column":7}},"9":{"start":{"line":21,"column":8},"end":{"line":21,"column":117}},"10":{"start":{"line":24,"column":21},"end":{"line":24,"column":93}},"11":{"start":{"line":26,"column":6},"end":{"line":26,"column":42}},"12":{"start":{"line":28,"column":6},"end":{"line":28,"column":113}},"13":{"start":{"line":33,"column":0},"end":{"line":33,"column":38}}},"fnMap":{"0":{"name":"get_user_id","decl":{"start":{"line":5,"column":9},"end":{"line":5,"column":20}},"loc":{"start":{"line":5,"column":37},"end":{"line":7,"column":1}}},"1":{"name":"(anonymous_1)","decl":{"start":{"line":11,"column":2},"end":{"line":11,"column":7}},"loc":{"start":{"line":11,"column":55},"end":{"line":30,"column":3}}}},"branchMap":{"0":{"loc":{"start":{"line":6,"column":9},"end":{"line":6,"column":30}},"type":"binary-expr","locations":[{"start":{"line":6,"column":9},"end":{"line":6,"column":22}},{"start":{"line":6,"column":26},"end":{"line":6,"column":30}}]},"1":{"loc":{"start":{"line":14,"column":6},"end":{"line":16,"column":7}},"type":"if","locations":[{"start":{"line":14,"column":6},"end":{"line":16,"column":7}},{"start":{},"end":{}}]},"2":{"loc":{"start":{"line":18,"column":34},"end":{"line":18,"column":49}},"type":"binary-expr","locations":[{"start":{"line":18,"column":34},"end":{"line":18,"column":43}},{"start":{"line":18,"column":47},"end":{"line":18,"column":49}}]},"3":{"loc":{"start":{"line":20,"column":6},"end":{"line":22,"column":7}},"type":"if","locations":[{"start":{"line":20,"column":6},"end":{"line":22,"column":7}},{"start":{},"end":{}}]},"4":{"loc":{"start":{"line":20,"column":10},"end":{"line":20,"column":90}},"type":"binary-expr","locations":[{"start":{"line":20,"column":10},"end":{"line":20,"column":19}},{"start":{"line":20,"column":23},"end":{"line":20,"column":51}},{"start":{"line":20,"column":55},"end":{"line":20,"column":61}},{"start":{"line":20,"column":65},"end":{"line":20,"column":90}}]}},"s":{"0":1,"1":6,"2":1,"3":6,"4":6,"5":6,"6":0,"7":6,"8":6,"9":3,"10":3,"11":3,"12":0,"13":1},"f":{"0":6,"1":6},"b":{"0":[6,0],"1":[0,6],"2":[6,0],"3":[3,3],"4":[6,5,4,3]}}
,"/home/padi/COS 301/Driving-Tracker/backend/src/controllers/trips.controller.ts": {"path":"/home/padi/COS 301/Driving-Tracker/backend/src/controllers/trips.controller.ts","statementMap":{"0":{"start":{"line":3,"column":0},"end":{"line":3,"column":60}},"1":{"start":{"line":8,"column":26},"end":{"line":47,"column":1}},"2":{"start":{"line":9,"column":4},"end":{"line":46,"column":5}},"3":{"start":{"line":10,"column":24},"end":{"line":10,"column":37}},"4":{"start":{"line":11,"column":8},"end":{"line":14,"column":9}},"5":{"start":{"line":12,"column":12},"end":{"line":12,"column":60}},"6":{"start":{"line":13,"column":12},"end":{"line":13,"column":20}},"7":{"start":{"line":15,"column":70},"end":{"line":15,"column":78}},"8":{"start":{"line":18,"column":25},"end":{"line":24,"column":10}},"9":{"start":{"line":26,"column":8},"end":{"line":29,"column":11}},"10":{"start":{"line":31,"column":8},"end":{"line":35,"column":9}},"11":{"start":{"line":32,"column":12},"end":{"line":34,"column":15}},"12":{"start":{"line":36,"column":8},"end":{"line":40,"column":9}},"13":{"start":{"line":37,"column":12},"end":{"line":39,"column":15}},"14":{"start":{"line":41,"column":8},"end":{"line":45,"column":9}},"15":{"start":{"line":42,"column":12},"end":{"line":44,"column":15}},"16":{"start":{"line":8,"column":13},"end":{"line":8,"column":26}},"17":{"start":{"line":49,"column":24},"end":{"line":93,"column":1}},"18":{"start":{"line":50,"column":4},"end":{"line":92,"column":5}},"19":{"start":{"line":51,"column":28},"end":{"line":51,"column":38}},"20":{"start":{"line":52,"column":24},"end":{"line":52,"column":37}},"21":{"start":{"line":53,"column":139},"end":{"line":53,"column":147}},"22":{"start":{"line":55,"column":8},"end":{"line":60,"column":9}},"23":{"start":{"line":56,"column":12},"end":{"line":58,"column":15}},"24":{"start":{"line":59,"column":12},"end":{"line":59,"column":19}},"25":{"start":{"line":61,"column":33},"end":{"line":73,"column":10}},"26":{"start":{"line":75,"column":8},"end":{"line":78,"column":11}},"27":{"start":{"line":80,"column":8},"end":{"line":91,"column":9}},"28":{"start":{"line":81,"column":12},"end":{"line":81,"column":62}},"29":{"start":{"line":82,"column":15},"end":{"line":91,"column":9}},"30":{"start":{"line":83,"column":12},"end":{"line":85,"column":15}},"31":{"start":{"line":86,"column":14},"end":{"line":91,"column":9}},"32":{"start":{"line":87,"column":12},"end":{"line":87,"column":72}},"33":{"start":{"line":90,"column":12},"end":{"line":90,"column":69}},"34":{"start":{"line":49,"column":13},"end":{"line":49,"column":24}},"35":{"start":{"line":95,"column":27},"end":{"line":154,"column":1}},"36":{"start":{"line":96,"column":4},"end":{"line":153,"column":5}},"37":{"start":{"line":97,"column":24},"end":{"line":97,"column":37}},"38":{"start":{"line":112,"column":15},"end":{"line":112,"column":23}},"39":{"start":{"line":113,"column":12},"end":{"line":118,"column":13}},"40":{"start":{"line":114,"column":16},"end":{"line":116,"column":19}},"41":{"start":{"line":117,"column":16},"end":{"line":117,"column":23}},"42":{"start":{"line":120,"column":36},"end":{"line":136,"column":10}},"43":{"start":{"line":137,"column":8},"end":{"line":139,"column":11}},"44":{"start":{"line":142,"column":8},"end":{"line":152,"column":9}},"45":{"start":{"line":143,"column":12},"end":{"line":145,"column":15}},"46":{"start":{"line":146,"column":14},"end":{"line":152,"column":9}},"47":{"start":{"line":147,"column":12},"end":{"line":149,"column":15}},"48":{"start":{"line":150,"column":14},"end":{"line":152,"column":9}},"49":{"start":{"line":151,"column":12},"end":{"line":151,"column":57}},"50":{"start":{"line":95,"column":13},"end":{"line":95,"column":27}},"51":{"start":{"line":156,"column":27},"end":{"line":197,"column":1}},"52":{"start":{"line":157,"column":4},"end":{"line":196,"column":5}},"53":{"start":{"line":158,"column":24},"end":{"line":158,"column":37}},"54":{"start":{"line":159,"column":47},"end":{"line":159,"column":55}},"55":{"start":{"line":160,"column":8},"end":{"line":166,"column":9}},"56":{"start":{"line":161,"column":12},"end":{"line":164,"column":15}},"57":{"start":{"line":165,"column":12},"end":{"line":165,"column":19}},"58":{"start":{"line":167,"column":32},"end":{"line":172,"column":10}},"59":{"start":{"line":173,"column":9},"end":{"line":176,"column":11}},"60":{"start":{"line":178,"column":8},"end":{"line":194,"column":9}},"61":{"start":{"line":179,"column":12},"end":{"line":181,"column":15}},"62":{"start":{"line":182,"column":15},"end":{"line":194,"column":9}},"63":{"start":{"line":183,"column":12},"end":{"line":185,"column":15}},"64":{"start":{"line":186,"column":15},"end":{"line":194,"column":9}},"65":{"start":{"line":187,"column":12},"end":{"line":189,"column":15}},"66":{"start":{"line":191,"column":12},"end":{"line":193,"column":15}},"67":{"start":{"line":156,"column":13},"end":{"line":156,"column":27}},"68":{"start":{"line":198,"column":32},"end":{"line":231,"column":1}},"69":{"start":{"line":199,"column":4},"end":{"line":230,"column":5}},"70":{"start":{"line":200,"column":28},"end":{"line":200,"column":38}},"71":{"start":{"line":201,"column":24},"end":{"line":201,"column":37}},"72":{"start":{"line":203,"column":8},"end":{"line":209,"column":9}},"73":{"start":{"line":204,"column":12},"end":{"line":207,"column":15}},"74":{"start":{"line":208,"column":12},"end":{"line":208,"column":19}},"75":{"start":{"line":211,"column":24},"end":{"line":211,"column":78}},"76":{"start":{"line":212,"column":8},"end":{"line":212,"column":38}},"77":{"start":{"line":215,"column":8},"end":{"line":229,"column":9}},"78":{"start":{"line":216,"column":12},"end":{"line":219,"column":15}},"79":{"start":{"line":220,"column":15},"end":{"line":229,"column":9}},"80":{"start":{"line":221,"column":12},"end":{"line":224,"column":19}},"81":{"start":{"line":226,"column":12},"end":{"line":228,"column":15}},"82":{"start":{"line":198,"column":13},"end":{"line":198,"column":32}},"83":{"start":{"line":232,"column":25},"end":{"line":277,"column":1}},"84":{"start":{"line":233,"column":4},"end":{"line":276,"column":5}},"85":{"start":{"line":234,"column":28},"end":{"line":234,"column":38}},"86":{"start":{"line":235,"column":24},"end":{"line":235,"column":37}},"87":{"start":{"line":236,"column":77},"end":{"line":236,"column":85}},"88":{"start":{"line":238,"column":8},"end":{"line":243,"column":9}},"89":{"start":{"line":239,"column":12},"end":{"line":241,"column":15}},"90":{"start":{"line":242,"column":12},"end":{"line":242,"column":19}},"91":{"start":{"line":245,"column":23},"end":{"line":253,"column":10}},"92":{"start":{"line":255,"column":8},"end":{"line":255,"column":37}},"93":{"start":{"line":257,"column":8},"end":{"line":275,"column":9}},"94":{"start":{"line":258,"column":12},"end":{"line":261,"column":15}},"95":{"start":{"line":262,"column":15},"end":{"line":275,"column":9}},"96":{"start":{"line":263,"column":12},"end":{"line":266,"column":15}},"97":{"start":{"line":267,"column":15},"end":{"line":275,"column":9}},"98":{"start":{"line":268,"column":12},"end":{"line":270,"column":15}},"99":{"start":{"line":272,"column":12},"end":{"line":274,"column":15}},"100":{"start":{"line":232,"column":13},"end":{"line":232,"column":25}}},"fnMap":{"0":{"name":"(anonymous_0)","decl":{"start":{"line":8,"column":26},"end":{"line":8,"column":31}},"loc":{"start":{"line":8,"column":68},"end":{"line":47,"column":1}}},"1":{"name":"(anonymous_1)","decl":{"start":{"line":49,"column":24},"end":{"line":49,"column":29}},"loc":{"start":{"line":49,"column":64},"end":{"line":93,"column":1}}},"2":{"name":"(anonymous_2)","decl":{"start":{"line":95,"column":27},"end":{"line":95,"column":32}},"loc":{"start":{"line":95,"column":67},"end":{"line":154,"column":1}}},"3":{"name":"(anonymous_3)","decl":{"start":{"line":156,"column":27},"end":{"line":156,"column":32}},"loc":{"start":{"line":156,"column":66},"end":{"line":197,"column":1}}},"4":{"name":"(anonymous_4)","decl":{"start":{"line":198,"column":32},"end":{"line":198,"column":37}},"loc":{"start":{"line":198,"column":74},"end":{"line":231,"column":1}}},"5":{"name":"(anonymous_5)","decl":{"start":{"line":232,"column":25},"end":{"line":232,"column":30}},"loc":{"start":{"line":232,"column":67},"end":{"line":277,"column":1}}}},"branchMap":{"0":{"loc":{"start":{"line":11,"column":8},"end":{"line":14,"column":9}},"type":"if","locations":[{"start":{"line":11,"column":8},"end":{"line":14,"column":9}},{"start":{},"end":{}}]},"1":{"loc":{"start":{"line":31,"column":8},"end":{"line":35,"column":9}},"type":"if","locations":[{"start":{"line":31,"column":8},"end":{"line":35,"column":9}},{"start":{},"end":{}}]},"2":{"loc":{"start":{"line":36,"column":8},"end":{"line":40,"column":9}},"type":"if","locations":[{"start":{"line":36,"column":8},"end":{"line":40,"column":9}},{"start":{},"end":{}}]},"3":{"loc":{"start":{"line":41,"column":8},"end":{"line":45,"column":9}},"type":"if","locations":[{"start":{"line":41,"column":8},"end":{"line":45,"column":9}},{"start":{},"end":{}}]},"4":{"loc":{"start":{"line":55,"column":8},"end":{"line":60,"column":9}},"type":"if","locations":[{"start":{"line":55,"column":8},"end":{"line":60,"column":9}},{"start":{},"end":{}}]},"5":{"loc":{"start":{"line":80,"column":8},"end":{"line":91,"column":9}},"type":"if","locations":[{"start":{"line":80,"column":8},"end":{"line":91,"column":9}},{"start":{"line":82,"column":15},"end":{"line":91,"column":9}}]},"6":{"loc":{"start":{"line":82,"column":15},"end":{"line":91,"column":9}},"type":"if","locations":[{"start":{"line":82,"column":15},"end":{"line":91,"column":9}},{"start":{"line":86,"column":14},"end":{"line":91,"column":9}}]},"7":{"loc":{"start":{"line":86,"column":14},"end":{"line":91,"column":9}},"type":"if","locations":[{"start":{"line":86,"column":14},"end":{"line":91,"column":9}},{"start":{"line":89,"column":12},"end":{"line":91,"column":9}}]},"8":{"loc":{"start":{"line":113,"column":12},"end":{"line":118,"column":13}},"type":"if","locations":[{"start":{"line":113,"column":12},"end":{"line":118,"column":13}},{"start":{},"end":{}}]},"9":{"loc":{"start":{"line":142,"column":8},"end":{"line":152,"column":9}},"type":"if","locations":[{"start":{"line":142,"column":8},"end":{"line":152,"column":9}},{"start":{"line":146,"column":14},"end":{"line":152,"column":9}}]},"10":{"loc":{"start":{"line":146,"column":14},"end":{"line":152,"column":9}},"type":"if","locations":[{"start":{"line":146,"column":14},"end":{"line":152,"column":9}},{"start":{"line":150,"column":14},"end":{"line":152,"column":9}}]},"11":{"loc":{"start":{"line":150,"column":14},"end":{"line":152,"column":9}},"type":"if","locations":[{"start":{"line":150,"column":14},"end":{"line":152,"column":9}},{"start":{},"end":{}}]},"12":{"loc":{"start":{"line":160,"column":8},"end":{"line":166,"column":9}},"type":"if","locations":[{"start":{"line":160,"column":8},"end":{"line":166,"column":9}},{"start":{},"end":{}}]},"13":{"loc":{"start":{"line":170,"column":22},"end":{"line":170,"column":61}},"type":"cond-expr","locations":[{"start":{"line":170,"column":32},"end":{"line":170,"column":50}},{"start":{"line":170,"column":52},"end":{"line":170,"column":61}}]},"14":{"loc":{"start":{"line":178,"column":8},"end":{"line":194,"column":9}},"type":"if","locations":[{"start":{"line":178,"column":8},"end":{"line":194,"column":9}},{"start":{"line":182,"column":15},"end":{"line":194,"column":9}}]},"15":{"loc":{"start":{"line":182,"column":15},"end":{"line":194,"column":9}},"type":"if","locations":[{"start":{"line":182,"column":15},"end":{"line":194,"column":9}},{"start":{"line":186,"column":15},"end":{"line":194,"column":9}}]},"16":{"loc":{"start":{"line":186,"column":15},"end":{"line":194,"column":9}},"type":"if","locations":[{"start":{"line":186,"column":15},"end":{"line":194,"column":9}},{"start":{"line":190,"column":15},"end":{"line":194,"column":9}}]},"17":{"loc":{"start":{"line":203,"column":8},"end":{"line":209,"column":9}},"type":"if","locations":[{"start":{"line":203,"column":8},"end":{"line":209,"column":9}},{"start":{},"end":{}}]},"18":{"loc":{"start":{"line":215,"column":8},"end":{"line":229,"column":9}},"type":"if","locations":[{"start":{"line":215,"column":8},"end":{"line":229,"column":9}},{"start":{"line":220,"column":15},"end":{"line":229,"column":9}}]},"19":{"loc":{"start":{"line":220,"column":15},"end":{"line":229,"column":9}},"type":"if","locations":[{"start":{"line":220,"column":15},"end":{"line":229,"column":9}},{"start":{"line":225,"column":14},"end":{"line":229,"column":9}}]},"20":{"loc":{"start":{"line":238,"column":8},"end":{"line":243,"column":9}},"type":"if","locations":[{"start":{"line":238,"column":8},"end":{"line":243,"column":9}},{"start":{},"end":{}}]},"21":{"loc":{"start":{"line":257,"column":8},"end":{"line":275,"column":9}},"type":"if","locations":[{"start":{"line":257,"column":8},"end":{"line":275,"column":9}},{"start":{"line":262,"column":15},"end":{"line":275,"column":9}}]},"22":{"loc":{"start":{"line":262,"column":15},"end":{"line":275,"column":9}},"type":"if","locations":[{"start":{"line":262,"column":15},"end":{"line":275,"column":9}},{"start":{"line":267,"column":15},"end":{"line":275,"column":9}}]},"23":{"loc":{"start":{"line":267,"column":15},"end":{"line":275,"column":9}},"type":"if","locations":[{"start":{"line":267,"column":15},"end":{"line":275,"column":9}},{"start":{"line":271,"column":15},"end":{"line":275,"column":9}}]}},"s":{"0":1,"1":1,"2":3,"3":3,"4":3,"5":1,"6":1,"7":2,"8":2,"9":1,"10":1,"11":0,"12":1,"13":0,"14":1,"15":1,"16":1,"17":1,"18":3,"19":3,"20":3,"21":3,"22":3,"23":0,"24":0,"25":3,"26":1,"27":2,"28":1,"29":1,"30":0,"31":1,"32":1,"33":0,"34":1,"35":1,"36":2,"37":2,"38":2,"39":2,"40":0,"41":0,"42":2,"43":1,"44":1,"45":0,"46":1,"47":1,"48":0,"49":0,"50":1,"51":1,"52":2,"53":2,"54":2,"55":2,"56":0,"57":0,"58":2,"59":1,"60":1,"61":0,"62":1,"63":0,"64":1,"65":1,"66":0,"67":1,"68":1,"69":2,"70":2,"71":2,"72":2,"73":0,"74":0,"75":2,"76":1,"77":1,"78":0,"79":1,"80":1,"81":0,"82":1,"83":1,"84":2,"85":2,"86":2,"87":2,"88":2,"89":0,"90":0,"91":2,"92":1,"93":1,"94":0,"95":1,"96":0,"97":1,"98":1,"99":0,"100":1},"f":{"0":3,"1":3,"2":2,"3":2,"4":2,"5":2},"b":{"0":[1,2],"1":[0,1],"2":[0,1],"3":[1,0],"4":[0,3],"5":[1,1],"6":[0,1],"7":[1,0],"8":[0,2],"9":[0,1],"10":[1,0],"11":[0,0],"12":[0,2],"13":[1,1],"14":[0,1],"15":[0,1],"16":[1,0],"17":[0,2],"18":[0,1],"19":[1,0],"20":[0,2],"21":[0,1],"22":[0,1],"23":[1,0]}}
,"/home/padi/COS 301/Driving-Tracker/backend/src/db/prisma.ts": {"path":"/home/padi/COS 301/Driving-Tracker/backend/src/db/prisma.ts","statementMap":{"0":{"start":{"line":1,"column":0},"end":{"line":1,"column":46}},"1":{"start":{"line":2,"column":0},"end":{"line":2,"column":46}},"2":{"start":{"line":3,"column":0},"end":{"line":3,"column":26}},"3":{"start":{"line":5,"column":20},"end":{"line":5,"column":44}},"4":{"start":{"line":6,"column":0},"end":{"line":8,"column":1}},"5":{"start":{"line":7,"column":1},"end":{"line":7,"column":44}},"6":{"start":{"line":10,"column":13},"end":{"line":10,"column":56}},"7":{"start":{"line":11,"column":16},"end":{"line":11,"column":34}},"8":{"start":{"line":13,"column":15},"end":{"line":13,"column":44}},"9":{"start":{"line":15,"column":0},"end":{"line":15,"column":22}}},"fnMap":{},"branchMap":{"0":{"loc":{"start":{"line":6,"column":0},"end":{"line":8,"column":1}},"type":"if","locations":[{"start":{"line":6,"column":0},"end":{"line":8,"column":1}},{"start":{},"end":{}}]}},"s":{"0":5,"1":5,"2":5,"3":5,"4":5,"5":0,"6":5,"7":5,"8":5,"9":5},"f":{},"b":{"0":[0,5]}}
,"/home/padi/COS 301/Driving-Tracker/backend/src/services/auth_services.ts": {"path":"/home/padi/COS 301/Driving-Tracker/backend/src/services/auth_services.ts","statementMap":{"0":{"start":{"line":1,"column":0},"end":{"line":1,"column":34}},"1":{"start":{"line":2,"column":0},"end":{"line":2,"column":28}},"2":{"start":{"line":3,"column":0},"end":{"line":3,"column":76}},"3":{"start":{"line":4,"column":0},"end":{"line":4,"column":22}},"4":{"start":{"line":5,"column":0},"end":{"line":5,"column":80}},"5":{"start":{"line":7,"column":0},"end":{"line":7,"column":31}},"6":{"start":{"line":8,"column":0},"end":{"line":8,"column":39}},"7":{"start":{"line":10,"column":21},"end":{"line":10,"column":52}},"8":{"start":{"line":12,"column":19},"end":{"line":12,"column":51}},"9":{"start":{"line":14,"column":22},"end":{"line":17,"column":79}},"10":{"start":{"line":19,"column":22},"end":{"line":19,"column":131}},"11":{"start":{"line":21,"column":18},"end":{"line":21,"column":135}},"12":{"start":{"line":23,"column":19},"end":{"line":23,"column":111}},"13":{"start":{"line":25,"column":19},"end":{"line":39,"column":43}},"14":{"start":{"line":26,"column":2},"end":{"line":26,"column":42}},"15":{"start":{"line":26,"column":31},"end":{"line":26,"column":42}},"16":{"start":{"line":28,"column":2},"end":{"line":28,"column":75}},"17":{"start":{"line":28,"column":39},"end":{"line":28,"column":75}},"18":{"start":{"line":30,"column":2},"end":{"line":33,"column":3}},"19":{"start":{"line":31,"column":20},"end":{"line":31,"column":46}},"20":{"start":{"line":32,"column":4},"end":{"line":32,"column":41}},"21":{"start":{"line":35,"column":2},"end":{"line":35,"column":13}},"22":{"start":{"line":37,"column":12},"end":{"line":37,"column":23}},"23":{"start":{"line":37,"column":25},"end":{"line":37,"column":59}},"24":{"start":{"line":38,"column":2},"end":{"line":38,"column":25}},"25":{"start":{"line":42,"column":4},"end":{"line":42,"column":41}},"26":{"start":{"line":46,"column":4},"end":{"line":46,"column":47}},"27":{"start":{"line":50,"column":15},"end":{"line":53,"column":17}},"28":{"start":{"line":55,"column":19},"end":{"line":55,"column":60}},"29":{"start":{"line":56,"column":21},"end":{"line":56,"column":39}},"30":{"start":{"line":58,"column":4},"end":{"line":58,"column":20}},"31":{"start":{"line":61,"column":13},"end":{"line":242,"column":2}},"32":{"start":{"line":66,"column":8},"end":{"line":66,"column":113}},"33":{"start":{"line":66,"column":28},"end":{"line":66,"column":113}},"34":{"start":{"line":68,"column":30},"end":{"line":68,"column":65}},"35":{"start":{"line":70,"column":8},"end":{"line":72,"column":9}},"36":{"start":{"line":71,"column":12},"end":{"line":71,"column":95}},"37":{"start":{"line":74,"column":26},"end":{"line":74,"column":53}},"38":{"start":{"line":76,"column":8},"end":{"line":78,"column":9}},"39":{"start":{"line":77,"column":12},"end":{"line":77,"column":87}},"40":{"start":{"line":80,"column":29},"end":{"line":80,"column":59}},"41":{"start":{"line":82,"column":8},"end":{"line":84,"column":9}},"42":{"start":{"line":83,"column":12},"end":{"line":83,"column":null}},"43":{"start":{"line":86,"column":27},"end":{"line":86,"column":63}},"44":{"start":{"line":88,"column":8},"end":{"line":90,"column":9}},"45":{"start":{"line":89,"column":12},"end":{"line":89,"column":null}},"46":{"start":{"line":92,"column":27},"end":{"line":92,"column":48}},"47":{"start":{"line":94,"column":8},"end":{"line":96,"column":9}},"48":{"start":{"line":95,"column":12},"end":{"line":95,"column":null}},"49":{"start":{"line":98,"column":25},"end":{"line":98,"column":50}},"50":{"start":{"line":100,"column":8},"end":{"line":102,"column":9}},"51":{"start":{"line":101,"column":12},"end":{"line":101,"column":null}},"52":{"start":{"line":104,"column":23},"end":{"line":104,"column":38}},"53":{"start":{"line":107,"column":28},"end":{"line":109,"column":10}},"54":{"start":{"line":111,"column":8},"end":{"line":117,"column":9}},"55":{"start":{"line":113,"column":12},"end":{"line":116,"column":13}},"56":{"start":{"line":115,"column":16},"end":{"line":115,"column":103}},"57":{"start":{"line":119,"column":30},"end":{"line":119,"column":57}},"58":{"start":{"line":121,"column":9},"end":{"line":123,"column":9}},"59":{"start":{"line":122,"column":12},"end":{"line":122,"column":null}},"60":{"start":{"line":125,"column":29},"end":{"line":125,"column":59}},"61":{"start":{"line":127,"column":28},"end":{"line":127,"column":36}},"62":{"start":{"line":129,"column":28},"end":{"line":129,"column":29}},"63":{"start":{"line":130,"column":8},"end":{"line":168,"column":9}},"64":{"start":{"line":130,"column":27},"end":{"line":130,"column":28}},"65":{"start":{"line":131,"column":12},"end":{"line":167,"column":13}},"66":{"start":{"line":132,"column":29},"end":{"line":142,"column":18}},"67":{"start":{"line":146,"column":36},"end":{"line":146,"column":95}},"68":{"start":{"line":148,"column":16},"end":{"line":154,"column":19}},"69":{"start":{"line":156,"column":16},"end":{"line":156,"column":45}},"70":{"start":{"line":159,"column":16},"end":{"line":164,"column":17}},"71":{"start":{"line":161,"column":20},"end":{"line":161,"column":82}},"72":{"start":{"line":162,"column":20},"end":{"line":162,"column":115}},"73":{"start":{"line":162,"column":53},"end":{"line":162,"column":115}},"74":{"start":{"line":163,"column":20},"end":{"line":163,"column":29}},"75":{"start":{"line":166,"column":16},"end":{"line":166,"column":26}},"76":{"start":{"line":170,"column":8},"end":{"line":170,"column":84}},"77":{"start":{"line":176,"column":20},"end":{"line":181,"column":11}},"78":{"start":{"line":183,"column":8},"end":{"line":183,"column":87}},"79":{"start":{"line":183,"column":18},"end":{"line":183,"column":87}},"80":{"start":{"line":185,"column":20},"end":{"line":185,"column":70}},"81":{"start":{"line":187,"column":8},"end":{"line":187,"column":78}},"82":{"start":{"line":187,"column":19},"end":{"line":187,"column":78}},"83":{"start":{"line":189,"column":28},"end":{"line":189,"column":87}},"84":{"start":{"line":191,"column":8},"end":{"line":197,"column":11}},"85":{"start":{"line":199,"column":8},"end":{"line":199,"column":37}},"86":{"start":{"line":204,"column":8},"end":{"line":210,"column":11}},"87":{"start":{"line":214,"column":22},"end":{"line":214,"column":72}},"88":{"start":{"line":217,"column":20},"end":{"line":224,"column":10}},"89":{"start":{"line":226,"column":8},"end":{"line":226,"column":83}},"90":{"start":{"line":226,"column":18},"end":{"line":226,"column":83}},"91":{"start":{"line":229,"column":32},"end":{"line":229,"column":92}},"92":{"start":{"line":232,"column":8},"end":{"line":238,"column":11}},"93":{"start":{"line":240,"column":8},"end":{"line":240,"column":41}}},"fnMap":{"0":{"name":"(anonymous_1)","decl":{"start":{"line":25,"column":32},"end":{"line":25,"column":35}},"loc":{"start":{"line":25,"column":38},"end":{"line":36,"column":1}}},"1":{"name":"(anonymous_2)","decl":{"start":{"line":36,"column":19},"end":{"line":36,"column":20}},"loc":{"start":{"line":36,"column":23},"end":{"line":39,"column":1}}},"2":{"name":"validate_email","decl":{"start":{"line":41,"column":9},"end":{"line":41,"column":23}},"loc":{"start":{"line":41,"column":37},"end":{"line":43,"column":1}}},"3":{"name":"validate_password","decl":{"start":{"line":45,"column":9},"end":{"line":45,"column":26}},"loc":{"start":{"line":45,"column":43},"end":{"line":47,"column":1}}},"4":{"name":"generate_unique_username","decl":{"start":{"line":49,"column":15},"end":{"line":49,"column":39}},"loc":{"start":{"line":49,"column":69},"end":{"line":59,"column":3}}},"5":{"name":"(anonymous_6)","decl":{"start":{"line":63,"column":4},"end":{"line":63,"column":9}},"loc":{"start":{"line":63,"column":159},"end":{"line":172,"column":5}}},"6":{"name":"(anonymous_7)","decl":{"start":{"line":174,"column":4},"end":{"line":174,"column":9}},"loc":{"start":{"line":174,"column":52},"end":{"line":200,"column":5}}},"7":{"name":"(anonymous_8)","decl":{"start":{"line":202,"column":4},"end":{"line":202,"column":9}},"loc":{"start":{"line":202,"column":31},"end":{"line":211,"column":5}}},"8":{"name":"(anonymous_9)","decl":{"start":{"line":212,"column":4},"end":{"line":212,"column":9}},"loc":{"start":{"line":212,"column":31},"end":{"line":241,"column":5}}}},"branchMap":{"0":{"loc":{"start":{"line":26,"column":2},"end":{"line":26,"column":42}},"type":"if","locations":[{"start":{"line":26,"column":2},"end":{"line":26,"column":42}},{"start":{},"end":{}}]},"1":{"loc":{"start":{"line":28,"column":2},"end":{"line":28,"column":75}},"type":"if","locations":[{"start":{"line":28,"column":2},"end":{"line":28,"column":75}},{"start":{},"end":{}}]},"2":{"loc":{"start":{"line":30,"column":2},"end":{"line":33,"column":3}},"type":"if","locations":[{"start":{"line":30,"column":2},"end":{"line":33,"column":3}},{"start":{},"end":{}}]},"3":{"loc":{"start":{"line":66,"column":8},"end":{"line":66,"column":113}},"type":"if","locations":[{"start":{"line":66,"column":8},"end":{"line":66,"column":113}},{"start":{},"end":{}}]},"4":{"loc":{"start":{"line":70,"column":8},"end":{"line":72,"column":9}},"type":"if","locations":[{"start":{"line":70,"column":8},"end":{"line":72,"column":9}},{"start":{},"end":{}}]},"5":{"loc":{"start":{"line":76,"column":8},"end":{"line":78,"column":9}},"type":"if","locations":[{"start":{"line":76,"column":8},"end":{"line":78,"column":9}},{"start":{},"end":{}}]},"6":{"loc":{"start":{"line":82,"column":8},"end":{"line":84,"column":9}},"type":"if","locations":[{"start":{"line":82,"column":8},"end":{"line":84,"column":9}},{"start":{},"end":{}}]},"7":{"loc":{"start":{"line":88,"column":8},"end":{"line":90,"column":9}},"type":"if","locations":[{"start":{"line":88,"column":8},"end":{"line":90,"column":9}},{"start":{},"end":{}}]},"8":{"loc":{"start":{"line":94,"column":8},"end":{"line":96,"column":9}},"type":"if","locations":[{"start":{"line":94,"column":8},"end":{"line":96,"column":9}},{"start":{},"end":{}}]},"9":{"loc":{"start":{"line":100,"column":8},"end":{"line":102,"column":9}},"type":"if","locations":[{"start":{"line":100,"column":8},"end":{"line":102,"column":9}},{"start":{},"end":{}}]},"10":{"loc":{"start":{"line":111,"column":8},"end":{"line":117,"column":9}},"type":"if","locations":[{"start":{"line":111,"column":8},"end":{"line":117,"column":9}},{"start":{},"end":{}}]},"11":{"loc":{"start":{"line":113,"column":12},"end":{"line":116,"column":13}},"type":"if","locations":[{"start":{"line":113,"column":12},"end":{"line":116,"column":13}},{"start":{},"end":{}}]},"12":{"loc":{"start":{"line":121,"column":9},"end":{"line":123,"column":9}},"type":"if","locations":[{"start":{"line":121,"column":9},"end":{"line":123,"column":9}},{"start":{},"end":{}}]},"13":{"loc":{"start":{"line":159,"column":16},"end":{"line":164,"column":17}},"type":"if","locations":[{"start":{"line":159,"column":16},"end":{"line":164,"column":17}},{"start":{},"end":{}}]},"14":{"loc":{"start":{"line":159,"column":20},"end":{"line":159,"column":95}},"type":"binary-expr","locations":[{"start":{"line":159,"column":20},"end":{"line":159,"column":71}},{"start":{"line":159,"column":75},"end":{"line":159,"column":95}}]},"15":{"loc":{"start":{"line":162,"column":20},"end":{"line":162,"column":115}},"type":"if","locations":[{"start":{"line":162,"column":20},"end":{"line":162,"column":115}},{"start":{},"end":{}}]},"16":{"loc":{"start":{"line":183,"column":8},"end":{"line":183,"column":87}},"type":"if","locations":[{"start":{"line":183,"column":8},"end":{"line":183,"column":87}},{"start":{},"end":{}}]},"17":{"loc":{"start":{"line":187,"column":8},"end":{"line":187,"column":78}},"type":"if","locations":[{"start":{"line":187,"column":8},"end":{"line":187,"column":78}},{"start":{},"end":{}}]},"18":{"loc":{"start":{"line":226,"column":8},"end":{"line":226,"column":83}},"type":"if","locations":[{"start":{"line":226,"column":8},"end":{"line":226,"column":83}},{"start":{},"end":{}}]}},"s":{"0":4,"1":4,"2":4,"3":4,"4":4,"5":4,"6":4,"7":4,"8":4,"9":4,"10":4,"11":4,"12":4,"13":4,"14":3,"15":0,"16":3,"17":3,"18":0,"19":0,"20":0,"21":0,"22":3,"23":3,"24":3,"25":3,"26":1,"27":0,"28":0,"29":0,"30":0,"31":4,"32":4,"33":1,"34":3,"35":3,"36":0,"37":3,"38":3,"39":0,"40":3,"41":3,"42":0,"43":3,"44":3,"45":0,"46":3,"47":3,"48":0,"49":3,"50":3,"51":1,"52":2,"53":2,"54":2,"55":1,"56":1,"57":1,"58":1,"59":0,"60":1,"61":1,"62":1,"63":1,"64":1,"65":1,"66":1,"67":1,"68":1,"69":1,"70":0,"71":0,"72":0,"73":0,"74":0,"75":0,"76":0,"77":3,"78":3,"79":1,"80":2,"81":2,"82":1,"83":1,"84":1,"85":1,"86":0,"87":2,"88":1,"89":1,"90":0,"91":1,"92":1,"93":1},"f":{"0":3,"1":3,"2":3,"3":1,"4":0,"5":4,"6":3,"7":0,"8":2},"b":{"0":[0,3],"1":[3,0],"2":[0,0],"3":[1,3],"4":[0,3],"5":[0,3],"6":[0,3],"7":[0,3],"8":[0,3],"9":[1,2],"10":[1,1],"11":[1,0],"12":[0,1],"13":[0,0],"14":[0,0],"15":[0,0],"16":[1,2],"17":[1,1],"18":[0,1]}}
,"/home/padi/COS 301/Driving-Tracker/backend/src/services/badges_leaderboard_services.ts": {"path":"/home/padi/COS 301/Driving-Tracker/backend/src/services/badges_leaderboard_services.ts","statementMap":{"0":{"start":{"line":1,"column":0},"end":{"line":1,"column":34}},"1":{"start":{"line":15,"column":2},"end":{"line":31,"column":3}},"2":{"start":{"line":17,"column":6},"end":{"line":17,"column":32}},"3":{"start":{"line":19,"column":6},"end":{"line":19,"column":33}},"4":{"start":{"line":21,"column":6},"end":{"line":21,"column":32}},"5":{"start":{"line":23,"column":6},"end":{"line":23,"column":33}},"6":{"start":{"line":26,"column":6},"end":{"line":26,"column":34}},"7":{"start":{"line":28,"column":6},"end":{"line":28,"column":34}},"8":{"start":{"line":30,"column":6},"end":{"line":30,"column":19}},"9":{"start":{"line":34,"column":13},"end":{"line":268,"column":2}},"10":{"start":{"line":36,"column":8},"end":{"line":38,"column":9}},"11":{"start":{"line":37,"column":12},"end":{"line":37,"column":55}},"12":{"start":{"line":39,"column":21},"end":{"line":60,"column":10}},"13":{"start":{"line":61,"column":8},"end":{"line":63,"column":9}},"14":{"start":{"line":62,"column":12},"end":{"line":62,"column":46}},"15":{"start":{"line":64,"column":8},"end":{"line":66,"column":9}},"16":{"start":{"line":65,"column":12},"end":{"line":65,"column":56}},"17":{"start":{"line":67,"column":27},"end":{"line":67,"column":46}},"18":{"start":{"line":71,"column":28},"end":{"line":95,"column":null}},"19":{"start":{"line":73,"column":25},"end":{"line":73,"column":41}},"20":{"start":{"line":74,"column":12},"end":{"line":74,"column":34}},"21":{"start":{"line":75,"column":12},"end":{"line":77,"column":13}},"22":{"start":{"line":76,"column":16},"end":{"line":76,"column":43}},"23":{"start":{"line":78,"column":12},"end":{"line":80,"column":13}},"24":{"start":{"line":79,"column":16},"end":{"line":79,"column":50}},"25":{"start":{"line":81,"column":12},"end":{"line":83,"column":13}},"26":{"start":{"line":82,"column":16},"end":{"line":82,"column":44}},"27":{"start":{"line":84,"column":12},"end":{"line":86,"column":13}},"28":{"start":{"line":85,"column":16},"end":{"line":85,"column":37}},"29":{"start":{"line":87,"column":12},"end":{"line":87,"column":23}},"30":{"start":{"line":98,"column":32},"end":{"line":103,"column":10}},"31":{"start":{"line":105,"column":35},"end":{"line":119,"column":10}},"32":{"start":{"line":121,"column":23},"end":{"line":125,"column":10}},"33":{"start":{"line":126,"column":36},"end":{"line":126,"column":38}},"34":{"start":{"line":128,"column":8},"end":{"line":180,"column":9}},"35":{"start":{"line":129,"column":25},"end":{"line":129,"column":45}},"36":{"start":{"line":131,"column":8},"end":{"line":133,"column":9}},"37":{"start":{"line":132,"column":12},"end":{"line":132,"column":21}},"38":{"start":{"line":135,"column":35},"end":{"line":145,"column":10}},"39":{"start":{"line":136,"column":32},"end":{"line":136,"column":54}},"40":{"start":{"line":137,"column":27},"end":{"line":137,"column":47}},"41":{"start":{"line":138,"column":30},"end":{"line":138,"column":82}},"42":{"start":{"line":140,"column":12},"end":{"line":142,"column":13}},"43":{"start":{"line":141,"column":16},"end":{"line":141,"column":29}},"44":{"start":{"line":144,"column":12},"end":{"line":144,"column":66}},"45":{"start":{"line":146,"column":8},"end":{"line":148,"column":9}},"46":{"start":{"line":147,"column":12},"end":{"line":147,"column":21}},"47":{"start":{"line":150,"column":25},"end":{"line":157,"column":10}},"48":{"start":{"line":159,"column":8},"end":{"line":161,"column":9}},"49":{"start":{"line":160,"column":12},"end":{"line":160,"column":21}},"50":{"start":{"line":162,"column":23},"end":{"line":170,"column":10}},"51":{"start":{"line":172,"column":8},"end":{"line":179,"column":11}},"52":{"start":{"line":181,"column":8},"end":{"line":186,"column":10}},"53":{"start":{"line":189,"column":24},"end":{"line":189,"column":36}},"54":{"start":{"line":190,"column":8},"end":{"line":192,"column":9}},"55":{"start":{"line":191,"column":12},"end":{"line":191,"column":55}},"56":{"start":{"line":193,"column":28},"end":{"line":208,"column":10}},"57":{"start":{"line":209,"column":23},"end":{"line":215,"column":11}},"58":{"start":{"line":209,"column":54},"end":{"line":215,"column":10}},"59":{"start":{"line":216,"column":31},"end":{"line":220,"column":18}},"60":{"start":{"line":217,"column":29},"end":{"line":217,"column":62}},"61":{"start":{"line":218,"column":12},"end":{"line":218,"column":53}},"62":{"start":{"line":219,"column":12},"end":{"line":219,"column":23}},"63":{"start":{"line":222,"column":31},"end":{"line":225,"column":11}},"64":{"start":{"line":222,"column":92},"end":{"line":225,"column":10}},"65":{"start":{"line":226,"column":8},"end":{"line":234,"column":10}},"66":{"start":{"line":239,"column":23},"end":{"line":246,"column":10}},"67":{"start":{"line":247,"column":8},"end":{"line":263,"column":null}},"68":{"start":{"line":249,"column":51},"end":{"line":261,"column":18}},"69":{"start":{"line":255,"column":75},"end":{"line":260,"column":22}}},"fnMap":{"0":{"name":"compare","decl":{"start":{"line":14,"column":9},"end":{"line":14,"column":16}},"loc":{"start":{"line":14,"column":87},"end":{"line":32,"column":1}}},"1":{"name":"(anonymous_2)","decl":{"start":{"line":35,"column":4},"end":{"line":35,"column":9}},"loc":{"start":{"line":35,"column":39},"end":{"line":187,"column":5}}},"2":{"name":"(anonymous_3)","decl":{"start":{"line":72,"column":8},"end":{"line":72,"column":9}},"loc":{"start":{"line":72,"column":34},"end":{"line":88,"column":9}}},"3":{"name":"(anonymous_4)","decl":{"start":{"line":135,"column":50},"end":{"line":135,"column":51}},"loc":{"start":{"line":135,"column":69},"end":{"line":145,"column":9}}},"4":{"name":"(anonymous_5)","decl":{"start":{"line":188,"column":4},"end":{"line":188,"column":9}},"loc":{"start":{"line":188,"column":37},"end":{"line":236,"column":5}}},"5":{"name":"(anonymous_6)","decl":{"start":{"line":209,"column":39},"end":{"line":209,"column":40}},"loc":{"start":{"line":209,"column":54},"end":{"line":215,"column":10}}},"6":{"name":"(anonymous_7)","decl":{"start":{"line":216,"column":45},"end":{"line":216,"column":46}},"loc":{"start":{"line":216,"column":88},"end":{"line":220,"column":13}}},"7":{"name":"(anonymous_8)","decl":{"start":{"line":222,"column":66},"end":{"line":222,"column":67}},"loc":{"start":{"line":222,"column":92},"end":{"line":225,"column":10}}},"8":{"name":"(anonymous_9)","decl":{"start":{"line":238,"column":4},"end":{"line":238,"column":9}},"loc":{"start":{"line":238,"column":31},"end":{"line":264,"column":5}}},"9":{"name":"(anonymous_10)","decl":{"start":{"line":249,"column":35},"end":{"line":249,"column":36}},"loc":{"start":{"line":249,"column":51},"end":{"line":261,"column":18}}},"10":{"name":"(anonymous_11)","decl":{"start":{"line":255,"column":55},"end":{"line":255,"column":56}},"loc":{"start":{"line":255,"column":75},"end":{"line":260,"column":22}}},"11":{"name":"(anonymous_12)","decl":{"start":{"line":265,"column":4},"end":{"line":265,"column":9}},"loc":{"start":{"line":265,"column":25},"end":{"line":267,"column":5}}}},"branchMap":{"0":{"loc":{"start":{"line":15,"column":2},"end":{"line":31,"column":3}},"type":"switch","locations":[{"start":{"line":16,"column":4},"end":{"line":17,"column":32}},{"start":{"line":18,"column":4},"end":{"line":19,"column":33}},{"start":{"line":20,"column":4},"end":{"line":21,"column":32}},{"start":{"line":22,"column":4},"end":{"line":23,"column":33}},{"start":{"line":24,"column":4},"end":{"line":24,"column":13}},{"start":{"line":25,"column":4},"end":{"line":26,"column":34}},{"start":{"line":27,"column":4},"end":{"line":28,"column":34}},{"start":{"line":29,"column":4},"end":{"line":30,"column":19}}]},"1":{"loc":{"start":{"line":36,"column":8},"end":{"line":38,"column":9}},"type":"if","locations":[{"start":{"line":36,"column":8},"end":{"line":38,"column":9}},{"start":{},"end":{}}]},"2":{"loc":{"start":{"line":36,"column":11},"end":{"line":36,"column":41}},"type":"binary-expr","locations":[{"start":{"line":36,"column":11},"end":{"line":36,"column":24}},{"start":{"line":36,"column":28},"end":{"line":36,"column":41}}]},"3":{"loc":{"start":{"line":61,"column":8},"end":{"line":63,"column":9}},"type":"if","locations":[{"start":{"line":61,"column":8},"end":{"line":63,"column":9}},{"start":{},"end":{}}]},"4":{"loc":{"start":{"line":64,"column":8},"end":{"line":66,"column":9}},"type":"if","locations":[{"start":{"line":64,"column":8},"end":{"line":66,"column":9}},{"start":{},"end":{}}]},"5":{"loc":{"start":{"line":73,"column":25},"end":{"line":73,"column":41}},"type":"binary-expr","locations":[{"start":{"line":73,"column":25},"end":{"line":73,"column":35}},{"start":{"line":73,"column":39},"end":{"line":73,"column":41}}]},"6":{"loc":{"start":{"line":75,"column":12},"end":{"line":77,"column":13}},"type":"if","locations":[{"start":{"line":75,"column":12},"end":{"line":77,"column":13}},{"start":{},"end":{}}]},"7":{"loc":{"start":{"line":78,"column":12},"end":{"line":80,"column":13}},"type":"if","locations":[{"start":{"line":78,"column":12},"end":{"line":80,"column":13}},{"start":{},"end":{}}]},"8":{"loc":{"start":{"line":81,"column":12},"end":{"line":83,"column":13}},"type":"if","locations":[{"start":{"line":81,"column":12},"end":{"line":83,"column":13}},{"start":{},"end":{}}]},"9":{"loc":{"start":{"line":84,"column":12},"end":{"line":86,"column":13}},"type":"if","locations":[{"start":{"line":84,"column":12},"end":{"line":86,"column":13}},{"start":{},"end":{}}]},"10":{"loc":{"start":{"line":84,"column":16},"end":{"line":84,"column":57}},"type":"binary-expr","locations":[{"start":{"line":84,"column":16},"end":{"line":84,"column":32}},{"start":{"line":84,"column":36},"end":{"line":84,"column":57}}]},"11":{"loc":{"start":{"line":106,"column":32},"end":{"line":106,"column":53}},"type":"binary-expr","locations":[{"start":{"line":106,"column":32},"end":{"line":106,"column":48}},{"start":{"line":106,"column":52},"end":{"line":106,"column":53}}]},"12":{"loc":{"start":{"line":107,"column":37},"end":{"line":107,"column":63}},"type":"binary-expr","locations":[{"start":{"line":107,"column":37},"end":{"line":107,"column":58}},{"start":{"line":107,"column":62},"end":{"line":107,"column":63}}]},"13":{"loc":{"start":{"line":108,"column":34},"end":{"line":108,"column":57}},"type":"binary-expr","locations":[{"start":{"line":108,"column":34},"end":{"line":108,"column":52}},{"start":{"line":108,"column":56},"end":{"line":108,"column":57}}]},"14":{"loc":{"start":{"line":109,"column":33},"end":{"line":109,"column":62}},"type":"binary-expr","locations":[{"start":{"line":109,"column":33},"end":{"line":109,"column":57}},{"start":{"line":109,"column":61},"end":{"line":109,"column":62}}]},"15":{"loc":{"start":{"line":110,"column":30},"end":{"line":110,"column":56}},"type":"binary-expr","locations":[{"start":{"line":110,"column":30},"end":{"line":110,"column":51}},{"start":{"line":110,"column":55},"end":{"line":110,"column":56}}]},"16":{"loc":{"start":{"line":111,"column":34},"end":{"line":111,"column":64}},"type":"binary-expr","locations":[{"start":{"line":111,"column":34},"end":{"line":111,"column":59}},{"start":{"line":111,"column":63},"end":{"line":111,"column":64}}]},"17":{"loc":{"start":{"line":131,"column":8},"end":{"line":133,"column":9}},"type":"if","locations":[{"start":{"line":131,"column":8},"end":{"line":133,"column":9}},{"start":{},"end":{}}]},"18":{"loc":{"start":{"line":136,"column":32},"end":{"line":136,"column":54}},"type":"binary-expr","locations":[{"start":{"line":136,"column":32},"end":{"line":136,"column":48}},{"start":{"line":136,"column":52},"end":{"line":136,"column":54}}]},"19":{"loc":{"start":{"line":138,"column":37},"end":{"line":138,"column":81}},"type":"binary-expr","locations":[{"start":{"line":138,"column":37},"end":{"line":138,"column":56}},{"start":{"line":138,"column":60},"end":{"line":138,"column":76}},{"start":{"line":138,"column":80},"end":{"line":138,"column":81}}]},"20":{"loc":{"start":{"line":140,"column":12},"end":{"line":142,"column":13}},"type":"if","locations":[{"start":{"line":140,"column":12},"end":{"line":142,"column":13}},{"start":{},"end":{}}]},"21":{"loc":{"start":{"line":146,"column":8},"end":{"line":148,"column":9}},"type":"if","locations":[{"start":{"line":146,"column":8},"end":{"line":148,"column":9}},{"start":{},"end":{}}]},"22":{"loc":{"start":{"line":159,"column":8},"end":{"line":161,"column":9}},"type":"if","locations":[{"start":{"line":159,"column":8},"end":{"line":161,"column":9}},{"start":{},"end":{}}]},"23":{"loc":{"start":{"line":190,"column":8},"end":{"line":192,"column":9}},"type":"if","locations":[{"start":{"line":190,"column":8},"end":{"line":192,"column":9}},{"start":{},"end":{}}]},"24":{"loc":{"start":{"line":217,"column":29},"end":{"line":217,"column":62}},"type":"binary-expr","locations":[{"start":{"line":217,"column":29},"end":{"line":217,"column":43}},{"start":{"line":217,"column":47},"end":{"line":217,"column":62}}]},"25":{"loc":{"start":{"line":218,"column":29},"end":{"line":218,"column":47}},"type":"binary-expr","locations":[{"start":{"line":218,"column":29},"end":{"line":218,"column":42}},{"start":{"line":218,"column":46},"end":{"line":218,"column":47}}]}},"s":{"0":2,"1":1,"2":0,"3":1,"4":0,"5":0,"6":0,"7":0,"8":0,"9":2,"10":2,"11":0,"12":2,"13":2,"14":1,"15":1,"16":0,"17":1,"18":1,"19":2,"20":2,"21":2,"22":1,"23":2,"24":0,"25":2,"26":1,"27":2,"28":0,"29":2,"30":1,"31":1,"32":1,"33":1,"34":1,"35":1,"36":1,"37":0,"38":1,"39":1,"40":1,"41":1,"42":1,"43":0,"44":1,"45":1,"46":1,"47":0,"48":0,"49":0,"50":0,"51":0,"52":1,"53":2,"54":2,"55":0,"56":2,"57":2,"58":2,"59":2,"60":2,"61":2,"62":2,"63":2,"64":2,"65":2,"66":2,"67":2,"68":1,"69":1},"f":{"0":1,"1":2,"2":2,"3":1,"4":2,"5":2,"6":2,"7":2,"8":2,"9":1,"10":1,"11":0},"b":{"0":[0,1,0,0,0,0,0,0],"1":[0,2],"2":[2,2],"3":[1,1],"4":[0,1],"5":[2,0],"6":[1,1],"7":[0,2],"8":[1,1],"9":[0,2],"10":[2,2],"11":[1,0],"12":[1,0],"13":[1,0],"14":[1,0],"15":[1,0],"16":[1,0],"17":[0,1],"18":[1,0],"19":[1,0,0],"20":[0,1],"21":[1,0],"22":[0,0],"23":[0,2],"24":[2,0],"25":[2,2]}}
,"/home/padi/COS 301/Driving-Tracker/backend/src/services/contacts_services.ts": {"path":"/home/padi/COS 301/Driving-Tracker/backend/src/services/contacts_services.ts","statementMap":{"0":{"start":{"line":1,"column":0},"end":{"line":1,"column":34}},"1":{"start":{"line":6,"column":4},"end":{"line":6,"column":101}},"2":{"start":{"line":11,"column":21},"end":{"line":11,"column":36}},"3":{"start":{"line":12,"column":4},"end":{"line":12,"column":20}},"4":{"start":{"line":13,"column":4},"end":{"line":13,"column":15}},"5":{"start":{"line":17,"column":13},"end":{"line":205,"column":2}},"6":{"start":{"line":27,"column":22},"end":{"line":27,"column":90}},"7":{"start":{"line":29,"column":28},"end":{"line":38,"column":10}},"8":{"start":{"line":40,"column":8},"end":{"line":40,"column":61}},"9":{"start":{"line":40,"column":25},"end":{"line":40,"column":61}},"10":{"start":{"line":41,"column":8},"end":{"line":41,"column":81}},"11":{"start":{"line":41,"column":44},"end":{"line":41,"column":81}},"12":{"start":{"line":44,"column":25},"end":{"line":50,"column":10}},"13":{"start":{"line":52,"column":8},"end":{"line":52,"column":66}},"14":{"start":{"line":52,"column":21},"end":{"line":52,"column":66}},"15":{"start":{"line":55,"column":26},"end":{"line":55,"column":113}},"16":{"start":{"line":58,"column":24},"end":{"line":66,"column":10}},"17":{"start":{"line":69,"column":8},"end":{"line":72,"column":10}},"18":{"start":{"line":77,"column":25},"end":{"line":89,"column":10}},"19":{"start":{"line":92,"column":8},"end":{"line":97,"column":12}},"20":{"start":{"line":92,"column":36},"end":{"line":97,"column":10}},"21":{"start":{"line":112,"column":72},"end":{"line":112,"column":77}},"22":{"start":{"line":115,"column":27},"end":{"line":118,"column":10}},"23":{"start":{"line":119,"column":8},"end":{"line":119,"column":61}},"24":{"start":{"line":119,"column":24},"end":{"line":119,"column":61}},"25":{"start":{"line":122,"column":21},"end":{"line":125,"column":10}},"26":{"start":{"line":126,"column":8},"end":{"line":126,"column":90}},"27":{"start":{"line":126,"column":46},"end":{"line":126,"column":90}},"28":{"start":{"line":129,"column":22},"end":{"line":132,"column":10}},"29":{"start":{"line":133,"column":8},"end":{"line":133,"column":87}},"30":{"start":{"line":133,"column":48},"end":{"line":133,"column":87}},"31":{"start":{"line":136,"column":8},"end":{"line":154,"column":11}},"32":{"start":{"line":137,"column":26},"end":{"line":147,"column":14}},"33":{"start":{"line":148,"column":12},"end":{"line":153,"column":15}},"34":{"start":{"line":149,"column":55},"end":{"line":152,"column":18}},"35":{"start":{"line":164,"column":50},"end":{"line":164,"column":55}},"36":{"start":{"line":167,"column":21},"end":{"line":170,"column":10}},"37":{"start":{"line":171,"column":8},"end":{"line":171,"column":83}},"38":{"start":{"line":171,"column":47},"end":{"line":171,"column":83}},"39":{"start":{"line":174,"column":24},"end":{"line":180,"column":10}},"40":{"start":{"line":181,"column":8},"end":{"line":181,"column":91}},"41":{"start":{"line":181,"column":50},"end":{"line":181,"column":91}},"42":{"start":{"line":184,"column":26},"end":{"line":184,"column":36}},"43":{"start":{"line":185,"column":8},"end":{"line":193,"column":11}},"44":{"start":{"line":186,"column":38},"end":{"line":191,"column":14}},"45":{"start":{"line":196,"column":8},"end":{"line":203,"column":10}},"46":{"start":{"line":199,"column":45},"end":{"line":202,"column":14}}},"fnMap":{"0":{"name":"is_uuid","decl":{"start":{"line":4,"column":9},"end":{"line":4,"column":16}},"loc":{"start":{"line":4,"column":30},"end":{"line":7,"column":1}}},"1":{"name":"coded_error","decl":{"start":{"line":10,"column":9},"end":{"line":10,"column":20}},"loc":{"start":{"line":10,"column":33},"end":{"line":14,"column":1}}},"2":{"name":"(anonymous_3)","decl":{"start":{"line":25,"column":4},"end":{"line":25,"column":9}},"loc":{"start":{"line":25,"column":68},"end":{"line":73,"column":5}}},"3":{"name":"(anonymous_4)","decl":{"start":{"line":76,"column":4},"end":{"line":76,"column":9}},"loc":{"start":{"line":76,"column":47},"end":{"line":98,"column":5}}},"4":{"name":"(anonymous_5)","decl":{"start":{"line":92,"column":28},"end":{"line":92,"column":29}},"loc":{"start":{"line":92,"column":36},"end":{"line":97,"column":10}}},"5":{"name":"(anonymous_6)","decl":{"start":{"line":105,"column":4},"end":{"line":105,"column":9}},"loc":{"start":{"line":111,"column":5},"end":{"line":155,"column":5}}},"6":{"name":"(anonymous_7)","decl":{"start":{"line":136,"column":34},"end":{"line":136,"column":39}},"loc":{"start":{"line":136,"column":47},"end":{"line":154,"column":9}}},"7":{"name":"(anonymous_8)","decl":{"start":{"line":149,"column":38},"end":{"line":149,"column":39}},"loc":{"start":{"line":149,"column":55},"end":{"line":152,"column":18}}},"8":{"name":"(anonymous_9)","decl":{"start":{"line":159,"column":4},"end":{"line":159,"column":9}},"loc":{"start":{"line":163,"column":5},"end":{"line":204,"column":5}}},"9":{"name":"(anonymous_10)","decl":{"start":{"line":186,"column":30},"end":{"line":186,"column":31}},"loc":{"start":{"line":186,"column":38},"end":{"line":191,"column":14}}},"10":{"name":"(anonymous_11)","decl":{"start":{"line":199,"column":37},"end":{"line":199,"column":38}},"loc":{"start":{"line":199,"column":45},"end":{"line":202,"column":14}}}},"branchMap":{"0":{"loc":{"start":{"line":27,"column":22},"end":{"line":27,"column":90}},"type":"cond-expr","locations":[{"start":{"line":27,"column":44},"end":{"line":27,"column":65}},{"start":{"line":27,"column":68},"end":{"line":27,"column":90}}]},"1":{"loc":{"start":{"line":40,"column":8},"end":{"line":40,"column":61}},"type":"if","locations":[{"start":{"line":40,"column":8},"end":{"line":40,"column":61}},{"start":{},"end":{}}]},"2":{"loc":{"start":{"line":41,"column":8},"end":{"line":41,"column":81}},"type":"if","locations":[{"start":{"line":41,"column":8},"end":{"line":41,"column":81}},{"start":{},"end":{}}]},"3":{"loc":{"start":{"line":52,"column":8},"end":{"line":52,"column":66}},"type":"if","locations":[{"start":{"line":52,"column":8},"end":{"line":52,"column":66}},{"start":{},"end":{}}]},"4":{"loc":{"start":{"line":55,"column":26},"end":{"line":55,"column":113}},"type":"binary-expr","locations":[{"start":{"line":55,"column":26},"end":{"line":55,"column":89}},{"start":{"line":55,"column":93},"end":{"line":55,"column":113}}]},"5":{"loc":{"start":{"line":55,"column":29},"end":{"line":55,"column":51}},"type":"binary-expr","locations":[{"start":{"line":55,"column":29},"end":{"line":55,"column":45}},{"start":{"line":55,"column":49},"end":{"line":55,"column":51}}]},"6":{"loc":{"start":{"line":55,"column":55},"end":{"line":55,"column":80}},"type":"binary-expr","locations":[{"start":{"line":55,"column":55},"end":{"line":55,"column":74}},{"start":{"line":55,"column":78},"end":{"line":55,"column":80}}]},"7":{"loc":{"start":{"line":119,"column":8},"end":{"line":119,"column":61}},"type":"if","locations":[{"start":{"line":119,"column":8},"end":{"line":119,"column":61}},{"start":{},"end":{}}]},"8":{"loc":{"start":{"line":126,"column":8},"end":{"line":126,"column":90}},"type":"if","locations":[{"start":{"line":126,"column":8},"end":{"line":126,"column":90}},{"start":{},"end":{}}]},"9":{"loc":{"start":{"line":126,"column":11},"end":{"line":126,"column":44}},"type":"binary-expr","locations":[{"start":{"line":126,"column":11},"end":{"line":126,"column":16}},{"start":{"line":126,"column":20},"end":{"line":126,"column":44}}]},"10":{"loc":{"start":{"line":133,"column":8},"end":{"line":133,"column":87}},"type":"if","locations":[{"start":{"line":133,"column":8},"end":{"line":133,"column":87}},{"start":{},"end":{}}]},"11":{"loc":{"start":{"line":143,"column":29},"end":{"line":143,"column":49}},"type":"binary-expr","locations":[{"start":{"line":143,"column":29},"end":{"line":143,"column":36}},{"start":{"line":143,"column":40},"end":{"line":143,"column":49}}]},"12":{"loc":{"start":{"line":171,"column":8},"end":{"line":171,"column":83}},"type":"if","locations":[{"start":{"line":171,"column":8},"end":{"line":171,"column":83}},{"start":{},"end":{}}]},"13":{"loc":{"start":{"line":171,"column":12},"end":{"line":171,"column":45}},"type":"binary-expr","locations":[{"start":{"line":171,"column":12},"end":{"line":171,"column":17}},{"start":{"line":171,"column":21},"end":{"line":171,"column":45}}]},"14":{"loc":{"start":{"line":181,"column":8},"end":{"line":181,"column":91}},"type":"if","locations":[{"start":{"line":181,"column":8},"end":{"line":181,"column":91}},{"start":{},"end":{}}]}},"s":{"0":2,"1":3,"2":3,"3":3,"4":3,"5":2,"6":3,"7":3,"8":3,"9":1,"10":2,"11":1,"12":1,"13":1,"14":0,"15":1,"16":1,"17":1,"18":1,"19":1,"20":2,"21":1,"22":1,"23":1,"24":0,"25":1,"26":1,"27":0,"28":1,"29":1,"30":0,"31":1,"32":0,"33":0,"34":0,"35":2,"36":2,"37":2,"38":1,"39":1,"40":1,"41":0,"42":1,"43":1,"44":1,"45":1,"46":1},"f":{"0":3,"1":3,"2":3,"3":1,"4":2,"5":1,"6":0,"7":0,"8":2,"9":1,"10":1},"b":{"0":[0,3],"1":[1,2],"2":[1,1],"3":[0,1],"4":[1,0],"5":[1,0],"6":[1,0],"7":[0,1],"8":[0,1],"9":[1,1],"10":[0,1],"11":[0,0],"12":[1,1],"13":[2,1],"14":[0,1]}}
,"/home/padi/COS 301/Driving-Tracker/backend/src/services/leaderboard_services.ts": {"path":"/home/padi/COS 301/Driving-Tracker/backend/src/services/leaderboard_services.ts","statementMap":{"0":{"start":{"line":1,"column":0},"end":{"line":1,"column":34}},"1":{"start":{"line":10,"column":4},"end":{"line":12,"column":5}},"2":{"start":{"line":11,"column":8},"end":{"line":11,"column":20}},"3":{"start":{"line":13,"column":4},"end":{"line":15,"column":5}},"4":{"start":{"line":14,"column":8},"end":{"line":14,"column":32}},"5":{"start":{"line":17,"column":4},"end":{"line":19,"column":5}},"6":{"start":{"line":18,"column":8},"end":{"line":18,"column":21}},"7":{"start":{"line":21,"column":4},"end":{"line":21,"column":25}},"8":{"start":{"line":24,"column":13},"end":{"line":73,"column":2}},"9":{"start":{"line":26,"column":41},"end":{"line":26,"column":47}},"10":{"start":{"line":28,"column":4},"end":{"line":30,"column":5}},"11":{"start":{"line":29,"column":6},"end":{"line":29,"column":49}},"12":{"start":{"line":32,"column":17},"end":{"line":50,"column":6}},"13":{"start":{"line":52,"column":20},"end":{"line":57,"column":7}},"14":{"start":{"line":52,"column":53},"end":{"line":57,"column":6}},"15":{"start":{"line":59,"column":20},"end":{"line":59,"column":68}},"16":{"start":{"line":59,"column":46},"end":{"line":59,"column":67}},"17":{"start":{"line":60,"column":20},"end":{"line":60,"column":53}},"18":{"start":{"line":61,"column":21},"end":{"line":61,"column":75}},"19":{"start":{"line":63,"column":4},"end":{"line":71,"column":6}},"20":{"start":{"line":75,"column":0},"end":{"line":75,"column":36}}},"fnMap":{"0":{"name":"to_number","decl":{"start":{"line":9,"column":9},"end":{"line":9,"column":18}},"loc":{"start":{"line":9,"column":29},"end":{"line":22,"column":1}}},"1":{"name":"(anonymous_2)","decl":{"start":{"line":25,"column":2},"end":{"line":25,"column":7}},"loc":{"start":{"line":25,"column":54},"end":{"line":72,"column":3}}},"2":{"name":"(anonymous_3)","decl":{"start":{"line":52,"column":29},"end":{"line":52,"column":30}},"loc":{"start":{"line":52,"column":53},"end":{"line":57,"column":6}}},"3":{"name":"(anonymous_4)","decl":{"start":{"line":59,"column":35},"end":{"line":59,"column":36}},"loc":{"start":{"line":59,"column":46},"end":{"line":59,"column"
[...]
ine":213,"column":12},"end":{"line":213,"column":55}},"41":{"start":{"line":216,"column":8},"end":{"line":254,"column":9}},"42":{"start":{"line":217,"column":12},"end":{"line":219,"column":13}},"43":{"start":{"line":218,"column":16},"end":{"line":218,"column":59}},"44":{"start":{"line":221,"column":25},"end":{"line":224,"column":14}},"45":{"start":{"line":225,"column":12},"end":{"line":227,"column":13}},"46":{"start":{"line":226,"column":16},"end":{"line":226,"column":50}},"47":{"start":{"line":228,"column":12},"end":{"line":230,"column":13}},"48":{"start":{"line":229,"column":16},"end":{"line":229,"column":60}},"49":{"start":{"line":232,"column":31},"end":{"line":250,"column":14}},"50":{"start":{"line":253,"column":12},"end":{"line":253,"column":24}},"51":{"start":{"line":258,"column":8},"end":{"line":260,"column":9}},"52":{"start":{"line":259,"column":12},"end":{"line":259,"column":55}},"53":{"start":{"line":261,"column":8},"end":{"line":263,"column":9}},"54":{"start":{"line":262,"column":12},"end":{"line":262,"column":50}},"55":{"start":{"line":265,"column":25},"end":{"line":265,"column":52}},"56":{"start":{"line":266,"column":8},"end":{"line":268,"column":9}},"57":{"start":{"line":267,"column":12},"end":{"line":267,"column":48}},"58":{"start":{"line":269,"column":8},"end":{"line":334,"column":9}},"59":{"start":{"line":270,"column":25},"end":{"line":272,"column":14}},"60":{"start":{"line":273,"column":12},"end":{"line":275,"column":13}},"61":{"start":{"line":274,"column":16},"end":{"line":274,"column":50}},"62":{"start":{"line":277,"column":41},"end":{"line":283,"column":14}},"63":{"start":{"line":285,"column":12},"end":{"line":287,"column":13}},"64":{"start":{"line":286,"column":16},"end":{"line":286,"column":41}},"65":{"start":{"line":289,"column":27},"end":{"line":301,"column":14}},"66":{"start":{"line":303,"column":12},"end":{"line":305,"column":13}},"67":{"start":{"line":304,"column":16},"end":{"line":304,"column":50}},"68":{"start":{"line":306,"column":32},"end":{"line":306,"column":44}},"69":{"start":{"line":307,"column":33},"end":{"line":307,"column":34}},"70":{"start":{"line":308,"column":12},"end":{"line":310,"column":13}},"71":{"start":{"line":308,"column":25},"end":{"line":308,"column":26}},"72":{"start":{"line":309,"column":16},"end":{"line":309,"column":68}},"73":{"start":{"line":311,"column":34},"end":{"line":311,"column":84}},"74":{"start":{"line":313,"column":32},"end":{"line":313,"column":33}},"75":{"start":{"line":314,"column":12},"end":{"line":316,"column":13}},"76":{"start":{"line":314,"column":24},"end":{"line":314,"column":25}},"77":{"start":{"line":315,"column":16},"end":{"line":315,"column":66}},"78":{"start":{"line":317,"column":33},"end":{"line":317,"column":82}},"79":{"start":{"line":318,"column":12},"end":{"line":330,"column":14}},"80":{"start":{"line":333,"column":12},"end":{"line":333,"column":24}},"81":{"start":{"line":339,"column":8},"end":{"line":341,"column":9}},"82":{"start":{"line":340,"column":12},"end":{"line":340,"column":55}},"83":{"start":{"line":343,"column":8},"end":{"line":415,"column":9}},"84":{"start":{"line":344,"column":25},"end":{"line":366,"column":14}},"85":{"start":{"line":367,"column":12},"end":{"line":369,"column":13}},"86":{"start":{"line":368,"column":16},"end":{"line":368,"column":50}},"87":{"start":{"line":372,"column":12},"end":{"line":374,"column":13}},"88":{"start":{"line":373,"column":16},"end":{"line":373,"column":60}},"89":{"start":{"line":377,"column":29},"end":{"line":381,"column":14}},"90":{"start":{"line":382,"column":33},"end":{"line":382,"column":88}},"91":{"start":{"line":382,"column":58},"end":{"line":382,"column":71}},"92":{"start":{"line":383,"column":32},"end":{"line":383,"column":103}},"93":{"start":{"line":385,"column":14},"end":{"line":412,"column":14}},"94":{"start":{"line":402,"column":65},"end":{"line":410,"column":22}},"95":{"start":{"line":414,"column":12},"end":{"line":414,"column":24}},"96":{"start":{"line":418,"column":32},"end":{"line":418,"column":99}},"97":{"start":{"line":420,"column":8},"end":{"line":422,"column":9}},"98":{"start":{"line":421,"column":12},"end":{"line":421,"column":54}},"99":{"start":{"line":423,"column":9},"end":{"line":425,"column":9}},"100":{"start":{"line":424,"column":8},"end":{"line":424,"column":46}},"101":{"start":{"line":427,"column":8},"end":{"line":429,"column":9}},"102":{"start":{"line":428,"column":12},"end":{"line":428,"column":48}},"103":{"start":{"line":430,"column":8},"end":{"line":467,"column":9}},"104":{"start":{"line":431,"column":25},"end":{"line":433,"column":14}},"105":{"start":{"line":434,"column":12},"end":{"line":436,"column":13}},"106":{"start":{"line":435,"column":16},"end":{"line":435,"column":50}},"107":{"start":{"line":437,"column":12},"end":{"line":439,"column":13}},"108":{"start":{"line":438,"column":16},"end":{"line":438,"column":60}},"109":{"start":{"line":441,"column":25},"end":{"line":451,"column":10}},"110":{"start":{"line":453,"column":8},"end":{"line":463,"column":10}},"111":{"start":{"line":466,"column":12},"end":{"line":466,"column":24}}},"fnMap":{"0":{"name":"to_number","decl":{"start":{"line":6,"column":9},"end":{"line":6,"column":18}},"loc":{"start":{"line":6,"column":29},"end":{"line":20,"column":1}}},"1":{"name":"(anonymous_2)","decl":{"start":{"line":89,"column":4},"end":{"line":89,"column":9}},"loc":{"start":{"line":89,"column":34},"end":{"line":134,"column":5}}},"2":{"name":"(anonymous_3)","decl":{"start":{"line":135,"column":4},"end":{"line":135,"column":9}},"loc":{"start":{"line":135,"column":32},"end":{"line":209,"column":5}}},"3":{"name":"(anonymous_4)","decl":{"start":{"line":211,"column":4},"end":{"line":211,"column":9}},"loc":{"start":{"line":211,"column":33},"end":{"line":255,"column":5}}},"4":{"name":"(anonymous_5)","decl":{"start":{"line":257,"column":4},"end":{"line":257,"column":9}},"loc":{"start":{"line":257,"column":47},"end":{"line":336,"column":5}}},"5":{"name":"(anonymous_6)","decl":{"start":{"line":338,"column":4},"end":{"line":338,"column":9}},"loc":{"start":{"line":338,"column":47},"end":{"line":416,"column":5}}},"6":{"name":"(anonymous_7)","decl":{"start":{"line":382,"column":46},"end":{"line":382,"column":47}},"loc":{"start":{"line":382,"column":58},"end":{"line":382,"column":71}}},"7":{"name":"(anonymous_8)","decl":{"start":{"line":402,"column":49},"end":{"line":402,"column":50}},"loc":{"start":{"line":402,"column":65},"end":{"line":410,"column":22}}},"8":{"name":"(anonymous_9)","decl":{"start":{"line":417,"column":4},"end":{"line":417,"column":9}},"loc":{"start":{"line":417,"column":42},"end":{"line":469,"column":5}}}},"branchMap":{"0":{"loc":{"start":{"line":7,"column":4},"end":{"line":9,"column":5}},"type":"if","locations":[{"start":{"line":7,"column":4},"end":{"line":9,"column":5}},{"start":{},"end":{}}]},"1":{"loc":{"start":{"line":7,"column":8},"end":{"line":7,"column":45}},"type":"binary-expr","locations":[{"start":{"line":7,"column":8},"end":{"line":7,"column":22}},{"start":{"line":7,"column":26},"end":{"line":7,"column":45}}]},"2":{"loc":{"start":{"line":11,"column":4},"end":{"line":13,"column":5}},"type":"if","locations":[{"start":{"line":11,"column":4},"end":{"line":13,"column":5}},{"start":{},"end":{}}]},"3":{"loc":{"start":{"line":15,"column":4},"end":{"line":17,"column":5}},"type":"if","locations":[{"start":{"line":15,"column":4},"end":{"line":17,"column":5}},{"start":{},"end":{}}]},"4":{"loc":{"start":{"line":90,"column":8},"end":{"line":92,"column":9}},"type":"if","locations":[{"start":{"line":90,"column":8},"end":{"line":92,"column":9}},{"start":{},"end":{}}]},"5":{"loc":{"start":{"line":90,"column":11},"end":{"line":90,"column":44}},"type":"binary-expr","locations":[{"start":{"line":90,"column":11},"end":{"line":90,"column":24}},{"start":{"line":90,"column":28},"end":{"line":90,"column":44}}]},"6":{"loc":{"start":{"line":93,"column":8},"end":{"line":95,"column":9}},"type":"if","locations":[{"start":{"line":93,"column":8},"end":{"line":95,"column":9}},{"start":{},"end":{}}]},"7":{"loc":{"start":{"line":93,"column":11},"end":{"line":93,"column":62}},"type":"binary-expr","locations":[{"start":{"line":93,"column":11},"end":{"line":93,"column":35}},{"start":{"line":93,"column":38},"end":{"line":93,"column":62}}]},"8":{"loc":{"start":{"line":102,"column":12},"end":{"line":104,"column":13}},"type":"if","locations":[{"start":{"line":102,"column":12},"end":{"line":104,"column":13}},{"start":{},"end":{}}]},"9":{"loc":{"start":{"line":112,"column":12},"end":{"line":114,"column":13}},"type":"if","locations":[{"start":{"line":112,"column":12},"end":{"line":114,"column":13}},{"start":{},"end":{}}]},"10":{"loc":{"start":{"line":137,"column":8},"end":{"line":139,"column":9}},"type":"if","locations":[{"start":{"line":137,"column":8},"end":{"line":139,"column":9}},{"start":{},"end":{}}]},"11":{"loc":{"start":{"line":137,"column":11},"end":{"line":137,"column":41}},"type":"binary-expr","locations":[{"start":{"line":137,"column":11},"end":{"line":137,"column":24}},{"start":{"line":137,"column":28},"end":{"line":137,"column":41}}]},"12":{"loc":{"start":{"line":146,"column":12},"end":{"line":148,"column":13}},"type":"if","locations":[{"start":{"line":146,"column":12},"end":{"line":148,"column":13}},{"start":{},"end":{}}]},"13":{"loc":{"start":{"line":149,"column":13},"end":{"line":151,"column":13}},"type":"if","locations":[{"start":{"line":149,"column":13},"end":{"line":151,"column":13}},{"start":{},"end":{}}]},"14":{"loc":{"start":{"line":152,"column":12},"end":{"line":154,"column":13}},"type":"if","locations":[{"start":{"line":152,"column":12},"end":{"line":154,"column":13}},{"start":{},"end":{}}]},"15":{"loc":{"start":{"line":173,"column":35},"end":{"line":173,"column":65}},"type":"binary-expr","locations":[{"start":{"line":173,"column":35},"end":{"line":173,"column":59}},{"start":{"line":173,"column":63},"end":{"line":173,"column":65}}]},"16":{"loc":{"start":{"line":212,"column":8},"end":{"line":214,"column":9}},"type":"if","locations":[{"start":{"line":212,"column":8},"end":{"line":214,"column":9}},{"start":{},"end":{}}]},"17":{"loc":{"start":{"line":217,"column":12},"end":{"line":219,"column":13}},"type":"if","locations":[{"start":{"line":217,"column":12},"end":{"line":219,"column":13}},{"start":{},"end":{}}]},"18":{"loc":{"start":{"line":225,"column":12},"end":{"line":227,"column":13}},"type":"if","locations":[{"start":{"line":225,"column":12},"end":{"line":227,"column":13}},{"start":{},"end":{}}]},"19":{"loc":{"start":{"line":228,"column":12},"end":{"line":230,"column":13}},"type":"if","locations":[{"start":{"line":228,"column":12},"end":{"line":230,"column":13}},{"start":{},"end":{}}]},"20":{"loc":{"start":{"line":248,"column":31},"end":{"line":248,"column":69}},"type":"cond-expr","locations":[{"start":{"line":248,"column":48},"end":{"line":248,"column":64}},{"start":{"line":248,"column":67},"end":{"line":248,"column":69}}]},"21":{"loc":{"start":{"line":258,"column":8},"end":{"line":260,"column":9}},"type":"if","locations":[{"start":{"line":258,"column":8},"end":{"line":260,"column":9}},{"start":{},"end":{}}]},"22":{"loc":{"start":{"line":258,"column":11},"end":{"line":258,"column":44}},"type":"binary-expr","locations":[{"start":{"line":258,"column":11},"end":{"line":258,"column":24}},{"start":{"line":258,"column":28},"end":{"line":258,"column":44}}]},"23":{"loc":{"start":{"line":261,"column":8},"end":{"line":263,"column":9}},"type":"if","locations":[{"start":{"line":261,"column":8},"end":{"line":263,"column":9}},{"start":{},"end":{}}]},"24":{"loc":{"start":{"line":265,"column":25},"end":{"line":265,"column":52}},"type":"binary-expr","locations":[{"start":{"line":265,"column":25},"end":{"line":265,"column":38}},{"start":{"line":265,"column":42},"end":{"line":265,"column":52}}]},"25":{"loc":{"start":{"line":266,"column":8},"end":{"line":268,"column":9}},"type":"if","locations":[{"start":{"line":266,"column":8},"end":{"line":268,"column":9}},{"start":{},"end":{}}]},"26":{"loc":{"start":{"line":273,"column":12},"end":{"line":275,"column":13}},"type":"if","locations":[{"start":{"line":273,"column":12},"end":{"line":275,"column":13}},{"start":{},"end":{}}]},"27":{"loc":{"start":{"line":285,"column":12},"end":{"line":287,"column":13}},"type":"if","locations":[{"start":{"line":285,"column":12},"end":{"line":287,"column":13}},{"start":{},"end":{}}]},"28":{"loc":{"start":{"line":303,"column":12},"end":{"line":305,"column":13}},"type":"if","locations":[{"start":{"line":303,"column":12},"end":{"line":305,"column":13}},{"start":{},"end":{}}]},"29":{"loc":{"start":{"line":309,"column":41},"end":{"line":309,"column":66}},"type":"binary-expr","locations":[{"start":{"line":309,"column":41},"end":{"line":309,"column":61}},{"start":{"line":309,"column":65},"end":{"line":309,"column":66}}]},"30":{"loc":{"start":{"line":311,"column":34},"end":{"line":311,"column":84}},"type":"cond-expr","locations":[{"start":{"line":311,"column":52},"end":{"line":311,"column":80}},{"start":{"line":311,"column":83},"end":{"line":311,"column":84}}]},"31":{"loc":{"start":{"line":315,"column":34},"end":{"line":315,"column":64}},"type":"binary-expr","locations":[{"start":{"line":315,"column":34},"end":{"line":315,"column":59}},{"start":{"line":315,"column":63},"end":{"line":315,"column":64}}]},"32":{"loc":{"start":{"line":317,"column":33},"end":{"line":317,"column":82}},"type":"cond-expr","locations":[{"start":{"line":317,"column":51},"end":{"line":317,"column":78}},{"start":{"line":317,"column":81},"end":{"line":317,"column":82}}]},"33":{"loc":{"start":{"line":339,"column":8},"end":{"line":341,"column":9}},"type":"if","locations":[{"start":{"line":339,"column":8},"end":{"line":341,"column":9}},{"start":{},"end":{}}]},"34":{"loc":{"start":{"line":339,"column":11},"end":{"line":339,"column":41}},"type":"binary-expr","locations":[{"start":{"line":339,"column":11},"end":{"line":339,"column":24}},{"start":{"line":339,"column":28},"end":{"line":339,"column":41}}]},"35":{"loc":{"start":{"line":367,"column":12},"end":{"line":369,"column":13}},"type":"if","locations":[{"start":{"line":367,"column":12},"end":{"line":369,"column":13}},{"start":{},"end":{}}]},"36":{"loc":{"start":{"line":372,"column":12},"end":{"line":374,"column":13}},"type":"if","locations":[{"start":{"line":372,"column":12},"end":{"line":374,"column":13}},{"start":{},"end":{}}]},"37":{"loc":{"start":{"line":383,"column":32},"end":{"line":383,"column":103}},"type":"cond-expr","locations":[{"start":{"line":383,"column":58},"end":{"line":383,"column":65}},{"start":{"line":383,"column":68},"end":{"line":383,"column":103}}]},"38":{"loc":{"start":{"line":383,"column":68},"end":{"line":383,"column":103}},"type":"binary-expr","locations":[{"start":{"line":383,"column":68},"end":{"line":383,"column":83}},{"start":{"line":383,"column":87},"end":{"line":383,"column":103}}]},"39":{"loc":{"start":{"line":397,"column":28},"end":{"line":401,"column":28}},"type":"cond-expr","locations":[{"start":{"line":397,"column":52},"end":{"line":401,"column":22}},{"start":{"line":401,"column":24},"end":{"line":401,"column":28}}]},"40":{"loc":{"start":{"line":420,"column":8},"end":{"line":422,"column":9}},"type":"if","locations":[{"start":{"line":420,"column":8},"end":{"line":422,"column":9}},{"start":{},"end":{}}]},"41":{"loc":{"start":{"line":420,"column":11},"end":{"line":420,"column":39}},"type":"binary-expr","locations":[{"start":{"line":420,"column":11},"end":{"line":420,"column":24}},{"start":{"line":420,"column":26},"end":{"line":420,"column":39}}]},"42":{"loc":{"start":{"line":423,"column":9},"end":{"line":425,"column":9}},"type":"if","locations":[{"start":{"line":423,"column":9},"end":{"line":425,"column":9}},{"start":{},"end":{}}]},"43":{"loc":{"start":{"line":427,"column":8},"end":{"line":429,"column":9}},"type":"if","locations":[{"start":{"line":427,"column":8},"end":{"line":429,"column":9}},{"start":{},"end":{}}]},"44":{"loc":{"start":{"line":427,"column":11},"end":{"line":427,"column":51}},"type":"binary-expr","locations":[{"start":{"line":427,"column":11},"end":{"line":427,"column":29}},{"start":{"line":427,"column":33},"end":{"line":427,"column":51}}]},"45":{"loc":{"start":{"line":434,"column":12},"end":{"line":436,"column":13}},"type":"if","locations":[{"start":{"line":434,"column":12},"end":{"line":436,"column":13}},{"start":{},"end":{}}]},"46":{"loc":{"start":{"line":437,"column":12},"end":{"line":439,"column":13}},"type":"if","locations":[{"start":{"line":437,"column":12},"end":{"line":439,"column":13}},{"start":{},"end":{}}]}},"s":{"0":2,"1":8,"2":0,"3":8,"4":4,"5":4,"6":4,"7":0,"8":2,"9":5,"10":1,"11":4,"12":1,"13":3,"14":3,"15":3,"16":1,"17":2,"18":2,"19":1,"20":1,"21":1,"22":2,"23":4,"24":0,"25":4,"26":4,"27":4,"28":1,"29":3,"30":1,"31":2,"32":1,"33":1,"34":1,"35":1,"36":1,"37":1,"38":3,"39":3,"40":0,"41":3,"42":3,"43":0,"44":3,"45":3,"46":1,"47":2,"48":1,"49":1,"50":2,"51":3,"52":0,"53":3,"54":1,"55":2,"56":2,"57":0,"58":2,"59":2,"60":2,"61":1,"62":1,"63":1,"64":0,"65":1,"66":1,"67":0,"68":1,"69":1,"70":1,"71":1,"72":2,"73":1,"74":1,"75":1,"76":1,"77":2,"78":1,"79":1,"80":1,"81":3,"82":0,"83":3,"84":3,"85":3,"86":1,"87":2,"88":1,"89":1,"90":1,"91":1,"92":1,"93":1,"94":1,"95":2,"96":5,"97":5,"98":0,"99":5,"100":1,"101":4,"102":1,"103":3,"104":3,"105":3,"106":1,"107":2,"108":1,"109":1,"110":1,"111":2},"f":{"0":8,"1":5,"2":4,"3":3,"4":3,"5":3,"6":1,"7":1,"8":5},"b":{"0":[0,8],"1":[8,8],"2":[4,4],"3":[4,0],"4":[1,4],"5":[5,4],"6":[1,3],"7":[4,3],"8":[1,2],"9":[1,1],"10":[0,4],"11":[4,4],"12":[1,3],"13":[1,2],"14":[1,1],"15":[1,1],"16":[0,3],"17":[0,3],"18":[1,2],"19":[1,1],"20":[0,1],"21":[0,3],"22":[3,3],"23":[1,2],"24":[2,1],"25":[0,2],"26":[1,1],"27":[0,1],"28":[0,1],"29":[2,0],"30":[1,0],"31":[2,0],"32":[1,0],"33":[0,3],"34":[3,3],"35":[1,2],"36":[1,1],"37":[0,1],"38":[1,0],"39":[1,0],"40":[0,5],"41":[5,5],"42":[1,4],"43":[1,3],"44":[4,3],"45":[1,2],"46":[1,1]}}
,"/home/padi/COS 301/Driving-Tracker/backend/src/utils/errors.ts": {"path":"/home/padi/COS 301/Driving-Tracker/backend/src/utils/errors.ts","statementMap":{"0":{"start":{"line":5,"column":8},"end":{"line":5,"column":23}},"1":{"start":{"line":4,"column":40},"end":{"line":4,"column":53}},"2":{"start":{"line":6,"column":8},"end":{"line":6,"column":36}},"3":{"start":{"line":10,"column":8},"end":{"line":10,"column":52}},"4":{"start":{"line":2,"column":0},"end":{"line":2,"column":13}},"5":{"start":{"line":17,"column":8},"end":{"line":17,"column":23}},"6":{"start":{"line":16,"column":40},"end":{"line":16,"column":65}},"7":{"start":{"line":18,"column":8},"end":{"line":18,"column":34}},"8":{"start":{"line":22,"column":8},"end":{"line":22,"column":49}},"9":{"start":{"line":14,"column":0},"end":{"line":14,"column":13}},"10":{"start":{"line":29,"column":8},"end":{"line":29,"column":23}},"11":{"start":{"line":28,"column":40},"end":{"line":28,"column":57}},"12":{"start":{"line":30,"column":8},"end":{"line":30,"column":34}},"13":{"start":{"line":26,"column":0},"end":{"line":26,"column":13}}},"fnMap":{"0":{"name":"(anonymous_0)","decl":{"start":{"line":4,"column":4},"end":{"line":4,"column":16}},"loc":{"start":{"line":4,"column":53},"end":{"line":7,"column":5}}},"1":{"name":"(anonymous_1)","decl":{"start":{"line":9,"column":4},"end":{"line":9,"column":8}},"loc":{"start":{"line":9,"column":17},"end":{"line":11,"column":5}}},"2":{"name":"(anonymous_2)","decl":{"start":{"line":16,"column":4},"end":{"line":16,"column":16}},"loc":{"start":{"line":16,"column":65},"end":{"line":19,"column":5}}},"3":{"name":"(anonymous_3)","decl":{"start":{"line":21,"column":4},"end":{"line":21,"column":8}},"loc":{"start":{"line":21,"column":17},"end":{"line":23,"column":5}}},"4":{"name":"(anonymous_4)","decl":{"start":{"line":28,"column":4},"end":{"line":28,"column":16}},"loc":{"start":{"line":28,"column":57},"end":{"line":31,"column":5}}}},"branchMap":{},"s":{"0":7,"1":7,"2":7,"3":3,"4":7,"5":2,"6":2,"7":2,"8":1,"9":7,"10":1,"11":1,"12":1,"13":7},"f":{"0":7,"1":3,"2":2,"3":1,"4":1},"b":{}}
}
