{"/Users/sentemngomezulu/Developer/Driving-Tracker/backend/src/controllers/auth.controller.ts": {"path":"/Users/sentemngomezulu/Developer/Driving-Tracker/backend/src/controllers/auth.controller.ts","statementMap":{"0":{"start":{"line":2,"column":0},"end":{"line":2,"column":57}},"1":{"start":{"line":3,"column":0},"end":{"line":3,"column":63}},"2":{"start":{"line":4,"column":0},"end":{"line":4,"column":80}},"3":{"start":{"line":6,"column":22},"end":{"line":120,"column":2}},"4":{"start":{"line":10,"column":92},"end":{"line":10,"column":100}},"5":{"start":{"line":12,"column":8},"end":{"line":40,"column":9}},"6":{"start":{"line":14,"column":40},"end":{"line":14,"column":138}},"7":{"start":{"line":17,"column":31},"end":{"line":17,"column":83}},"8":{"start":{"line":20,"column":12},"end":{"line":23,"column":15}},"9":{"start":{"line":27,"column":12},"end":{"line":30,"column":13}},"10":{"start":{"line":28,"column":16},"end":{"line":28,"column":83}},"11":{"start":{"line":29,"column":16},"end":{"line":29,"column":23}},"12":{"start":{"line":32,"column":12},"end":{"line":35,"column":13}},"13":{"start":{"line":33,"column":16},"end":{"line":33,"column":83}},"14":{"start":{"line":34,"column":16},"end":{"line":34,"column":23}},"15":{"start":{"line":37,"column":12},"end":{"line":37,"column":66}},"16":{"start":{"line":38,"column":12},"end":{"line":38,"column":19}},"17":{"start":{"line":44,"column":37},"end":{"line":44,"column":45}},"18":{"start":{"line":46,"column":8},"end":{"line":69,"column":9}},"19":{"start":{"line":48,"column":40},"end":{"line":48,"column":86}},"20":{"start":{"line":51,"column":31},"end":{"line":51,"column":83}},"21":{"start":{"line":53,"column":12},"end":{"line":56,"column":15}},"22":{"start":{"line":60,"column":12},"end":{"line":64,"column":13}},"23":{"start":{"line":62,"column":16},"end":{"line":62,"column":82}},"24":{"start":{"line":63,"column":16},"end":{"line":63,"column":23}},"25":{"start":{"line":66,"column":12},"end":{"line":66,"column":66}},"26":{"start":{"line":67,"column":12},"end":{"line":67,"column":19}},"27":{"start":{"line":74,"column":8},"end":{"line":82,"column":9}},"28":{"start":{"line":76,"column":11},"end":{"line":76,"column":54}},"29":{"start":{"line":77,"column":11},"end":{"line":77,"column":76}},"30":{"start":{"line":80,"column":12},"end":{"line":80,"column":102}},"31":{"start":{"line":87,"column":31},"end":{"line":87,"column":39}},"32":{"start":{"line":89,"column":8},"end":{"line":93,"column":9}},"33":{"start":{"line":91,"column":12},"end":{"line":91,"column":101}},"34":{"start":{"line":92,"column":12},"end":{"line":92,"column":19}},"35":{"start":{"line":95,"column":8},"end":{"line":117,"column":9}},"36":{"start":{"line":97,"column":45},"end":{"line":97,"column":87}},"37":{"start":{"line":99,"column":31},"end":{"line":99,"column":83}},"38":{"start":{"line":101,"column":12},"end":{"line":104,"column":15}},"39":{"start":{"line":107,"column":12},"end":{"line":114,"column":13}},"40":{"start":{"line":109,"column":16},"end":{"line":112,"column":19}},"41":{"start":{"line":113,"column":16},"end":{"line":113,"column":23}},"42":{"start":{"line":116,"column":12},"end":{"line":116,"column":67}},"43":{"start":{"line":122,"column":0},"end":{"line":122,"column":31}}},"fnMap":{"0":{"name":"(anonymous_0)","decl":{"start":{"line":8,"column":4},"end":{"line":8,"column":9}},"loc":{"start":{"line":8,"column":45},"end":{"line":41,"column":5}}},"1":{"name":"(anonymous_1)","decl":{"start":{"line":42,"column":4},"end":{"line":42,"column":9}},"loc":{"start":{"line":42,"column":42},"end":{"line":71,"column":5}}},"2":{"name":"(anonymous_2)","decl":{"start":{"line":72,"column":4},"end":{"line":72,"column":9}},"loc":{"start":{"line":72,"column":48},"end":{"line":83,"column":5}}},"3":{"name":"(anonymous_3)","decl":{"start":{"line":85,"column":4},"end":{"line":85,"column":9}},"loc":{"start":{"line":85,"column":45},"end":{"line":118,"column":5}}}},"branchMap":{"0":{"loc":{"start":{"line":27,"column":12},"end":{"line":30,"column":13}},"type":"if","locations":[{"start":{"line":27,"column":12},"end":{"line":30,"column":13}},{"start":{},"end":{}}]},"1":{"loc":{"start":{"line":32,"column":12},"end":{"line":35,"column":13}},"type":"if","locations":[{"start":{"line":32,"column":12},"end":{"line":35,"column":13}},{"start":{},"end":{}}]},"2":{"loc":{"start":{"line":60,"column":12},"end":{"line":64,"column":13}},"type":"if","locations":[{"start":{"line":60,"column":12},"end":{"line":64,"column":13}},{"start":{},"end":{}}]},"3":{"loc":{"start":{"line":89,"column":8},"end":{"line":93,"column":9}},"type":"if","locations":[{"start":{"line":89,"column":8},"end":{"line":93,"column":9}},{"start":{},"end":{}}]},"4":{"loc":{"start":{"line":107,"column":12},"end":{"line":114,"column":13}},"type":"if","locations":[{"start":{"line":107,"column":12},"end":{"line":114,"column":13}},{"start":{},"end":{}}]}},"s":{"0":3,"1":3,"2":3,"3":3,"4":4,"5":4,"6":4,"7":1,"8":1,"9":3,"10":2,"11":2,"12":1,"13":1,"14":1,"15":0,"16":0,"17":3,"18":3,"19":3,"20":1,"21":1,"22":2,"23":1,"24":1,"25":1,"26":1,"27":0,"28":0,"29":0,"30":0,"31":4,"32":4,"33":1,"34":1,"35":3,"36":3,"37":1,"38":1,"39":2,"40":1,"41":1,"42":1,"43":3},"f":{"0":4,"1":3,"2":0,"3":4},"b":{"0":[2,1],"1":[1,0],"2":[1,1],"3":[1,3],"4":[1,1]}}
,"/Users/sentemngomezulu/Developer/Driving-Tracker/backend/src/controllers/badges_leaderboard.controller.ts": {"path":"/Users/sentemngomezulu/Developer/Driving-Tracker/backend/src/controllers/badges_leaderboard.controller.ts","statementMap":{"0":{"start":{"line":3,"column":0},"end":{"line":3,"column":86}},"1":{"start":{"line":4,"column":36},"end":{"line":88,"column":2}},"2":{"start":{"line":6,"column":8},"end":{"line":48,"column":9}},"3":{"start":{"line":7,"column":39},"end":{"line":7,"column":52}},"4":{"start":{"line":8,"column":29},"end":{"line":8,"column":37}},"5":{"start":{"line":10,"column":12},"end":{"line":15,"column":13}},"6":{"start":{"line":11,"column":16},"end":{"line":13,"column":19}},"7":{"start":{"line":14,"column":16},"end":{"line":14,"column":23}},"8":{"start":{"line":16,"column":12},"end":{"line":21,"column":13}},"9":{"start":{"line":17,"column":16},"end":{"line":19,"column":19}},"10":{"start":{"line":20,"column":16},"end":{"line":20,"column":24}},"11":{"start":{"line":22,"column":27},"end":{"line":25,"column":18}},"12":{"start":{"line":27,"column":12},"end":{"line":30,"column":15}},"13":{"start":{"line":33,"column":12},"end":{"line":47,"column":13}},"14":{"start":{"line":34,"column":16},"end":{"line":37,"column":19}},"15":{"start":{"line":38,"column":19},"end":{"line":47,"column":13}},"16":{"start":{"line":39,"column":20},"end":{"line":41,"column":23}},"17":{"start":{"line":43,"column":16},"end":{"line":46,"column":19}},"18":{"start":{"line":51,"column":8},"end":{"line":68,"column":9}},"19":{"start":{"line":52,"column":28},"end":{"line":52,"column":41}},"20":{"start":{"line":54,"column":12},"end":{"line":58,"column":13}},"21":{"start":{"line":55,"column":16},"end":{"line":57,"column":19}},"22":{"start":{"line":60,"column":27},"end":{"line":60,"column":84}},"23":{"start":{"line":62,"column":12},"end":{"line":62,"column":48}},"24":{"start":{"line":64,"column":12},"end":{"line":67,"column":15}},"25":{"start":{"line":72,"column":8},"end":{"line":86,"column":9}},"26":{"start":{"line":73,"column":28},"end":{"line":73,"column":41}},"27":{"start":{"line":74,"column":12},"end":{"line":76,"column":13}},"28":{"start":{"line":75,"column":16},"end":{"line":75,"column":71}},"29":{"start":{"line":78,"column":27},"end":{"line":78,"column":84}},"30":{"start":{"line":80,"column":12},"end":{"line":80,"column":48}},"31":{"start":{"line":82,"column":12},"end":{"line":85,"column":15}},"32":{"start":{"line":89,"column":0},"end":{"line":89,"column":44}}},"fnMap":{"0":{"name":"(anonymous_0)","decl":{"start":{"line":5,"column":4},"end":{"line":5,"column":9}},"loc":{"start":{"line":5,"column":58},"end":{"line":49,"column":5}}},"1":{"name":"(anonymous_1)","decl":{"start":{"line":50,"column":4},"end":{"line":50,"column":9}},"loc":{"start":{"line":50,"column":50},"end":{"line":69,"column":5}}},"2":{"name":"(anonymous_2)","decl":{"start":{"line":71,"column":4},"end":{"line":71,"column":9}},"loc":{"start":{"line":71,"column":63},"end":{"line":87,"column":5}}}},"branchMap":{"0":{"loc":{"start":{"line":10,"column":12},"end":{"line":15,"column":13}},"type":"if","locations":[{"start":{"line":10,"column":12},"end":{"line":15,"column":13}},{"start":{},"end":{}}]},"1":{"loc":{"start":{"line":16,"column":12},"end":{"line":21,"column":13}},"type":"if","locations":[{"start":{"line":16,"column":12},"end":{"line":21,"column":13}},{"start":{},"end":{}}]},"2":{"loc":{"start":{"line":16,"column":15},"end":{"line":16,"column":68}},"type":"binary-expr","locations":[{"start":{"line":16,"column":15},"end":{"line":16,"column":29}},{"start":{"line":16,"column":33},"end":{"line":16,"column":68}}]},"3":{"loc":{"start":{"line":33,"column":12},"end":{"line":47,"column":13}},"type":"if","locations":[{"start":{"line":33,"column":12},"end":{"line":47,"column":13}},{"start":{"line":38,"column":19},"end":{"line":47,"column":13}}]},"4":{"loc":{"start":{"line":38,"column":19},"end":{"line":47,"column":13}},"type":"if","locations":[{"start":{"line":38,"column":19},"end":{"line":47,"column":13}},{"start":{"line":42,"column":19},"end":{"line":47,"column":13}}]},"5":{"loc":{"start":{"line":54,"column":12},"end":{"line":58,"column":13}},"type":"if","locations":[{"start":{"line":54,"column":12},"end":{"line":58,"column":13}},{"start":{},"end":{}}]},"6":{"loc":{"start":{"line":74,"column":12},"end":{"line":76,"column":13}},"type":"if","locations":[{"start":{"line":74,"column":12},"end":{"line":76,"column":13}},{"start":{},"end":{}}]}},"s":{"0":1,"1":1,"2":5,"3":5,"4":5,"5":5,"6":1,"7":1,"8":4,"9":0,"10":0,"11":4,"12":1,"13":3,"14":1,"15":2,"16":1,"17":1,"18":2,"19":2,"20":2,"21":1,"22":1,"23":1,"24":0,"25":2,"26":2,"27":2,"28":1,"29":1,"30":1,"31":0,"32":1},"f":{"0":5,"1":2,"2":2},"b":{"0":[1,4],"1":[0,4],"2":[4,4],"3":[1,2],"4":[1,1],"5":[1,1],"6":[1,1]}}
,"/Users/sentemngomezulu/Developer/Driving-Tracker/backend/src/controllers/contacts.controller.ts": {"path":"/Users/sentemngomezulu/Developer/Driving-Tracker/backend/src/controllers/contacts.controller.ts","statementMap":{"0":{"start":{"line":3,"column":0},"end":{"line":3,"column":65}},"1":{"start":{"line":4,"column":0},"end":{"line":4,"column":48}},"2":{"start":{"line":8,"column":2},"end":{"line":8,"column":31}},"3":{"start":{"line":11,"column":28},"end":{"line":317,"column":2}},"4":{"start":{"line":16,"column":24},"end":{"line":16,"column":40}},"5":{"start":{"line":17,"column":8},"end":{"line":19,"column":9}},"6":{"start":{"line":18,"column":12},"end":{"line":18,"column":66}},"7":{"start":{"line":21,"column":30},"end":{"line":21,"column":44}},"8":{"start":{"line":24,"column":8},"end":{"line":29,"column":9}},"9":{"start":{"line":25,"column":12},"end":{"line":28,"column":15}},"10":{"start":{"line":31,"column":8},"end":{"line":72,"column":9}},"11":{"start":{"line":33,"column":27},"end":{"line":33,"column":93}},"12":{"start":{"line":34,"column":12},"end":{"line":39,"column":15}},"13":{"start":{"line":42,"column":12},"end":{"line":48,"column":13}},"14":{"start":{"line":44,"column":16},"end":{"line":47,"column":19}},"15":{"start":{"line":50,"column":12},"end":{"line":55,"column":13}},"16":{"start":{"line":51,"column":16},"end":{"line":54,"column":19}},"17":{"start":{"line":56,"column":12},"end":{"line":61,"column":13}},"18":{"start":{"line":57,"column":16},"end":{"line":60,"column":19}},"19":{"start":{"line":62,"column":12},"end":{"line":67,"column":13}},"20":{"start":{"line":63,"column":16},"end":{"line":66,"column":19}},"21":{"start":{"line":69,"column":12},"end":{"line":71,"column":15}},"22":{"start":{"line":81,"column":24},"end":{"line":81,"column":40}},"23":{"start":{"line":82,"column":8},"end":{"line":86,"column":9}},"24":{"start":{"line":83,"column":12},"end":{"line":85,"column":15}},"25":{"start":{"line":88,"column":8},"end":{"line":106,"column":9}},"26":{"start":{"line":90,"column":29},"end":{"line":90,"column":82}},"27":{"start":{"line":92,"column":12},"end":{"line":95,"column":15}},"28":{"start":{"line":97,"column":12},"end":{"line":102,"column":13}},"29":{"start":{"line":98,"column":16},"end":{"line":101,"column":19}},"30":{"start":{"line":103,"column":12},"end":{"line":105,"column":15}},"31":{"start":{"line":120,"column":24},"end":{"line":120,"column":40}},"32":{"start":{"line":121,"column":8},"end":{"line":125,"column":9}},"33":{"start":{"line":122,"column":12},"end":{"line":124,"column":15}},"34":{"start":{"line":127,"column":60},"end":{"line":127,"column":74}},"35":{"start":{"line":129,"column":8},"end":{"line":134,"column":9}},"36":{"start":{"line":130,"column":12},"end":{"line":133,"column":15}},"37":{"start":{"line":138,"column":8},"end":{"line":138,"column":88}},"38":{"start":{"line":138,"column":53},"end":{"line":138,"column":66}},"39":{"start":{"line":140,"column":8},"end":{"line":176,"column":9}},"40":{"start":{"line":141,"column":12},"end":{"line":147,"column":15}},"41":{"start":{"line":148,"column":12},"end":{"line":150,"column":15}},"42":{"start":{"line":152,"column":12},"end":{"line":157,"column":13}},"43":{"start":{"line":153,"column":16},"end":{"line":156,"column":19}},"44":{"start":{"line":159,"column":12},"end":{"line":164,"column":13}},"45":{"start":{"line":160,"column":16},"end":{"line":163,"column":19}},"46":{"start":{"line":166,"column":12},"end":{"line":171,"column":13}},"47":{"start":{"line":167,"column":16},"end":{"line":170,"column":19}},"48":{"start":{"line":173,"column":12},"end":{"line":175,"column":15}},"49":{"start":{"line":197,"column":24},"end":{"line":197,"column":40}},"50":{"start":{"line":198,"column":8},"end":{"line":202,"column":9}},"51":{"start":{"line":199,"column":12},"end":{"line":201,"column":15}},"52":{"start":{"line":203,"column":21},"end":{"line":203,"column":35}},"53":{"start":{"line":206,"column":24},"end":{"line":206,"column":130}},"54":{"start":{"line":207,"column":24},"end":{"line":207,"column":39}},"55":{"start":{"line":208,"column":29},"end":{"line":208,"column":45}},"56":{"start":{"line":211,"column":8},"end":{"line":211,"column":97}},"57":{"start":{"line":211,"column":62},"end":{"line":211,"column":75}},"58":{"start":{"line":213,"column":8},"end":{"line":218,"column":9}},"59":{"start":{"line":214,"column":12},"end":{"line":217,"column":15}},"60":{"start":{"line":220,"column":8},"end":{"line":225,"column":9}},"61":{"start":{"line":221,"column":12},"end":{"line":224,"column":15}},"62":{"start":{"line":228,"column":8},"end":{"line":270,"column":9}},"63":{"start":{"line":229,"column":27},"end":{"line":233,"column":14}},"64":{"start":{"line":235,"column":12},"end":{"line":242,"column":15}},"65":{"start":{"line":244,"column":12},"end":{"line":249,"column":13}},"66":{"start":{"line":245,"column":16},"end":{"line":248,"column":19}},"67":{"start":{"line":251,"column":12},"end":{"line":256,"column":13}},"68":{"start":{"line":252,"column":16},"end":{"line":255,"column":19}},"69":{"start":{"line":258,"column":12},"end":{"line":263,"column":13}},"70":{"start":{"line":259,"column":16},"end":{"line":262,"column":19}},"71":{"start":{"line":265,"column":12},"end":{"line":267,"column":13}},"72":{"start":{"line":266,"column":16},"end":{"line":266,"column":86}},"73":{"start":{"line":269,"column":12},"end":{"line":269,"column":76}},"74":{"start":{"line":280,"column":24},"end":{"line":280,"column":40}},"75":{"start":{"line":282,"column":8},"end":{"line":284,"column":9}},"76":{"start":{"line":283,"column":12},"end":{"line":283,"column":65}},"77":{"start":{"line":286,"column":25},"end":{"line":286,"column":33}},"78":{"start":{"line":288,"column":29},"end":{"line":288,"column":39}},"79":{"start":{"line":290,"column":8},"end":{"line":292,"column":9}},"80":{"start":{"line":291,"column":12},"end":{"line":291,"column":null}},"81":{"start":{"line":294,"column":8},"end":{"line":314,"column":9}},"82":{"start":{"line":295,"column":29},"end":{"line":295,"column":107}},"83":{"start":{"line":297,"column":12},"end":{"line":300,"column":15}},"84":{"start":{"line":304,"column":12},"end":{"line":306,"column":13}},"85":{"start":{"line":305,"column":16},"end":{"line":305,"column":null}},"86":{"start":{"line":308,"column":12},"end":{"line":311,"column":13}},"87":{"start":{"line":310,"column":16},"end":{"line":310,"column":90}},"88":{"start":{"line":313,"column":12},"end":{"line":313,"column":131}},"89":{"start":{"line":318,"column":0},"end":{"line":318,"column":35}}},"fnMap":{"0":{"name":"get_user_id","decl":{"start":{"line":7,"column":9},"end":{"line":7,"column":20}},"loc":{"start":{"line":7,"column":37},"end":{"line":9,"column":1}}},"1":{"name":"(anonymous_1)","decl":{"start":{"line":15,"column":4},"end":{"line":15,"column":9}},"loc":{"start":{"line":15,"column":56},"end":{"line":73,"column":5}}},"2":{"name":"(anonymous_2)","decl":{"start":{"line":80,"column":4},"end":{"line":80,"column":9}},"loc":{"start":{"line":80,"column":54},"end":{"line":107,"column":5}}},"3":{"name":"(anonymous_3)","decl":{"start":{"line":119,"column":4},"end":{"line":119,"column":9}},"loc":{"start":{"line":119,"column":56},"end":{"line":177,"column":5}}},"4":{"name":"(anonymous_4)","decl":{"start":{"line":138,"column":46},"end":{"line":138,"column":47}},"loc":{"start":{"line":138,"column":53},"end":{"line":138,"column":66}}},"5":{"name":"(anonymous_5)","decl":{"start":{"line":196,"column":4},"end":{"line":196,"column":9}},"loc":{"start":{"line":196,"column":56},"end":{"line":271,"column":5}}},"6":{"name":"(anonymous_6)","decl":{"start":{"line":211,"column":55},"end":{"line":211,"column":56}},"loc":{"start":{"line":211,"column":62},"end":{"line":211,"column":75}}},"7":{"name":"(anonymous_7)","decl":{"start":{"line":279,"column":4},"end":{"line":279,"column":9}},"loc":{"start":{"line":279,"column":68},"end":{"line":316,"column":5}}}},"branchMap":{"0":{"loc":{"start":{"line":8,"column":9},"end":{"line":8,"column":30}},"type":"binary-expr","locations":[{"start":{"line":8,"column":9},"end":{"line":8,"column":22}},{"start":{"line":8,"column":26},"end":{"line":8,"column":30}}]},"1":{"loc":{"start":{"line":17,"column":8},"end":{"line":19,"column":9}},"type":"if","locations":[{"start":{"line":17,"column":8},"end":{"line":19,"column":9}},{"start":{},"end":{}}]},"2":{"loc":{"start":{"line":21,"column":30},"end":{"line":21,"column":44}},"type":"binary-expr","locations":[{"start":{"line":21,"column":30},"end":{"line":21,"column":38}},{"start":{"line":21,"column":42},"end":{"line":21,"column":44}}]},"3":{"loc":{"start":{"line":24,"column":8},"end":{"line":29,"column":9}},"type":"if","locations":[{"start":{"line":24,"column":8},"end":{"line":29,"column":9}},{"start":{},"end":{}}]},"4":{"loc":{"start":{"line":24,"column":11},"end":{"line":24,"column":56}},"type":"binary-expr","locations":[{"start":{"line":24,"column":11},"end":{"line":24,"column":22}},{"start":{"line":24,"column":26},"end":{"line":24,"column":56}}]},"5":{"loc":{"start":{"line":42,"column":12},"end":{"line":48,"column":13}},"type":"if","locations":[{"start":{"line":42,"column":12},"end":{"line":48,"column":13}},{"start":{},"end":{}}]},"6":{"loc":{"start":{"line":50,"column":12},"end":{"line":55,"column":13}},"type":"if","locations":[{"start":{"line":50,"column":12},"end":{"line":55,"column":13}},{"start":{},"end":{}}]},"7":{"loc":{"start":{"line":56,"column":12},"end":{"line":61,"column":13}},"type":"if","locations":[{"start":{"line":56,"column":12},"end":{"line":61,"column":13}},{"start":{},"end":{}}]},"8":{"loc":{"start":{"line":62,"column":12},"end":{"line":67,"column":13}},"type":"if","locations":[{"start":{"line":62,"column":12},"end":{"line":67,"column":13}},{"start":{},"end":{}}]},"9":{"loc":{"start":{"line":82,"column":8},"end":{"line":86,"column":9}},"type":"if","locations":[{"start":{"line":82,"column":8},"end":{"line":86,"column":9}},{"start":{},"end":{}}]},"10":{"loc":{"start":{"line":97,"column":12},"end":{"line":102,"column":13}},"type":"if","locations":[{"start":{"line":97,"column":12},"end":{"line":102,"column":13}},{"start":{},"end":{}}]},"11":{"loc":{"start":{"line":121,"column":8},"end":{"line":125,"column":9}},"type":"if","locations":[{"start":{"line":121,"column":8},"end":{"line":125,"column":9}},{"start":{},"end":{}}]},"12":{"loc":{"start":{"line":127,"column":60},"end":{"line":127,"column":74}},"type":"binary-expr","locations":[{"start":{"line":127,"column":60},"end":{"line":127,"column":68}},{"start":{"line":127,"column":72},"end":{"line":127,"column":74}}]},"13":{"loc":{"start":{"line":129,"column":8},"end":{"line":134,"column":9}},"type":"if","locations":[{"start":{"line":129,"column":8},"end":{"line":134,"column":9}},{"start":{},"end":{}}]},"14":{"loc":{"start":{"line":129,"column":12},"end":{"line":129,"column":102}},"type":"binary-expr","locations":[{"start":{"line":129,"column":12},"end":{"line":129,"column":23}},{"start":{"line":129,"column":27},"end":{"line":129,"column":57}},{"start":{"line":129,"column":61},"end":{"line":129,"column":70}},{"start":{"line":129,"column":74},"end":{"line":129,"column":102}}]},"15":{"loc":{"start":{"line":138,"column":8},"end":{"line":138,"column":88}},"type":"cond-expr","locations":[{"start":{"line":138,"column":33},"end":{"line":138,"column":83}},{"start":{"line":138,"column":86},"end":{"line":138,"column":88}}]},"16":{"loc":{"start":{"line":145,"column":25},"end":{"line":145,"column":69}},"type":"cond-expr","locations":[{"start":{"line":145,"column":55},"end":{"line":145,"column":62}},{"start":{"line":145,"column":65},"end":{"line":145,"column":69}}]},"17":{"loc":{"start":{"line":152,"column":12},"end":{"line":157,"column":13}},"type":"if","locations":[{"start":{"line":152,"column":12},"end":{"line":157,"column":13}},{"start":{},"end":{}}]},"18":{"loc":{"start":{"line":159,"column":12},"end":{"line":164,"column":13}},"type":"if","locations":[{"start":{"line":159,"column":12},"end":{"line":164,"column":13}},{"start":{},"end":{}}]},"19":{"loc":{"start":{"line":166,"column":12},"end":{"line":171,"column":13}},"type":"if","locations":[{"start":{"line":166,"column":12},"end":{"line":171,"column":13}},{"start":{},"end":{}}]},"20":{"loc":{"start":{"line":198,"column":8},"end":{"line":202,"column":9}},"type":"if","locations":[{"start":{"line":198,"column":8},"end":{"line":202,"column":9}},{"start":{},"end":{}}]},"21":{"loc":{"start":{"line":203,"column":21},"end":{"line":203,"column":35}},"type":"binary-expr","locations":[{"start":{"line":203,"column":21},"end":{"line":203,"column":29}},{"start":{"line":203,"column":33},"end":{"line":203,"column":35}}]},"22":{"loc":{"start":{"line":206,"column":24},"end":{"line":206,"column":130}},"type":"cond-expr","locations":[{"start":{"line":206,"column":110},"end":{"line":206,"column":123}},{"start":{"line":206,"column":126},"end":{"line":206,"column":130}}]},"23":{"loc":{"start":{"line":206,"column":24},"end":{"line":206,"column":107}},"type":"binary-expr","locations":[{"start":{"line":206,"column":24},"end":{"line":206,"column":37}},{"start":{"line":206,"column":41},"end":{"line":206,"column":74}},{"start":{"line":206,"column":78},"end":{"line":206,"column":107}}]},"24":{"loc":{"start":{"line":211,"column":8},"end":{"line":211,"column":97}},"type":"cond-expr","locations":[{"start":{"line":211,"column":38},"end":{"line":211,"column":92}},{"start":{"line":211,"column":95},"end":{"line":211,"column":97}}]},"25":{"loc":{"start":{"line":213,"column":8},"end":{"line":218,"column":9}},"type":"if","locations":[{"start":{"line":213,"column":8},"end":{"line":218,"column":9}},{"start":{},"end":{}}]},"26":{"loc":{"start":{"line":220,"column":8},"end":{"line":225,"column":9}},"type":"if","locations":[{"start":{"line":220,"column":8},"end":{"line":225,"column":9}},{"start":{},"end":{}}]},"27":{"loc":{"start":{"line":220,"column":11},"end":{"line":220,"column":50}},"type":"binary-expr","locations":[{"start":{"line":220,"column":11},"end":{"line":220,"column":19}},{"start":{"line":220,"column":23},"end":{"line":220,"column":50}}]},"28":{"loc":{"start":{"line":244,"column":12},"end":{"line":249,"column":13}},"type":"if","locations":[{"start":{"line":244,"column":12},"end":{"line":249,"column":13}},{"start":{},"end":{}}]},"29":{"loc":{"start":{"line":251,"column":12},"end":{"line":256,"column":13}},"type":"if","locations":[{"start":{"line":251,"column":12},"end":{"line":256,"column":13}},{"start":{},"end":{}}]},"30":{"loc":{"start":{"line":258,"column":12},"end":{"line":263,"column":13}},"type":"if","locations":[{"start":{"line":258,"column":12},"end":{"line":263,"column":13}},{"start":{},"end":{}}]},"31":{"loc":{"start":{"line":265,"column":12},"end":{"line":267,"column":13}},"type":"if","locations":[{"start":{"line":265,"column":12},"end":{"line":267,"column":13}},{"start":{},"end":{}}]},"32":{"loc":{"start":{"line":282,"column":8},"end":{"line":284,"column":9}},"type":"if","locations":[{"start":{"line":282,"column":8},"end":{"line":284,"column":9}},{"start":{},"end":{}}]},"33":{"loc":{"start":{"line":290,"column":8},"end":{"line":292,"column":9}},"type":"if","locations":[{"start":{"line":290,"column":8},"end":{"line":292,"column":9}},{"start":{},"end":{}}]},"34":{"loc":{"start":{"line":304,"column":12},"end":{"line":306,"column":13}},"type":"if","locations":[{"start":{"line":304,"column":12},"end":{"line":306,"column":13}},{"start":{},"end":{}}]},"35":{"loc":{"start":{"line":308,"column":12},"end":{"line":311,"column":13}},"type":"if","locations":[{"start":{"line":308,"column":12},"end":{"line":311,"column":13}},{"start":{},"end":{}}]}},"s":{"0":1,"1":1,"2":20,"3":1,"4":5,"5":5,"6":1,"7":4,"8":4,"9":1,"10":3,"11":3,"12":1,"13":2,"14":0,"15":2,"16":1,"17":1,"18":0,"19":1,"20":1,"21":0,"22":3,"23":3,"24":1,"25":2,"26":2,"27":1,"28":1,"29":1,"30":0,"31":4,"32":4,"33":1,"34":3,"35":3,"36":1,"37":2,"38":2,"39":2,"40":2,"41":1,"42":1,"43":0,"44":1,"45":1,"46":0,"47":0,"48":0,"49":4,"50":4,"51":1,"52":3,"53":3,"54":3,"55":3,"56":3,"57":2,"58":3,"59":1,"60":2,"61":0,"62":2,"63":2,"64":1,"65":1,"66":1,"67":0,"68":0,"69":0,"70":0,"71":0,"72":0,"73":0,"74":4,"75":4,"76":1,"77":3,"78":3,"79":3,"80":1,"81":2,"82":2,"83":1,"84":1,"85":0,"86":1,"87":0,"88":1,"89":1},"f":{"0":20,"1":5,"2":3,"3":4,"4":2,"5":4,"6":2,"7":4},"b":{"0":[20,5],"1":[1,4],"2":[4,0],"3":[1,3],"4":[4,4],"5":[0,2],"6":[1,1],"7":[0,1],"8":[1,0],"9":[1,2],"10":[1,0],"11":[1,3],"12":[3,0],"13":[1,2],"14":[3,3,2,2],"15":[2,0],"16":[0,2],"17":[0,1],"18":[1,0],"19":[0,0],"20":[1,3],"21":[3,0],"22":[0,3],"23":[3,3,3],"24":[3,0],"25":[1,2],"26":[0,2],"27":[2,2],"28":[1,0],"29":[0,0],"30":[0,0],"31":[0,0],"32":[1,3],"33":[1,2],"34":[0,1],"35":[0,1]}}
,"/Users/sentemngomezulu/Developer/Driving-Tracker/backend/src/controllers/leaderboard.controller.ts": {"path":"/Users/sentemngomezulu/Developer/Driving-Tracker/backend/src/controllers/leaderboard.controller.ts","statementMap":{"0":{"start":{"line":3,"column":0},"end":{"line":3,"column":72}},"1":{"start":{"line":6,"column":2},"end":{"line":6,"column":31}},"2":{"start":{"line":9,"column":31},"end":{"line":65,"column":2}},"3":{"start":{"line":12,"column":4},"end":{"line":29,"column":5}},"4":{"start":{"line":13,"column":22},"end":{"line":13,"column":38}},"5":{"start":{"line":14,"column":6},"end":{"line":16,"column":7}},"6":{"start":{"line":15,"column":8},"end":{"line":15,"column":63}},"7":{"start":{"line":18,"column":34},"end":{"line":18,"column":49}},"8":{"start":{"line":20,"column":6},"end":{"line":22,"column":7}},"9":{"start":{"line":21,"column":8},"end":{"line":21,"column":117}},"10":{"start":{"line":24,"column":21},"end":{"line":24,"column":93}},"11":{"start":{"line":26,"column":6},"end":{"line":26,"column":42}},"12":{"start":{"line":28,"column":6},"end":{"line":28,"column":113}},"13":{"start":{"line":33,"column":4},"end":{"line":46,"column":5}},"14":{"start":{"line":35,"column":22},"end":{"line":35,"column":38}},"15":{"start":{"line":37,"column":6},"end":{"line":37,"column":73}},"16":{"start":{"line":37,"column":19},"end":{"line":37,"column":73}},"17":{"start":{"line":39,"column":21},"end":{"line":39,"column":64}},"18":{"start":{"line":41,"column":6},"end":{"line":41,"column":42}},"19":{"start":{"line":45,"column":6},"end":{"line":45,"column":110}},"20":{"start":{"line":50,"column":4},"end":{"line":63,"column":5}},"21":{"start":{"line":52,"column":22},"end":{"line":52,"column":38}},"22":{"start":{"line":54,"column":6},"end":{"line":54,"column":73}},"23":{"start":{"line":54,"column":19},"end":{"line":54,"column":73}},"24":{"start":{"line":56,"column":21},"end":{"line":56,"column":60}},"25":{"start":{"line":58,"column":6},"end":{"line":58,"column":42}},"26":{"start":{"line":62,"column":6},"end":{"line":62,"column":110}},"27":{"start":{"line":67,"column":0},"end":{"line":67,"column":38}}},"fnMap":{"0":{"name":"get_user_id","decl":{"start":{"line":5,"column":9},"end":{"line":5,"column":20}},"loc":{"start":{"line":5,"column":37},"end":{"line":7,"column":1}}},"1":{"name":"(anonymous_1)","decl":{"start":{"line":11,"column":2},"end":{"line":11,"column":7}},"loc":{"start":{"line":11,"column":55},"end":{"line":30,"column":3}}},"2":{"name":"(anonymous_2)","decl":{"start":{"line":32,"column":2},"end":{"line":32,"column":7}},"loc":{"start":{"line":32,"column":54},"end":{"line":47,"column":3}}},"3":{"name":"(anonymous_3)","decl":{"start":{"line":49,"column":2},"end":{"line":49,"column":7}},"loc":{"start":{"line":49,"column":50},"end":{"line":64,"column":3}}}},"branchMap":{"0":{"loc":{"start":{"line":6,"column":9},"end":{"line":6,"column":30}},"type":"binary-expr","locations":[{"start":{"line":6,"column":9},"end":{"line":6,"column":22}},{"start":{"line":6,"column":26},"end":{"line":6,"column":30}}]},"1":{"loc":{"start":{"line":14,"column":6},"end":{"line":16,"column":7}},"type":"if","locations":[{"start":{"line":14,"column":6},"end":{"line":16,"column":7}},{"start":{},"end":{}}]},"2":{"loc":{"start":{"line":18,"column":34},"end":{"line":18,"column":49}},"type":"binary-expr","locations":[{"start":{"line":18,"column":34},"end":{"line":18,"column":43}},{"start":{"line":18,"column":47},"end":{"line":18,"column":49}}]},"3":{"loc":{"start":{"line":20,"column":6},"end":{"line":22,"column":7}},"type":"if","locations":[{"start":{"line":20,"column":6},"end":{"line":22,"column":7}},{"start":{},"end":{}}]},"4":{"loc":{"start":{"line":20,"column":10},"end":{"line":20,"column":90}},"type":"binary-expr","locations":[{"start":{"line":20,"column":10},"end":{"line":20,"column":19}},{"start":{"line":20,"column":23},"end":{"line":20,"column":51}},{"start":{"line":20,"column":55},"end":{"line":20,"column":61}},{"start":{"line":20,"column":65},"end":{"line":20,"column":90}}]},"5":{"loc":{"start":{"line":37,"column":6},"end":{"line":37,"column":73}},"type":"if","locations":[{"start":{"line":37,"column":6},"end":{"line":37,"column":73}},{"start":{},"end":{}}]},"6":{"loc":{"start":{"line":54,"column":6},"end":{"line":54,"column":73}},"type":"if","locations":[{"start":{"line":54,"column":6},"end":{"line":54,"column":73}},{"start":{},"end":{}}]}},"s":{"0":1,"1":12,"2":1,"3":6,"4":6,"5":6,"6":0,"7":6,"8":6,"9":3,"10":3,"11":3,"12":0,"13":3,"14":3,"15":3,"16":1,"17":2,"18":1,"19":1,"20":3,"21":3,"22":3,"23":1,"24":2,"25":1,"26":1,"27":1},"f":{"0":12,"1":6,"2":3,"3":3},"b":{"0":[12,2],"1":[0,6],"2":[6,0],"3":[3,3],"4":[6,5,4,3],"5":[1,2],"6":[1,2]}}
,"/Users/sentemngomezulu/Developer/Driving-Tracker/backend/src/controllers/trips.controller.ts": {"path":"/Users/sentemngomezulu/Developer/Driving-Tracker/backend/src/controllers/trips.controller.ts","statementMap":{"0":{"start":{"line":3,"column":0},"end":{"line":3,"column":60}},"1":{"start":{"line":5,"column":0},"end":{"line":5,"column":48}},"2":{"start":{"line":9,"column":26},"end":{"line":58,"column":1}},"3":{"start":{"line":10,"column":4},"end":{"line":57,"column":5}},"4":{"start":{"line":11,"column":24},"end":{"line":11,"column":37}},"5":{"start":{"line":12,"column":8},"end":{"line":15,"column":9}},"6":{"start":{"line":13,"column":12},"end":{"line":13,"column":60}},"7":{"start":{"line":14,"column":12},"end":{"line":14,"column":20}},"8":{"start":{"line":16,"column":91},"end":{"line":16,"column":99}},"9":{"start":{"line":19,"column":25},"end":{"line":26,"column":10}},"10":{"start":{"line":28,"column":8},"end":{"line":31,"column":11}},"11":{"start":{"line":33,"column":8},"end":{"line":37,"column":9}},"12":{"start":{"line":34,"column":12},"end":{"line":36,"column":15}},"13":{"start":{"line":38,"column":8},"end":{"line":42,"column":9}},"14":{"start":{"line":39,"column":12},"end":{"line":41,"column":15}},"15":{"start":{"line":43,"column":8},"end":{"line":47,"column":9}},"16":{"start":{"line":44,"column":12},"end":{"line":46,"column":15}},"17":{"start":{"line":49,"column":8},"end":{"line":56,"column":9}},"18":{"start":{"line":51,"column":12},"end":{"line":53,"column":13}},"19":{"start":{"line":52,"column":15},"end":{"line":52,"column":93}},"20":{"start":{"line":55,"column":12},"end":{"line":55,"column":83}},"21":{"start":{"line":9,"column":13},"end":{"line":9,"column":26}},"22":{"start":{"line":60,"column":24},"end":{"line":104,"column":1}},"23":{"start":{"line":61,"column":4},"end":{"line":103,"column":5}},"24":{"start":{"line":62,"column":28},"end":{"line":62,"column":38}},"25":{"start":{"line":63,"column":24},"end":{"line":63,"column":37}},"26":{"start":{"line":64,"column":139},"end":{"line":64,"column":147}},"27":{"start":{"line":66,"column":8},"end":{"line":71,"column":9}},"28":{"start":{"line":67,"column":12},"end":{"line":69,"column":15}},"29":{"start":{"line":70,"column":12},"end":{"line":70,"column":19}},"30":{"start":{"line":72,"column":33},"end":{"line":84,"column":10}},"31":{"start":{"line":86,"column":8},"end":{"line":89,"column":11}},"32":{"start":{"line":91,"column":8},"end":{"line":102,"column":9}},"33":{"start":{"line":92,"column":12},"end":{"line":92,"column":62}},"34":{"start":{"line":93,"column":15},"end":{"line":102,"column":9}},"35":{"start":{"line":94,"column":12},"end":{"line":96,"column":15}},"36":{"start":{"line":97,"column":14},"end":{"line":102,"column":9}},"37":{"start":{"line":98,"column":12},"end":{"line":98,"column":72}},"38":{"start":{"line":101,"column":12},"end":{"line":101,"column":69}},"39":{"start":{"line":60,"column":13},"end":{"line":60,"column":24}},"40":{"start":{"line":106,"column":27},"end":{"line":165,"column":1}},"41":{"start":{"line":107,"column":4},"end":{"line":164,"column":5}},"42":{"start":{"line":108,"column":24},"end":{"line":108,"column":37}},"43":{"start":{"line":123,"column":15},"end":{"line":123,"column":23}},"44":{"start":{"line":124,"column":12},"end":{"line":129,"column":13}},"45":{"start":{"line":125,"column":16},"end":{"line":127,"column":19}},"46":{"start":{"line":128,"column":16},"end":{"line":128,"column":23}},"47":{"start":{"line":131,"column":36},"end":{"line":147,"column":10}},"48":{"start":{"line":148,"column":8},"end":{"line":150,"column":11}},"49":{"start":{"line":153,"column":8},"end":{"line":163,"column":9}},"50":{"start":{"line":154,"column":12},"end":{"line":156,"column":15}},"51":{"start":{"line":157,"column":14},"end":{"line":163,"column":9}},"52":{"start":{"line":158,"column":12},"end":{"line":160,"column":15}},"53":{"start":{"line":161,"column":14},"end":{"line":163,"column":9}},"54":{"start":{"line":162,"column":12},"end":{"line":162,"column":57}},"55":{"start":{"line":106,"column":13},"end":{"line":106,"column":27}},"56":{"start":{"line":167,"column":27},"end":{"line":208,"column":1}},"57":{"start":{"line":168,"column":4},"end":{"line":207,"column":5}},"58":{"start":{"line":169,"column":24},"end":{"line":169,"column":37}},"59":{"start":{"line":171,"column":48},"end":{"line":171,"column":63}},"60":{"start":{"line":173,"column":8},"end":{"line":179,"column":9}},"61":{"start":{"line":174,"column":12},"end":{"line":177,"column":15}},"62":{"start":{"line":178,"column":12},"end":{"line":178,"column":19}},"63":{"start":{"line":181,"column":32},"end":{"line":186,"column":10}},"64":{"start":{"line":188,"column":9},"end":{"line":191,"column":11}},"65":{"start":{"line":193,"column":8},"end":{"line":193,"column":54}},"66":{"start":{"line":194,"column":8},"end":{"line":206,"column":9}},"67":{"start":{"line":195,"column":12},"end":{"line":197,"column":15}},"68":{"start":{"line":198,"column":15},"end":{"line":206,"column":9}},"69":{"start":{"line":199,"column":12},"end":{"line":201,"column":15}},"70":{"start":{"line":203,"column":12},"end":{"line":205,"column":15}},"71":{"start":{"line":167,"column":13},"end":{"line":167,"column":27}},"72":{"start":{"line":209,"column":32},"end":{"line":242,"column":1}},"73":{"start":{"line":210,"column":4},"end":{"line":241,"column":5}},"74":{"start":{"line":211,"column":28},"end":{"line":211,"column":38}},"75":{"start":{"line":212,"column":24},"end":{"line":212,"column":37}},"76":{"start":{"line":214,"column":8},"end":{"line":220,"column":9}},"77":{"start":{"line":215,"column":12},"end":{"line":218,"column":15}},"78":{"start":{"line":219,"column":12},"end":{"line":219,"column":19}},"79":{"start":{"line":222,"column":24},"end":{"line":222,"column":78}},"80":{"start":{"line":223,"column":8},"end":{"line":223,"column":38}},"81":{"start":{"line":226,"column":8},"end":{"line":240,"column":9}},"82":{"start":{"line":227,"column":12},"end":{"line":230,"column":15}},"83":{"start":{"line":231,"column":15},"end":{"line":240,"column":9}},"84":{"start":{"line":232,"column":12},"end":{"line":235,"column":19}},"85":{"start":{"line":237,"column":12},"end":{"line":239,"column":15}},"86":{"start":{"line":209,"column":13},"end":{"line":209,"column":32}},"87":{"start":{"line":243,"column":25},"end":{"line":288,"column":1}},"88":{"start":{"line":244,"column":4},"end":{"line":287,"column":5}},"89":{"start":{"line":245,"column":28},"end":{"line":245,"column":38}},"90":{"start":{"line":246,"column":24},"end":{"line":246,"column":37}},"91":{"start":{"line":247,"column":77},"end":{"line":247,"column":85}},"92":{"start":{"line":249,"column":8},"end":{"line":254,"column":9}},"93":{"start":{"line":250,"column":12},"end":{"line":252,"column":15}},"94":{"start":{"line":253,"column":12},"end":{"line":253,"column":19}},"95":{"start":{"line":256,"column":23},"end":{"line":264,"column":10}},"96":{"start":{"line":266,"column":8},"end":{"line":266,"column":37}},"97":{"start":{"line":268,"column":8},"end":{"line":286,"column":9}},"98":{"start":{"line":269,"column":12},"end":{"line":272,"column":15}},"99":{"start":{"line":273,"column":15},"end":{"line":286,"column":9}},"100":{"start":{"line":274,"column":12},"end":{"line":277,"column":15}},"101":{"start":{"line":278,"column":15},"end":{"line":286,"column":9}},"102":{"start":{"line":279,"column":12},"end":{"line":281,"column":15}},"103":{"start":{"line":283,"column":12},"end":{"line":285,"column":15}},"104":{"start":{"line":243,"column":13},"end":{"line":243,"column":25}}},"fnMap":{"0":{"name":"(anonymous_0)","decl":{"start":{"line":9,"column":26},"end":{"line":9,"column":31}},"loc":{"start":{"line":9,"column":68},"end":{"line":58,"column":1}}},"1":{"name":"(anonymous_1)","decl":{"start":{"line":60,"column":24},"end":{"line":60,"column":29}},"loc":{"start":{"line":60,"column":64},"end":{"line":104,"column":1}}},"2":{"name":"(anonymous_2)","decl":{"start":{"line":106,"column":27},"end":{"line":106,"column":32}},"loc":{"start":{"line":106,"column":67},"end":{"line":165,"column":1}}},"3":{"name":"(anonymous_3)","decl":{"start":{"line":167,"column":27},"end":{"line":167,"column":32}},"loc":{"start":{"line":167,"column":66},"end":{"line":208,"column":1}}},"4":{"name":"(anonymous_4)","decl":{"start":{"line":209,"column":32},"end":{"line":209,"column":37}},"loc":{"start":{"line":209,"column":74},"end":{"line":242,"column":1}}},"5":{"name":"(anonymous_5)","decl":{"start":{"line":243,"column":25},"end":{"line":243,"column":30}},"loc":{"start":{"line":243,"column":67},"end":{"line":288,"column":1}}}},"branchMap":{"0":{"loc":{"start":{"line":12,"column":8},"end":{"line":15,"column":9}},"type":"if","locations":[{"start":{"line":12,"column":8},"end":{"line":15,"column":9}},{"start":{},"end":{}}]},"1":{"loc":{"start":{"line":33,"column":8},"end":{"line":37,"column":9}},"type":"if","locations":[{"start":{"line":33,"column":8},"end":{"line":37,"column":9}},{"start":{},"end":{}}]},"2":{"loc":{"start":{"line":38,"column":8},"end":{"line":42,"column":9}},"type":"if","locations":[{"start":{"line":38,"column":8},"end":{"line":42,"column":9}},{"start":{},"end":{}}]},"3":{"loc":{"start":{"line":43,"column":8},"end":{"line":47,"column":9}},"type":"if","locations":[{"start":{"line":43,"column":8},"end":{"line":47,"column":9}},{"start":{},"end":{}}]},"4":{"loc":{"start":{"line":49,"column":8},"end":{"line":56,"column":9}},"type":"if","locations":[{"start":{"line":49,"column":8},"end":{"line":56,"column":9}},{"start":{},"end":{}}]},"5":{"loc":{"start":{"line":51,"column":12},"end":{"line":53,"column":13}},"type":"if","locations":[{"start":{"line":51,"column":12},"end":{"line":53,"column":13}},{"start":{},"end":{}}]},"6":{"loc":{"start":{"line":66,"column":8},"end":{"line":71,"column":9}},"type":"if","locations":[{"start":{"line":66,"column":8},"end":{"line":71,"column":9}},{"start":{},"end":{}}]},"7":{"loc":{"start":{"line":91,"column":8},"end":{"line":102,"column":9}},"type":"if","locations":[{"start":{"line":91,"column":8},"end":{"line":102,"column":9}},{"start":{"line":93,"column":15},"end":{"line":102,"column":9}}]},"8":{"loc":{"start":{"line":93,"column":15},"end":{"line":102,"column":9}},"type":"if","locations":[{"start":{"line":93,"column":15},"end":{"line":102,"column":9}},{"start":{"line":97,"column":14},"end":{"line":102,"column":9}}]},"9":{"loc":{"start":{"line":97,"column":14},"end":{"line":102,"column":9}},"type":"if","locations":[{"start":{"line":97,"column":14},"end":{"line":102,"column":9}},{"start":{"line":100,"column":12},"end":{"line":102,"column":9}}]},"10":{"loc":{"start":{"line":124,"column":12},"end":{"line":129,"column":13}},"type":"if","locations":[{"start":{"line":124,"column":12},"end":{"line":129,"column":13}},{"start":{},"end":{}}]},"11":{"loc":{"start":{"line":153,"column":8},"end":{"line":163,"column":9}},"type":"if","locations":[{"start":{"line":153,"column":8},"end":{"line":163,"column":9}},{"start":{"line":157,"column":14},"end":{"line":163,"column":9}}]},"12":{"loc":{"start":{"line":157,"column":14},"end":{"line":163,"column":9}},"type":"if","locations":[{"start":{"line":157,"column":14},"end":{"line":163,"column":9}},{"start":{"line":161,"column":14},"end":{"line":163,"column":9}}]},"13":{"loc":{"start":{"line":161,"column":14},"end":{"line":163,"column":9}},"type":"if","locations":[{"start":{"line":161,"column":14},"end":{"line":163,"column":9}},{"start":{},"end":{}}]},"14":{"loc":{"start":{"line":171,"column":48},"end":{"line":171,"column":63}},"type":"binary-expr","locations":[{"start":{"line":171,"column":48},"end":{"line":171,"column":57}},{"start":{"line":171,"column":61},"end":{"line":171,"column":63}}]},"15":{"loc":{"start":{"line":173,"column":8},"end":{"line":179,"column":9}},"type":"if","locations":[{"start":{"line":173,"column":8},"end":{"line":179,"column":9}},{"start":{},"end":{}}]},"16":{"loc":{"start":{"line":183,"column":24},"end":{"line":183,"column":69}},"type":"cond-expr","locations":[{"start":{"line":183,"column":37},"end":{"line":183,"column":57}},{"start":{"line":183,"column":60},"end":{"line":183,"column":69}}]},"17":{"loc":{"start":{"line":184,"column":22},"end":{"line":184,"column":63}},"type":"cond-expr","locations":[{"start":{"line":184,"column":33},"end":{"line":184,"column":51}},{"start":{"line":184,"column":54},"end":{"line":184,"column":63}}]},"18":{"loc":{"start":{"line":194,"column":8},"end":{"line":206,"column":9}},"type":"if","locations":[{"start":{"line":194,"column":8},"end":{"line":206,"column":9}},{"start":{"line":198,"column":15},"end":{"line":206,"column":9}}]},"19":{"loc":{"start":{"line":198,"column":15},"end":{"line":206,"column":9}},"type":"if","locations":[{"start":{"line":198,"column":15},"end":{"line":206,"column":9}},{"start":{"line":202,"column":15},"end":{"line":206,"column":9}}]},"20":{"loc":{"start":{"line":214,"column":8},"end":{"line":220,"column":9}},"type":"if","locations":[{"start":{"line":214,"column":8},"end":{"line":220,"column":9}},{"start":{},"end":{}}]},"21":{"loc":{"start":{"line":226,"column":8},"end":{"line":240,"column":9}},"type":"if","locations":[{"start":{"line":226,"column":8},"end":{"line":240,"column":9}},{"start":{"line":231,"column":15},"end":{"line":240,"column":9}}]},"22":{"loc":{"start":{"line":231,"column":15},"end":{"line":240,"column":9}},"type":"if","locations":[{"start":{"line":231,"column":15},"end":{"line":240,"column":9}},{"start":{"line":236,"column":14},"end":{"line":240,"column":9}}]},"23":{"loc":{"start":{"line":249,"column":8},"end":{"line":254,"column":9}},"type":"if","locations":[{"start":{"line":249,"column":8},"end":{"line":254,"column":9}},{"start":{},"end":{}}]},"24":{"loc":{"start":{"line":268,"column":8},"end":{"line":286,"column":9}},"type":"if","locations":[{"start":{"line":268,"column":8},"end":{"line":286,"column":9}},{"start":{"line":273,"column":15},"end":{"line":286,"column":9}}]},"25":{"loc":{"start":{"line":273,"column":15},"end":{"line":286,"column":9}},"type":"if","locations":[{"start":{"line":273,"column":15},"end":{"line":286,"column":9}},{"start":{"line":278,"column":15},"end":{"line":286,"column":9}}]},"26":{"loc":{"start":{"line":278,"column":15},"end":{"line":286,"column":9}},"type":"if","locations":[{"start":{"line":278,"column":15},"end":{"line":286,"column":9}},{"start":{"line":282,"column":15},"end":{"line":286,"column":9}}]}},"s":{"0":1,"1":1,"2":1,"3":3,"4":3,"5":3,"6":1,"7":1,"8":2,"9":2,"10":1,"11":1,"12":0,"13":1,"14":0,"15":1,"16":1,"17":1,"18":0,"19":0,"20":0,"21":1,"22":1,"23":3,"24":3,"25":3,"26":3,"27":3,"28":0,"29":0,"30":3,"31":1,"32":2,"33":1,"34":1,"35":0,"36":1,"37":1,"38":0,"39":1,"40":1,"41":2,"42":2,"43":2,"44":2,"45":0,"46":0,"47":2,"48":1,"49":1,"50":0,"51":1,"52":1,"53":0,"54":0,"55":1,"56":1,"57":2,"58":2,"59":2,"60":2,"61":0,"62":0,"63":2,"64":1,"65":1,"66":1,"67":0,"68":1,"69":1,"70":0,"71":1,"72":1,"73":2,"74":2,"75":2,"76":2,"77":0,"78":0,"79":2,"80":1,"81":1,"82":0,"83":1,"84":1,"85":0,"86":1,"87":1,"88":2,"89":2,"90":2,"91":2,"92":2,"93":0,"94":0,"95":2,"96":1,"97":1,"98":0,"99":1,"100":0,"101":1,"102":1,"103":0,"104":1},"f":{"0":3,"1":3,"2":2,"3":2,"4":2,"5":2},"b":{"0":[1,2],"1":[0,1],"2":[0,1],"3":[1,0],"4":[0,1],"5":[0,0],"6":[0,3],"7":[1,1],"8":[0,1],"9":[1,0],"10":[0,2],"11":[0,1],"12":[1,0],"13":[0,0],"14":[2,0],"15":[0,2],"16":[2,0],"17":[1,1],"18":[0,1],"19":[1,0],"20":[0,2],"21":[0,1],"22":[1,0],"23":[0,2],"24":[0,1],"25":[0,1],"26":[1,0]}}
,"/Users/sentemngomezulu/Developer/Driving-Tracker/backend/src/db/prisma.ts": {"path":"/Users/sentemngomezulu/Developer/Driving-Tracker/backend/src/db/prisma.ts","statementMap":{"0":{"start":{"line":1,"column":0},"end":{"line":1,"column":46}},"1":{"start":{"line":2,"column":0},"end":{"line":2,"column":46}},"2":{"start":{"line":3,"column":0},"end":{"line":3,"column":26}},"3":{"start":{"line":5,"column":20},"end":{"line":5,"column":44}},"4":{"start":{"line":6,"column":0},"end":{"line":8,"column":1}},"5":{"start":{"line":7,"column":1},"end":{"line":7,"column":44}},"6":{"start":{"line":10,"column":13},"end":{"line":10,"column":56}},"7":{"start":{"line":11,"column":16},"end":{"line":11,"column":34}},"8":{"start":{"line":13,"column":15},"end":{"line":13,"column":44}},"9":{"start":{"line":15,"column":0},"end":{"line":15,"column":22}}},"fnMap":{},"branchMap":{"0":{"loc":{"start":{"line":6,"column":0},"end":{"line":8,"column":1}},"type":"if","locations":[{"start":{"line":6,"column":0},"end":{"line":8,"column":1}},{"start":{},"end":{}}]}},"s":{"0":5,"1":5,"2":5,"3":5,"4":5,"5":0,"6":5,"7":5,"8":5,"9":5},"f":{},"b":{"0":[0,5]}}
,"/Users/sentemngomezulu/Developer/Driving-Tracker/backend/src/services/auth_services.ts": {"path":"/Users/sentemngomezulu/Developer/Driving-Tracker/backend/src/services/auth_services.ts","statementMap":{"0":{"start":{"line":1,"column":0},"end":{"line":1,"column":34}},"1":{"start":{"line":2,"column":0},"end":{"line":2,"column":28}},"2":{"start":{"line":3,"column":0},"end":{"line":3,"column":76}},"3":{"start":{"line":4,"column":0},"end":{"line":4,"column":22}},"4":{"start":{"line":5,"column":0},"end":{"line":5,"column":80}},"5":{"start":{"line":7,"column":0},"end":{"line":7,"column":31}},"6":{"start":{"line":8,"column":0},"end":{"line":8,"column":39}},"7":{"start":{"line":10,"column":21},"end":{"line":10,"column":52}},"8":{"start":{"line":12,"column":19},"end":{"line":12,"column":51}},"9":{"start":{"line":14,"column":22},"end":{"line":17,"column":79}},"10":{"start":{"line":19,"column":22},"end":{"line":19,"column":131}},"11":{"start":{"line":21,"column":18},"end":{"line":21,"column":135}},"12":{"start":{"line":23,"column":19},"end":{"line":23,"column":111}},"13":{"start":{"line":25,"column":19},"end":{"line":39,"column":43}},"14":{"start":{"line":26,"column":2},"end":{"line":26,"column":42}},"15":{"start":{"line":26,"column":31},"end":{"line":26,"column":42}},"16":{"start":{"line":28,"column":2},"end":{"line":28,"column":75}},"17":{"start":{"line":28,"column":39},"end":{"line":28,"column":75}},"18":{"start":{"line":30,"column":2},"end":{"line":33,"column":3}},"19":{"start":{"line":31,"column":20},"end":{"line":31,"column":46}},"20":{"start":{"line":32,"column":4},"end":{"line":32,"column":41}},"21":{"start":{"line":35,"column":2},"end":{"line":35,"column":13}},"22":{"start":{"line":37,"column":12},"end":{"line":37,"column":23}},"23":{"start":{"line":37,"column":25},"end":{"line":37,"column":59}},"24":{"start":{"line":38,"column":2},"end":{"line":38,"column":25}},"25":{"start":{"line":42,"column":4},"end":{"line":42,"column":41}},"26":{"start":{"line":46,"column":4},"end":{"line":46,"column":47}},"27":{"start":{"line":50,"column":15},"end":{"line":53,"column":17}},"28":{"start":{"line":55,"column":19},"end":{"line":55,"column":60}},"29":{"start":{"line":56,"column":21},"end":{"line":56,"column":39}},"30":{"start":{"line":58,"column":4},"end":{"line":58,"column":20}},"31":{"start":{"line":61,"column":13},"end":{"line":243,"column":2}},"32":{"start":{"line":66,"column":8},"end":{"line":66,"column":113}},"33":{"start":{"line":66,"column":28},"end":{"line":66,"column":113}},"34":{"start":{"line":68,"column":30},"end":{"line":68,"column":65}},"35":{"start":{"line":70,"column":8},"end":{"line":72,"column":9}},"36":{"start":{"line":71,"column":12},"end":{"line":71,"column":95}},"37":{"start":{"line":74,"column":26},"end":{"line":74,"column":53}},"38":{"start":{"line":76,"column":8},"end":{"line":78,"column":9}},"39":{"start":{"line":77,"column":12},"end":{"line":77,"column":87}},"40":{"start":{"line":80,"column":29},"end":{"line":80,"column":59}},"41":{"start":{"line":82,"column":8},"end":{"line":84,"column":9}},"42":{"start":{"line":83,"column":12},"end":{"line":83,"column":null}},"43":{"start":{"line":86,"column":27},"end":{"line":86,"column":63}},"44":{"start":{"line":88,"column":8},"end":{"line":90,"column":9}},"45":{"start":{"line":89,"column":12},"end":{"line":89,"column":null}},"46":{"start":{"line":92,"column":27},"end":{"line":92,"column":48}},"47":{"start":{"line":94,"column":8},"end":{"line":96,"column":9}},"48":{"start":{"line":95,"column":12},"end":{"line":95,"column":null}},"49":{"start":{"line":98,"column":25},"end":{"line":98,"column":50}},"50":{"start":{"line":100,"column":8},"end":{"line":102,"column":9}},"51":{"start":{"line":101,"column":12},"end":{"line":101,"column":null}},"52":{"start":{"line":104,"column":23},"end":{"line":104,"column":38}},"53":{"start":{"line":107,"column":28},"end":{"line":109,"column":10}},"54":{"start":{"line":111,"column":8},"end":{"line":117,"column":9}},"55":{"start":{"line":113,"column":12},"end":{"line":116,"column":13}},"56":{"start":{"line":115,"column":16},"end":{"line":115,"column":103}},"57":{"start":{"line":119,"column":30},"end":{"line":119,"column":57}},"58":{"start":{"line":121,"column":9},"end":{"line":123,"column":9}},"59":{"start":{"line":122,"column":12},"end":{"line":122,"column":null}},"60":{"start":{"line":125,"column":29},"end":{"line":125,"column":59}},"61":{"start":{"line":127,"column":28},"end":{"line":127,"column":36}},"62":{"start":{"line":129,"column":28},"end":{"line":129,"column":29}},"63":{"start":{"line":130,"column":8},"end":{"line":169,"column":9}},"64":{"start":{"line":130,"column":27},"end":{"line":130,"column":28}},"65":{"start":{"line":131,"column":12},"end":{"line":168,"column":13}},"66":{"start":{"line":132,"column":29},"end":{"line":143,"column":18}},"67":{"start":{"line":147,"column":36},"end":{"line":147,"column":95}},"68":{"start":{"line":149,"column":16},"end":{"line":155,"column":19}},"69":{"start":{"line":157,"column":16},"end":{"line":157,"column":45}},"70":{"start":{"line":160,"column":16},"end":{"line":165,"column":17}},"71":{"start":{"line":162,"column":20},"end":{"line":162,"column":82}},"72":{"start":{"line":163,"column":20},"end":{"line":163,"column":115}},"73":{"start":{"line":163,"column":53},"end":{"line":163,"column":115}},"74":{"start":{"line":164,"column":20},"end":{"line":164,"column":29}},"75":{"start":{"line":167,"column":16},"end":{"line":167,"column":26}},"76":{"start":{"line":171,"column":8},"end":{"line":171,"column":84}},"77":{"start":{"line":177,"column":20},"end":{"line":182,"column":11}},"78":{"start":{"line":184,"column":8},"end":{"line":184,"column":87}},"79":{"start":{"line":184,"column":18},"end":{"line":184,"column":87}},"80":{"start":{"line":186,"column":20},"end":{"line":186,"column":70}},"81":{"start":{"line":188,"column":8},"end":{"line":188,"column":78}},"82":{"start":{"line":188,"column":19},"end":{"line":188,"column":78}},"83":{"start":{"line":190,"column":28},"end":{"line":190,"column":87}},"84":{"start":{"line":192,"column":8},"end":{"line":198,"column":11}},"85":{"start":{"line":200,"column":8},"end":{"line":200,"column":37}},"86":{"start":{"line":205,"column":8},"end":{"line":211,"column":11}},"87":{"start":{"line":215,"column":22},"end":{"line":215,"column":72}},"88":{"start":{"line":218,"column":20},"end":{"line":225,"column":10}},"89":{"start":{"line":227,"column":8},"end":{"line":227,"column":83}},"90":{"start":{"line":227,"column":18},"end":{"line":227,"column":83}},"91":{"start":{"line":230,"column":32},"end":{"line":230,"column":92}},"92":{"start":{"line":233,"column":8},"end":{"line":239,"column":11}},"93":{"start":{"line":241,"column":8},"end":{"line":241,"column":41}}},"fnMap":{"0":{"name":"(anonymous_1)","decl":{"start":{"line":25,"column":32},"end":{"line":25,"column":35}},"loc":{"start":{"line":25,"column":38},"end":{"line":36,"column":1}}},"1":{"name":"(anonymous_2)","decl":{"start":{"line":36,"column":19},"end":{"line":36,"column":20}},"loc":{"start":{"line":36,"column":23},"end":{"line":39,"column":1}}},"2":{"name":"validate_email","decl":{"start":{"line":41,"column":9},"end":{"line":41,"column":23}},"loc":{"start":{"line":41,"column":37},"end":{"line":43,"column":1}}},"3":{"name":"validate_password","decl":{"start":{"line":45,"column":9},"end":{"line":45,"column":26}},"loc":{"start":{"line":45,"column":43},"end":{"line":47,"column":1}}},"4":{"name":"generate_unique_username","decl":{"start":{"line":49,"column":15},"end":{"line":49,"column":39}},"loc":{"start":{"line":49,"column":69},"end":{"line":59,"column":3}}},"5":{"name":"(anonymous_6)","decl":{"start":{"line":63,"column":4},"end":{"line":63,"column":9}},"loc":{"start":{"line":63,"column":159},"end":{"line":173,"column":5}}},"6":{"name":"(anonymous_7)","decl":{"start":{"line":175,"column":4},"end":{"line":175,"column":9}},"loc":{"start":{"line":175,"column":52},"end":{"line":201,"column":5}}},"7":{"name":"(anonymous_8)","decl":{"start":{"line":203,"column":4},"end":{"line":203,"column":9}},"loc":{"start":{"line":203,"column":31},"end":{"line":212,"column":5}}},"8":{"name":"(anonymous_9)","decl":{"start":{"line":213,"column":4},"end":{"line":213,"column":9}},"loc":{"start":{"line":213,"column":31},"end":{"line":242,"column":5}}}},"branchMap":{"0":{"loc":{"start":{"line":26,"column":2},"end":{"line":26,"column":42}},"type":"if","locations":[{"start":{"line":26,"column":2},"end":{"line":26,"column":42}},{"start":{},"end":{}}]},"1":{"loc":{"start":{"line":28,"column":2},"end":{"line":28,"column":75}},"type":"if","locations":[{"start":{"line":28,"column":2},"end":{"line":28,"column":75}},{"start":{},"end":{}}]},"2":{"loc":{"start":{"line":30,"column":2},"end":{"line":33,"column":3}},"type":"if","locations":[{"start":{"line":30,"column":2},"end":{"line":33,"column":3}},{"start":{},"end":{}}]},"3":{"loc":{"start":{"line":66,"column":8},"end":{"line":66,"column":113}},"type":"if","locations":[{"start":{"line":66,"column":8},"end":{"line":66,"column":113}},{"start":{},"end":{}}]},"4":{"loc":{"start":{"line":70,"column":8},"end":{"line":72,"column":9}},"type":"if","locations":[{"start":{"line":70,"column":8},"end":{"line":72,"column":9}},{"start":{},"end":{}}]},"5":{"loc":{"start":{"line":76,"column":8},"end":{"line":78,"column":9}},"type":"if","locations":[{"start":{"line":76,"column":8},"end":{"line":78,"column":9}},{"start":{},"end":{}}]},"6":{"loc":{"start":{"line":82,"column":8},"end":{"line":84,"column":9}},"type":"if","locations":[{"start":{"line":82,"column":8},"end":{"line":84,"column":9}},{"start":{},"end":{}}]},"7":{"loc":{"start":{"line":88,"column":8},"end":{"line":90,"column":9}},"type":"if","locations":[{"start":{"line":88,"column":8},"end":{"line":90,"column":9}},{"start":{},"end":{}}]},"8":{"loc":{"start":{"line":94,"column":8},"end":{"line":96,"column":9}},"type":"if","locations":[{"start":{"line":94,"column":8},"end":{"line":96,"column":9}},{"start":{},"end":{}}]},"9":{"loc":{"start":{"line":100,"column":8},"end":{"line":102,"column":9}},"type":"if","locations":[{"start":{"line":100,"column":8},"end":{"line":102,"column":9}},{"start":{},"end":{}}]},"10":{"loc":{"start":{"line":111,"column":8},"end":{"line":117,"column":9}},"type":"if","locations":[{"start":{"line":111,"column":8},"end":{"line":117,"column":9}},{"start":{},"end":{}}]},"11":{"loc":{"start":{"line":113,"column":12},"end":{"line":116,"column":13}},"type":"if","locations":[{"start":{"line":113,"column":12},"end":{"line":116,"column":13}},{"start":{},"end":{}}]},"12":{"loc":{"start":{"line":121,"column":9},"end":{"line":123,"column":9}},"type":"if","locations":[{"start":{"line":121,"column":9},"end":{"line":123,"column":9}},{"start":{},"end":{}}]},"13":{"loc":{"start":{"line":160,"column":16},"end":{"line":165,"column":17}},"type":"if","locations":[{"start":{"line":160,"column":16},"end":{"line":165,"column":17}},{"start":{},"end":{}}]},"14":{"loc":{"start":{"line":160,"column":20},"end":{"line":160,"column":95}},"type":"binary-expr","locations":[{"start":{"line":160,"column":20},"end":{"line":160,"column":71}},{"start":{"line":160,"column":75},"end":{"line":160,"column":95}}]},"15":{"loc":{"start":{"line":163,"column":20},"end":{"line":163,"column":115}},"type":"if","locations":[{"start":{"line":163,"column":20},"end":{"line":163,"column":115}},{"start":{},"end":{}}]},"16":{"loc":{"start":{"line":184,"column":8},"end":{"line":184,"column":87}},"type":"if","locations":[{"start":{"line":184,"column":8},"end":{"line":184,"column":87}},{"start":{},"end":{}}]},"17":{"loc":{"start":{"line":188,"column":8},"end":{"line":188,"column":78}},"type":"if","locations":[{"start":{"line":188,"column":8},"end":{"line":188,"column":78}},{"start":{},"end":{}}]},"18":{"loc":{"start":{"line":227,"column":8},"end":{"line":227,"column":83}},"type":"if","locations":[{"start":{"line":227,"column":8},"end":{"line":227,"column":83}},{"start":{},"end":{}}]}},"s":{"0":4,"1":4,"2":4,"3":4,"4":4,"5":4,"6":4,"7":4,"8":4,"9":4,"10":4,"11":4,"12":4,"13":4,"14":3,"15":0,"16":3,"17":3,"18":0,"19":0,"20":0,"21":0,"22":3,"23":3,"24":3,"25":3,"26":1,"27":0,"28":0,"29":0,"30":0,"31":4,"32":4,"33":1,"34":3,"35":3,"36":0,"37":3,"38":3,"39":0,"40":3,"41":3,"42":0,"43":3,"44":3,"45":0,"46":3,"47":3,"48":0,"49":3,"50":3,"51":1,"52":2,"53":2,"54":2,"55":1,"56":1,"57":1,"58":1,"59":0,"60":1,"61":1,"62":1,"63":1,"64":1,"65":1,"66":1,"67":1,"68":1,"69":1,"70":0,"71":0,"72":0,"73":0,"74":0,"75":0,"76":0,"77":3,"78":3,"79":1,"80":2,"81":2,"82":1,"83":1,"84":1,"85":1,"86":0,"87":2,"88":1,"89":1,"90":0,"91":1,"92":1,"93":1},"f":{"0":3,"1":3,"2":3,"3":1,"4":0,"5":4,"6":3,"7":0,"8":2},"b":{"0":[0,3],"1":[3,0],"2":[0,0],"3":[1,3],"4":[0,3],"5":[0,3],"6":[0,3],"7":[0,3],"8":[0,3],"9":[1,2],"10":[1,1],"11":[1,0],"12":[0,1],"13":[0,0],"14":[0,0],"15":[0,0],"16":[1,2],"17":[1,1],"18":[0,1]}}
,"/Users/sentemngomezulu/Developer/Driving-Tracker/backend/src/services/badges_leaderboard_services.ts": {"path":"/Users/sentemngomezulu/Developer/Driving-Tracker/backend/src/services/badges_leaderboard_services.ts","statementMap":{"0":{"start":{"line":1,"column":0},"end":{"line":1,"column":34}},"1":{"start":{"line":15,"column":2},"end":{"line":31,"column":3}},"2":{"start":{"line":17,"column":6},"end":{"line":17,"column":32}},"3":{"start":{"line":19,"column":6},"end":{"line":19,"column":33}},"4":{"start":{"line":21,"column":6},"end":{"line":21,"column":32}},"5":{"start":{"line":23,"column":6},"end":{"line":23,"column":33}},"6":{"start":{"line":26,"column":6},"end":{"line":26,"column":34}},"7":{"start":{"line":28,"column":6},"end":{"line":28,"column":34}},"8":{"start":{"line":30,"column":6},"end":{"line":30,"column":19}},"9":{"start":{"line":34,"column":13},"end":{"line":268,"column":2}},"10":{"start":{"line":36,"column":8},"end":{"line":38,"column":9}},"11":{"start":{"line":37,"column":12},"end":{"line":37,"column":55}},"12":{"start":{"line":39,"column":21},"end":{"line":60,"column":10}},"13":{"start":{"line":61,"column":8},"end":{"line":63,"column":9}},"14":{"start":{"line":62,"column":12},"end":{"line":62,"column":46}},"15":{"start":{"line":64,"column":8},"end":{"line":66,"column":9}},"16":{"start":{"line":65,"column":12},"end":{"line":65,"column":56}},"17":{"start":{"line":67,"column":27},"end":{"line":67,"column":46}},"18":{"start":{"line":71,"column":28},"end":{"line":95,"column":null}},"19":{"start":{"line":73,"column":25},"end":{"line":73,"column":41}},"20":{"start":{"line":74,"column":12},"end":{"line":74,"column":34}},"21":{"start":{"line":75,"column":12},"end":{"line":77,"column":13}},"22":{"start":{"line":76,"column":16},"end":{"line":76,"column":43}},"23":{"start":{"line":78,"column":12},"end":{"line":80,"column":13}},"24":{"start":{"line":79,"column":16},"end":{"line":79,"column":50}},"25":{"start":{"line":81,"column":12},"end":{"line":83,"column":13}},"26":{"start":{"line":82,"column":16},"end":{"line":82,"column":44}},"27":{"start":{"line":84,"column":12},"end":{"line":86,"column":13}},"28":{"start":{"line":85,"column":16},"end":{"line":85,"column":37}},"29":{"start":{"line":87,"column":12},"end":{"line":87,"column":23}},"30":{"start":{"line":98,"column":32},"end":{"line":103,"column":10}},"31":{"start":{"line":105,"column":35},"end":{"line":119,"column":10}},"32":{"start":{"line":121,"column":23},"end":{"line":125,"column":10}},"33":{"start":{"line":126,"column":36},"end":{"line":126,"column":38}},"34":{"start":{"line":128,"column":8},"end":{"line":180,"column":9}},"35":{"start":{"line":129,"column":25},"end":{"line":129,"column":45}},"36":{"start":{"line":131,"column":8},"end":{"line":133,"column":9}},"37":{"start":{"line":132,"column":12},"end":{"line":132,"column":21}},"38":{"start":{"line":135,"column":35},"end":{"line":145,"column":10}},"39":{"start":{"line":136,"column":32},"end":{"line":136,"column":54}},"40":{"start":{"line":137,"column":27},"end":{"line":137,"column":47}},"41":{"start":{"line":138,"column":30},"end":{"line":138,"column":82}},"42":{"start":{"line":140,"column":12},"end":{"line":142,"column":13}},"43":{"start":{"line":141,"column":16},"end":{"line":141,"column":29}},"44":{"start":{"line":144,"column":12},"end":{"line":144,"column":66}},"45":{"start":{"line":146,"column":8},"end":{"line":148,"column":9}},"46":{"start":{"line":147,"column":12},"end":{"line":147,"column":21}},"47":{"start":{"line":150,"column":25},"end":{"line":157,"column":10}},"48":{"start":{"line":159,"column":8},"end":{"line":161,"column":9}},"49":{"start":{"line":160,"column":12},"end":{"line":160,"column":21}},"50":{"start":{"line":162,"column":23},"end":{"line":170,"column":10}},"51":{"start":{"line":172,"column":8},"end":{"line":179,"column":11}},"52":{"start":{"line":181,"column":8},"end":{"line":186,"column":10}},"53":{"start":{"line":189,"column":24},"end":{"line":189,"column":36}},"54":{"start":{"line":190,"column":8},"end":{"line":192,"column":9}},"55":{"start":{"line":191,"column":12},"end":{"line":191,"column":55}},"56":{"start":{"line":193,"column":28},"end":{"line":208,"column":10}},"57":{"start":{"line":209,"column":23},"end":{"line":215,"column":11}},"58":{"start":{"line":209,"column":54},"end":{"line":215,"column":10}},"59":{"start":{"line":216,"column":31},"end":{"line":220,"column":18}},"60":{"start":{"line":217,"column":29},"end":{"line":217,"column":62}},"61":{"start":{"line":218,"column":12},"end":{"line":218,"column":53}},"62":{"start":{"line":219,"column":12},"end":{"line":219,"column":23}},"63":{"start":{"line":222,"column":31},"end":{"line":225,"column":11}},"64":{"start":{"line":222,"column":92},"end":{"line":225,"column":10}},"65":{"start":{"line":226,"column":8},"end":{"line":234,"column":10}},"66":{"start":{"line":239,"column":23},"end":{"line":246,"column":10}},"67":{"start":{"line":247,"column":8},"end":{"line":263,"column":null}},"68":{"start":{"line":249,"column":51},"end":{"line":261,"column":18}},"69":{"start":{"line":255,"column":75},"end":{"line":260,"column":22}}},"fnMap":{"0":{"name":"compare","decl":{"start":{"line":14,"column":9},"end":{"line":14,"column":16}},"loc":{"start":{"line":14,"column":87},"end":{"line":32,"column":1}}},"1":{"name":"(anonymous_2)","decl":{"start":{"line":35,"column":4},"end":{"line":35,"column":9}},"loc":{"start":{"line":35,"column":39},"end":{"line":187,"column":5}}},"2":{"name":"(anonymous_3)","decl":{"start":{"line":72,"column":8},"end":{"line":72,"column":9}},"loc":{"start":{"line":72,"column":34},"end":{"line":88,"column":9}}},"3":{"name":"(anonymous_4)","decl":{"start":{"line":135,"column":50},"end":{"line":135,"column":51}},"loc":{"start":{"line":135,"column":69},"end":{"line":145,"column":9}}},"4":{"name":"(anonymous_5)","decl":{"start":{"line":188,"column":4},"end":{"line":188,"column":9}},"loc":{"start":{"line":188,"column":37},"end":{"line":236,"column":5}}},"5":{"name":"(anonymous_6)","decl":{"start":{"line":209,"column":39},"end":{"line":209,"column":40}},"loc":{"start":{"line":209,"column":54},"end":{"line":215,"column":10}}},"6":{"name":"(anonymous_7)","decl":{"start":{"line":216,"column":45},"end":{"line":216,"column":46}},"loc":{"start":{"line":216,"column":88},"end":{"line":220,"column":13}}},"7":{"name":"(anonymous_8)","decl":{"start":{"line":222,"column":66},"end":{"line":222,"column":67}},"loc":{"start":{"line":222,"column":92},"end":{"line":225,"column":10}}},"8":{"name":"(anonymous_9)","decl":{"start":{"line":238,"column":4},"end":{"line":238,"column":9}},"loc":{"start":{"line":238,"column":31},"end":{"line":264,"column":5}}},"9":{"name":"(anonymous_10)","decl":{"start":{"line":249,"column":35},"end":{"line":249,"column":36}},"loc":{"start":{"line":249,"column":51},"end":{"line":261,"column":18}}},"10":{"name":"(anonymous_11)","decl":{"start":{"line":255,"column":55},"end":{"line":255,"column":56}},"loc":{"start":{"line":255,"column":75},"end":{"line":260,"column":22}}},"11":{"name":"(anonymous_12)","decl":{"start":{"line":265,"column":4},"end":{"line":265,"column":9}},"loc":{"start":{"line":265,"column":25},"end":{"line":267,"column":5}}}},"branchMap":{"0":{"loc":{"start":{"line":15,"column":2},"end":{"line":31,"column":3}},"type":"switch","locations":[{"start":{"line":16,"column":4},"end":{"line":17,"column":32}},{"start":{"line":18,"column":4},"end":{"line":19,"column":33}},{"start":{"line":20,"column":4},"end":{"line":21,"column":32}},{"start":{"line":22,"column":4},"end":{"line":23,"column":33}},{"start":{"line":24,"column":4},"end":{"line":24,"column":13}},{"start":{"line":25,"column":4},"end":{"line":26,"column":34}},{"start":{"line":27,"column":4},"end":{"line":28,"column":34}},{"start":{"line":29,"column":4},"end":{"line":30,"column":19}}]},"1":{"loc":{"start":{"line":36,"column":8},"end":{"line":38,"column":9}},"type":"if","locations":[{"start":{"line":36,"column":8},"end":{"line":38,"column":9}},{"start":{},"end":{}}]},"2":{"loc":{"start":{"line":36,"column":11},"end":{"line":36,"column":41}},"type":"binary-expr","locations":[{"start":{"line":36,"column":11},"end":{"line":36,"column":24}},{"start":{"line":36,"column":28},"end":{"line":36,"column":41}}]},"3":{"loc":{"start":{"line":61,"column":8},"end":{"line":63,"column":9}},"type":"if","locations":[{"start":{"line":61,"column":8},"end":{"line":63,"column":9}},{"start":{},"end":{}}]},"4":{"loc":{"start":{"line":64,"column":8},"end":{"line":66,"column":9}},"type":"if","locations":[{"start":{"line":64,"column":8},"end":{"line":66,"column":9}},{"start":{},"end":{}}]},"5":{"loc":{"start":{"line":73,"column":25},"end":{"line":73,"column":41}},"type":"binary-expr","locations":[{"start":{"line":73,"column":25},"end":{"line":73,"column":35}},{"start":{"line":73,"column":39},"end":{"line":73,"column":41}}]},"6":{"loc":{"start":{"line":75,"column":12},"end":{"line":77,"column":13}},"type":"if","locations":[{"start":{"line":75,"column":12},"end":{"line":77,"column":13}},{"start":{},"end":{}}]},"7":{"loc":{"start":{"line":78,"column":12},"end":{"line":80,"column":13}},"type":"if","locations":[{"start":{"line":78,"column":12},"end":{"line":80,"column":13}},{"start":{},"end":{}}]},"8":{"loc":{"start":{"line":81,"column":12},"end":{"line":83,"column":13}},"type":"if","locations":[{"start":{"line":81,"column":12},"end":{"line":83,"column":13}},{"start":{},"end":{}}]},"9":{"loc":{"start":{"line":84,"column":12},"end":{"line":86,"column":13}},"type":"if","locations":[{"start":{"line":84,"column":12},"end":{"line":86,"column":13}},{"start":{},"end":{}}]},"10":{"loc":{"start":{"line":84,"column":16},"end":{"line":84,"column":57}},"type":"binary-expr","locations":[{"start":{"line":84,"column":16},"end":{"line":84,"column":32}},{"start":{"line":84,"column":36},"end":{"line":84,"column":57}}]},"11":{"loc":{"start":{"line":106,"column":32},"end":{"line":106,"column":53}},"type":"binary-expr","locations":[{"start":{"line":106,"column":32},"end":{"line":106,"column":48}},{"start":{"line":106,"column":52},"end":{"line":106,"column":53}}]},"12":{"loc":{"start":{"line":107,"column":37},"end":{"line":107,"column":63}},"type":"binary-expr","locations":[{"start":{"line":107,"column":37},"end":{"line":107,"column":58}},{"start":{"line":107,"column":62},"end":{"line":107,"column":63}}]},"13":{"loc":{"start":{"line":108,"column":34},"end":{"line":108,"column":57}},"type":"binary-expr","locations":[{"start":{"line":108,"column":34},"end":{"line":108,"column":52}},{"start":{"line":108,"column":56},"end":{"line":108,"column":57}}]},"14":{"loc":{"start":{"line":109,"column":33},"end":{"line":109,"column":62}},"type":"binary-expr","locations":[{"start":{"line":109,"column":33},"end":{"line":109,"column":57}},{"start":{"line":109,"column":61},"end":{"line":109,"column":62}}]},"15":{"loc":{"start":{"line":110,"column":30},"end":{"line":110,"column":56}},"type":"binary-expr","locations":[{"start":{"line":110,"column":30},"end":{"line":110,"column":51}},{"start":{"line":110,"column":55},"end":{"line":110,"column":56}}]},"16":{"loc":{"start":{"line":111,"column":34},"end":{"line":111,"column":64}},"type":"binary-expr","locations":[{"start":{"line":111,"column":34},"end":{"line":111,"column":59}},{"start":{"line":111,"column":63},"end":{"line":111,"column":64}}]},"17":{"loc":{"start":{"line":131,"column":8},"end":{"line":133,"column":9}},"type":"if","locations":[{"start":{"line":131,"column":8},"end":{"line":133,"column":9}},{"start":{},"end":{}}]},"18":{"loc":{"start":{"line":136,"column":32},"end":{"line":136,"column":54}},"type":"binary-expr","locations":[{"start":{"line":136,"column":32},"end":{"line":136,"column":48}},{"start":{"line":136,"column":52},"end":{"line":136,"column":54}}]},"19":{"loc":{"start":{"line":138,"column":37},"end":{"line":138,"column":81}},"type":"binary-expr","locations":[{"start":{"line":138,"column":37},"end":{"line":138,"column":56}},{"start":{"line":138,"column":60},"end":{"line":138,"column":76}},{"start":{"line":138,"column":80},"end":{"line":138,"column":81}}]},"20":{"loc":{"start":{"line":140,"column":12},"end":{"line":142,"column":13}},"type":"if","locations":[{"start":{"line":140,"column":12},"end":{"line":142,"column":13}},{"start":{},"end":{}}]},"21":{"loc":{"start":{"line":146,"column":8},"end":{"line":148,"column":9}},"type":"if","locations":[{"start":{"line":146,"column":8},"end":{"line":148,"column":9}},{"start":{},"end":{}}]},"22":{"loc":{"start":{"line":159,"column":8},"end":{"line":161,"column":9}},"type":"if","locations":[{"start":{"line":159,"column":8},"end":{"line":161,"column":9}},{"start":{},"end":{}}]},"23":{"loc":{"start":{"line":190,"column":8},"end":{"line":192,"column":9}},"type":"if","locations":[{"start":{"line":190,"column":8},"end":{"line":192,"column":9}},{"start":{},"end":{}}]},"24":{"loc":{"start":{"line":217,"column":29},"end":{"line":217,"column":62}},"type":"binary-expr","locations":[{"start":{"line":217,"column":29},"end":{"line":217,"column":43}},{"start":{"line":217,"column":47},"end":{"line":217,"column":62}}]},"25":{"loc":{"start":{"line":218,"column":29},"end":{"line":218,"column":47}},"type":"binary-expr","locations":[{"start":{"line":218,"column":29},"end":{"line":218,"column":42}},{"start":{"line":218,"column":46},"end":{"line":218,"column":47}}]}},"s":{"0":2,"1":1,"2":0,"3":1,"4":0,"5":0,"6":0,"7":0,"8":0,"9":2,"10":2,"11":0,"12":2,"13":2,"14":1,"15":1,"16":0,"17":1,"18":1,"19":2,"20":2,"21":2,"22":1,"23":2,"24":0,"25":2,"26":1,"27":2,"28":0,"29":2,"30":1,"31":1,"32":1,"33":1,"34":1,"35":1,"36":1,"37":0,"38":1,"39":1,"40":1,"41":1,"42":1,"43":0,"44":1,"45":1,"46":1,"47":0,"48":0,"49":0,"50":0,"51":0,"52":1,"53":2,"54":2,"55":0,"56":2,"57":2,"58":2,"59":2,"60":2,"61":2,"62":2,"63":2,"64":2,"65":2,"66":2,"67":2,"68":1,"69":1},"f":{"0":1,"1":2,"2":2,"3":1,"4":2,"5":2,"6":2,"7":2,"8":2,"9":1,"10":1,"11":0},"b":{"0":[0,1,0,0,0,0,0,0],"1":[0,2],"2":[2,2],"3":[1,1],"4":[0,1],"5":[2,0],"6":[1,1],"7":[0,2],"8":[1,1],"9":[0,2],"10":[2,2],"11":[1,0],"12":[1,0],"13":[1,0],"14":[1,0],"15":[1,0],"16":[1,0],"17":[0,1],"18":[1,0],"19":[1,0,0],"20":[0,1],"21":[1,0],"22":[0,0],"23":[0,2],"24":[2,0],"25":[2,2]}}
,"/Users/sentemngomezulu/Developer/Driving-Tracker/backend/src/services/contacts_services.ts": {"path":"/Users/sentemngomezulu/Developer/Driving-Tracker/backend/src/services/contacts_services.ts","statementMap":{"0":{"start":{"line":1,"column":0},"end":{"line":1,"column":34}},"1":{"start":{"line":2,"column":0},"end":{"line":2,"column":72}},"2":{"start":{"line":3,"column":0},"end":{"line":3,"column":73}},"3":{"start":{"line":4,"column":0},"end":{"line":4,"column":47}},"4":{"start":{"line":9,"column":4},"end":{"line":9,"column":101}},"5":{"start":{"line":14,"column":21},"end":{"line":14,"column":36}},"6":{"start":{"line":15,"column":4},"end":{"line":15,"column":20}},"7":{"start":{"line":16,"column":4},"end":{"line":16,"column":15}},"8":{"start":{"line":21,"column":17},"end":{"line":23,"column":6}},"9":{"start":{"line":25,"column":4},"end":{"line":25,"column":26}},"10":{"start":{"line":25,"column":14},"end":{"line":25,"column":26}},"11":{"start":{"line":27,"column":22},"end":{"line":27,"column":88}},"12":{"start":{"line":29,"column":4},"end":{"line":29,"column":21}},"13":{"start":{"line":33,"column":13},"end":{"line":299,"column":2}},"14":{"start":{"line":43,"column":22},"end":{"line":43,"column":141}},"15":{"start":{"line":45,"column":28},"end":{"line":54,"column":10}},"16":{"start":{"line":56,"column":8},"end":{"line":56,"column":61}},"17":{"start":{"line":56,"column":25},"end":{"line":56,"column":61}},"18":{"start":{"line":57,"column":8},"end":{"line":57,"column":81}},"19":{"start":{"line":57,"column":44},"end":{"line":57,"column":81}},"20":{"start":{"line":60,"column":25},"end":{"line":66,"column":10}},"21":{"start":{"line":68,"column":8},"end":{"line":68,"column":66}},"22":{"start":{"line":68,"column":21},"end":{"line":68,"column":66}},"23":{"start":{"line":71,"column":26},"end":{"line":71,"column":113}},"24":{"start":{"line":74,"column":24},"end":{"line":82,"column":10}},"25":{"start":{"line":84,"column":27},"end":{"line":84,"column":95}},"26":{"start":{"line":86,"column":24},"end":{"line":86,"column":56}},"27":{"start":{"line":88,"column":8},"end":{"line":90,"column":9}},"28":{"start":{"line":89,"column":12},"end":{"line":89,"column":null}},"29":{"start":{"line":92,"column":8},"end":{"line":92,"column":119}},"30":{"start":{"line":95,"column":8},"end":{"line":98,"column":10}},"31":{"start":{"line":103,"column":25},"end":{"line":118,"column":10}},"32":{"start":{"line":121,"column":8},"end":{"line":126,"column":12}},"33":{"start":{"line":121,"column":36},"end":{"line":126,"column":10}},"34":{"start":{"line":141,"column":72},"end":{"line":141,"column":77}},"35":{"start":{"line":144,"column":27},"end":{"line":147,"column":10}},"36":{"start":{"line":148,"column":8},"end":{"line":148,"column":61}},"37":{"start":{"line":148,"column":24},"end":{"line":148,"column":61}},"38":{"start":{"line":151,"column":21},"end":{"line":154,"column":10}},"39":{"start":{"line":155,"column":8},"end":{"line":155,"column":90}},"40":{"start":{"line":155,"column":46},"end":{"line":155,"column":90}},"41":{"start":{"line":158,"column":22},"end":{"line":161,"column":10}},"42":{"start":{"line":162,"column":8},"end":{"line":162,"column":87}},"43":{"start":{"line":162,"column":48},"end":{"line":162,"column":87}},"44":{"start":{"line":165,"column":8},"end":{"line":183,"column":11}},"45":{"start":{"line":166,"column":26},"end":{"line":176,"column":14}},"46":{"start":{"line":177,"column":12},"end":{"line":182,"column":15}},"47":{"start":{"line":178,"column":55},"end":{"line":181,"column":18}},"48":{"start":{"line":193,"column":50},"end":{"line":193,"column":55}},"49":{"start":{"line":196,"column":21},"end":{"line":199,"column":10}},"50":{"start":{"line":200,"column":8},"end":{"line":200,"column":83}},"51":{"start":{"line":200,"column":47},"end":{"line":200,"column":83}},"52":{"start":{"line":203,"column":24},"end":{"line":210,"column":10}},"53":{"start":{"line":211,"column":8},"end":{"line":211,"column":91}},"54":{"start":{"line":211,"column":50},"end":{"line":211,"column":91}},"55":{"start":{"line":214,"column":26},"end":{"line":214,"column":36}},"56":{"start":{"line":215,"column":8},"end":{"line":223,"column":11}},"57":{"start":{"line":216,"column":38},"end":{"line":221,"column":14}},"58":{"start":{"line":225,"column":33},"end":{"line":225,"column":68}},"59":{"start":{"line":225,"column":50},"end":{"line":225,"column":67}},"60":{"start":{"line":227,"column":27},"end":{"line":227,"column":102}},"61":{"start":{"line":229,"column":26},"end":{"line":229,"column":58}},"62":{"start":{"line":231,"column":8},"end":{"line":234,"column":9}},"63":{"start":{"line":233,"column":12},"end":{"line":233,"column":48}},"64":{"start":{"line":236,"column":8},"end":{"line":236,"column":98}},"65":{"start":{"line":239,"column":8},"end":{"line":246,"column":10}},"66":{"start":{"line":242,"column":45},"end":{"line":245,"column":14}},"67":{"start":{"line":252,"column":8},"end":{"line":254,"column":9}},"68":{"start":{"line":253,"column":12},"end":{"line":253,"column":48}},"69":{"start":{"line":256,"column":31},"end":{"line
[...]
decl":{"start":{"line":323,"column":4},"end":{"line":323,"column":9}},"loc":{"start":{"line":323,"column":47},"end":{"line":419,"column":5}}},"9":{"name":"(anonymous_10)","decl":{"start":{"line":421,"column":4},"end":{"line":421,"column":9}},"loc":{"start":{"line":421,"column":47},"end":{"line":503,"column":5}}},"10":{"name":"(anonymous_11)","decl":{"start":{"line":467,"column":46},"end":{"line":467,"column":47}},"loc":{"start":{"line":467,"column":58},"end":{"line":467,"column":71}}},"11":{"name":"(anonymous_12)","decl":{"start":{"line":470,"column":64},"end":{"line":470,"column":65}},"loc":{"start":{"line":470,"column":69},"end":{"line":470,"column":80}}},"12":{"name":"(anonymous_13)","decl":{"start":{"line":489,"column":49},"end":{"line":489,"column":50}},"loc":{"start":{"line":489,"column":65},"end":{"line":497,"column":22}}},"13":{"name":"(anonymous_14)","decl":{"start":{"line":504,"column":4},"end":{"line":504,"column":9}},"loc":{"start":{"line":504,"column":42},"end":{"line":556,"column":5}}}},"branchMap":{"0":{"loc":{"start":{"line":9,"column":4},"end":{"line":11,"column":5}},"type":"if","locations":[{"start":{"line":9,"column":4},"end":{"line":11,"column":5}},{"start":{},"end":{}}]},"1":{"loc":{"start":{"line":9,"column":8},"end":{"line":9,"column":45}},"type":"binary-expr","locations":[{"start":{"line":9,"column":8},"end":{"line":9,"column":22}},{"start":{"line":9,"column":26},"end":{"line":9,"column":45}}]},"2":{"loc":{"start":{"line":13,"column":4},"end":{"line":15,"column":5}},"type":"if","locations":[{"start":{"line":13,"column":4},"end":{"line":15,"column":5}},{"start":{},"end":{}}]},"3":{"loc":{"start":{"line":17,"column":4},"end":{"line":19,"column":5}},"type":"if","locations":[{"start":{"line":17,"column":4},"end":{"line":19,"column":5}},{"start":{},"end":{}}]},"4":{"loc":{"start":{"line":93,"column":8},"end":{"line":95,"column":9}},"type":"if","locations":[{"start":{"line":93,"column":8},"end":{"line":95,"column":9}},{"start":{},"end":{}}]},"5":{"loc":{"start":{"line":93,"column":11},"end":{"line":93,"column":44}},"type":"binary-expr","locations":[{"start":{"line":93,"column":11},"end":{"line":93,"column":24}},{"start":{"line":93,"column":28},"end":{"line":93,"column":44}}]},"6":{"loc":{"start":{"line":96,"column":8},"end":{"line":98,"column":9}},"type":"if","locations":[{"start":{"line":96,"column":8},"end":{"line":98,"column":9}},{"start":{},"end":{}}]},"7":{"loc":{"start":{"line":96,"column":11},"end":{"line":96,"column":62}},"type":"binary-expr","locations":[{"start":{"line":96,"column":11},"end":{"line":96,"column":35}},{"start":{"line":96,"column":38},"end":{"line":96,"column":62}}]},"8":{"loc":{"start":{"line":105,"column":12},"end":{"line":107,"column":13}},"type":"if","locations":[{"start":{"line":105,"column":12},"end":{"line":107,"column":13}},{"start":{},"end":{}}]},"9":{"loc":{"start":{"line":115,"column":12},"end":{"line":117,"column":13}},"type":"if","locations":[{"start":{"line":115,"column":12},"end":{"line":117,"column":13}},{"start":{},"end":{}}]},"10":{"loc":{"start":{"line":134,"column":16},"end":{"line":170,"column":17}},"type":"if","locations":[{"start":{"line":134,"column":16},"end":{"line":170,"column":17}},{"start":{},"end":{}}]},"11":{"loc":{"start":{"line":134,"column":19},"end":{"line":134,"column":93}},"type":"binary-expr","locations":[{"start":{"line":134,"column":19},"end":{"line":134,"column":58}},{"start":{"line":134,"column":62},"end":{"line":134,"column":93}}]},"12":{"loc":{"start":{"line":147,"column":20},"end":{"line":149,"column":21}},"type":"if","locations":[{"start":{"line":147,"column":20},"end":{"line":149,"column":21}},{"start":{},"end":{}}]},"13":{"loc":{"start":{"line":166,"column":38},"end":{"line":166,"column":104}},"type":"binary-expr","locations":[{"start":{"line":166,"column":38},"end":{"line":166,"column":87}},{"start":{"line":166,"column":91},"end":{"line":166,"column":104}}]},"14":{"loc":{"start":{"line":166,"column":41},"end":{"line":166,"column":56}},"type":"binary-expr","locations":[{"start":{"line":166,"column":41},"end":{"line":166,"column":50}},{"start":{"line":166,"column":54},"end":{"line":166,"column":56}}]},"15":{"loc":{"start":{"line":166,"column":60},"end":{"line":166,"column":78}},"type":"binary-expr","locations":[{"start":{"line":166,"column":60},"end":{"line":166,"column":72}},{"start":{"line":166,"column":76},"end":{"line":166,"column":78}}]},"16":{"loc":{"start":{"line":184,"column":8},"end":{"line":186,"column":9}},"type":"if","locations":[{"start":{"line":184,"column":8},"end":{"line":186,"column":9}},{"start":{},"end":{}}]},"17":{"loc":{"start":{"line":184,"column":11},"end":{"line":184,"column":41}},"type":"binary-expr","locations":[{"start":{"line":184,"column":11},"end":{"line":184,"column":24}},{"start":{"line":184,"column":28},"end":{"line":184,"column":41}}]},"18":{"loc":{"start":{"line":193,"column":12},"end":{"line":195,"column":13}},"type":"if","locations":[{"start":{"line":193,"column":12},"end":{"line":195,"column":13}},{"start":{},"end":{}}]},"19":{"loc":{"start":{"line":196,"column":13},"end":{"line":198,"column":13}},"type":"if","locations":[{"start":{"line":196,"column":13},"end":{"line":198,"column":13}},{"start":{},"end":{}}]},"20":{"loc":{"start":{"line":199,"column":12},"end":{"line":201,"column":13}},"type":"if","locations":[{"start":{"line":199,"column":12},"end":{"line":201,"column":13}},{"start":{},"end":{}}]},"21":{"loc":{"start":{"line":227,"column":12},"end":{"line":245,"column":13}},"type":"if","locations":[{"start":{"line":227,"column":12},"end":{"line":245,"column":13}},{"start":{"line":236,"column":19},"end":{"line":245,"column":13}}]},"22":{"loc":{"start":{"line":278,"column":8},"end":{"line":280,"column":9}},"type":"if","locations":[{"start":{"line":278,"column":8},"end":{"line":280,"column":9}},{"start":{},"end":{}}]},"23":{"loc":{"start":{"line":283,"column":12},"end":{"line":285,"column":13}},"type":"if","locations":[{"start":{"line":283,"column":12},"end":{"line":285,"column":13}},{"start":{},"end":{}}]},"24":{"loc":{"start":{"line":291,"column":12},"end":{"line":293,"column":13}},"type":"if","locations":[{"start":{"line":291,"column":12},"end":{"line":293,"column":13}},{"start":{},"end":{}}]},"25":{"loc":{"start":{"line":294,"column":12},"end":{"line":296,"column":13}},"type":"if","locations":[{"start":{"line":294,"column":12},"end":{"line":296,"column":13}},{"start":{},"end":{}}]},"26":{"loc":{"start":{"line":314,"column":31},"end":{"line":314,"column":69}},"type":"cond-expr","locations":[{"start":{"line":314,"column":48},"end":{"line":314,"column":64}},{"start":{"line":314,"column":67},"end":{"line":314,"column":69}}]},"27":{"loc":{"start":{"line":324,"column":8},"end":{"line":326,"column":9}},"type":"if","locations":[{"start":{"line":324,"column":8},"end":{"line":326,"column":9}},{"start":{},"end":{}}]},"28":{"loc":{"start":{"line":329,"column":8},"end":{"line":331,"column":9}},"type":"if","locations":[{"start":{"line":329,"column":8},"end":{"line":331,"column":9}},{"start":{},"end":{}}]},"29":{"loc":{"start":{"line":329,"column":12},"end":{"line":329,"column":63}},"type":"binary-expr","locations":[{"start":{"line":329,"column":12},"end":{"line":329,"column":27}},{"start":{"line":329,"column":31},"end":{"line":329,"column":63}}]},"30":{"loc":{"start":{"line":332,"column":8},"end":{"line":334,"column":9}},"type":"if","locations":[{"start":{"line":332,"column":8},"end":{"line":334,"column":9}},{"start":{},"end":{}}]},"31":{"loc":{"start":{"line":332,"column":12},"end":{"line":332,"column":59}},"type":"binary-expr","locations":[{"start":{"line":332,"column":12},"end":{"line":332,"column":25}},{"start":{"line":332,"column":29},"end":{"line":332,"column":59}}]},"32":{"loc":{"start":{"line":337,"column":27},"end":{"line":337,"column":93}},"type":"binary-expr","locations":[{"start":{"line":337,"column":27},"end":{"line":337,"column":42}},{"start":{"line":337,"column":46},"end":{"line":337,"column":93}}]},"33":{"loc":{"start":{"line":338,"column":25},"end":{"line":338,"column":52}},"type":"binary-expr","locations":[{"start":{"line":338,"column":25},"end":{"line":338,"column":38}},{"start":{"line":338,"column":42},"end":{"line":338,"column":52}}]},"34":{"loc":{"start":{"line":344,"column":12},"end":{"line":346,"column":13}},"type":"if","locations":[{"start":{"line":344,"column":12},"end":{"line":346,"column":13}},{"start":{},"end":{}}]},"35":{"loc":{"start":{"line":356,"column":12},"end":{"line":358,"column":13}},"type":"if","locations":[{"start":{"line":356,"column":12},"end":{"line":358,"column":13}},{"start":{},"end":{}}]},"36":{"loc":{"start":{"line":376,"column":12},"end":{"line":388,"column":13}},"type":"if","locations":[{"start":{"line":376,"column":12},"end":{"line":388,"column":13}},{"start":{},"end":{}}]},"37":{"loc":{"start":{"line":392,"column":41},"end":{"line":392,"column":66}},"type":"binary-expr","locations":[{"start":{"line":392,"column":41},"end":{"line":392,"column":61}},{"start":{"line":392,"column":65},"end":{"line":392,"column":66}}]},"38":{"loc":{"start":{"line":398,"column":34},"end":{"line":398,"column":64}},"type":"binary-expr","locations":[{"start":{"line":398,"column":34},"end":{"line":398,"column":59}},{"start":{"line":398,"column":63},"end":{"line":398,"column":64}}]},"39":{"loc":{"start":{"line":422,"column":8},"end":{"line":424,"column":9}},"type":"if","locations":[{"start":{"line":422,"column":8},"end":{"line":424,"column":9}},{"start":{},"end":{}}]},"40":{"loc":{"start":{"line":422,"column":11},"end":{"line":422,"column":41}},"type":"binary-expr","locations":[{"start":{"line":422,"column":11},"end":{"line":422,"column":24}},{"start":{"line":422,"column":28},"end":{"line":422,"column":41}}]},"41":{"loc":{"start":{"line":450,"column":12},"end":{"line":452,"column":13}},"type":"if","locations":[{"start":{"line":450,"column":12},"end":{"line":452,"column":13}},{"start":{},"end":{}}]},"42":{"loc":{"start":{"line":455,"column":12},"end":{"line":457,"column":13}},"type":"if","locations":[{"start":{"line":455,"column":12},"end":{"line":457,"column":13}},{"start":{},"end":{}}]},"43":{"loc":{"start":{"line":468,"column":32},"end":{"line":468,"column":103}},"type":"cond-expr","locations":[{"start":{"line":468,"column":58},"end":{"line":468,"column":65}},{"start":{"line":468,"column":68},"end":{"line":468,"column":103}}]},"44":{"loc":{"start":{"line":468,"column":68},"end":{"line":468,"column":103}},"type":"binary-expr","locations":[{"start":{"line":468,"column":68},"end":{"line":468,"column":83}},{"start":{"line":468,"column":87},"end":{"line":468,"column":103}}]},"45":{"loc":{"start":{"line":483,"column":28},"end":{"line":487,"column":28}},"type":"cond-expr","locations":[{"start":{"line":483,"column":52},"end":{"line":487,"column":22}},{"start":{"line":487,"column":24},"end":{"line":487,"column":28}}]},"46":{"loc":{"start":{"line":507,"column":8},"end":{"line":509,"column":9}},"type":"if","locations":[{"start":{"line":507,"column":8},"end":{"line":509,"column":9}},{"start":{},"end":{}}]},"47":{"loc":{"start":{"line":507,"column":11},"end":{"line":507,"column":39}},"type":"binary-expr","locations":[{"start":{"line":507,"column":11},"end":{"line":507,"column":24}},{"start":{"line":507,"column":26},"end":{"line":507,"column":39}}]},"48":{"loc":{"start":{"line":510,"column":9},"end":{"line":512,"column":9}},"type":"if","locations":[{"start":{"line":510,"column":9},"end":{"line":512,"column":9}},{"start":{},"end":{}}]},"49":{"loc":{"start":{"line":514,"column":8},"end":{"line":516,"column":9}},"type":"if","locations":[{"start":{"line":514,"column":8},"end":{"line":516,"column":9}},{"start":{},"end":{}}]},"50":{"loc":{"start":{"line":514,"column":11},"end":{"line":514,"column":51}},"type":"binary-expr","locations":[{"start":{"line":514,"column":11},"end":{"line":514,"column":29}},{"start":{"line":514,"column":33},"end":{"line":514,"column":51}}]},"51":{"loc":{"start":{"line":521,"column":12},"end":{"line":523,"column":13}},"type":"if","locations":[{"start":{"line":521,"column":12},"end":{"line":523,"column":13}},{"start":{},"end":{}}]},"52":{"loc":{"start":{"line":524,"column":12},"end":{"line":526,"column":13}},"type":"if","locations":[{"start":{"line":524,"column":12},"end":{"line":526,"column":13}},{"start":{},"end":{}}]}},"s":{"0":2,"1":2,"2":2,"3":8,"4":0,"5":8,"6":4,"7":4,"8":4,"9":0,"10":2,"11":6,"12":1,"13":5,"14":1,"15":4,"16":4,"17":4,"18":1,"19":3,"20":3,"21":1,"22":2,"23":2,"24":2,"25":1,"26":1,"27":0,"28":1,"29":1,"30":0,"31":0,"32":0,"33":0,"34":0,"35":0,"36":0,"37":0,"38":1,"39":1,"40":3,"41":5,"42":0,"43":5,"44":5,"45":5,"46":1,"47":4,"48":1,"49":3,"50":1,"51":2,"52":2,"53":2,"54":2,"55":1,"56":1,"57":2,"58":2,"59":2,"60":3,"61":3,"62":0,"63":3,"64":3,"65":0,"66":3,"67":3,"68":1,"69":2,"70":1,"71":1,"72":2,"73":3,"74":0,"75":3,"76":1,"77":2,"78":0,"79":2,"80":2,"81":2,"82":2,"83":2,"84":1,"85":1,"86":1,"87":1,"88":1,"89":1,"90":1,"91":0,"92":1,"93":1,"94":1,"95":2,"96":1,"97":1,"98":1,"99":1,"100":2,"101":1,"102":1,"103":1,"104":1,"105":3,"106":0,"107":3,"108":3,"109":3,"110":1,"111":2,"112":1,"113":1,"114":1,"115":1,"116":1,"117":1,"118":1,"119":1,"120":1,"121":2,"122":5,"123":5,"124":0,"125":5,"126":1,"127":4,"128":1,"129":3,"130":3,"131":3,"132":1,"133":2,"134":1,"135":1,"136":1,"137":2},"f":{"0":8,"1":6,"2":2,"3":0,"4":0,"5":0,"6":5,"7":3,"8":3,"9":3,"10":1,"11":1,"12":1,"13":5},"b":{"0":[0,8],"1":[8,8],"2":[4,4],"3":[4,0],"4":[1,5],"5":[6,5],"6":[1,4],"7":[5,4],"8":[1,3],"9":[1,2],"10":[1,1],"11":[2,1],"12":[1,0],"13":[0,0],"14":[0,0],"15":[0,0],"16":[0,5],"17":[5,5],"18":[1,4],"19":[1,3],"20":[1,2],"21":[1,1],"22":[0,3],"23":[0,3],"24":[1,2],"25":[1,1],"26":[0,1],"27":[0,3],"28":[1,2],"29":[3,3],"30":[0,2],"31":[2,1],"32":[2,0],"33":[2,1],"34":[1,1],"35":[1,0],"36":[0,1],"37":[2,0],"38":[2,0],"39":[0,3],"40":[3,3],"41":[1,2],"42":[1,1],"43":[0,1],"44":[1,0],"45":[1,0],"46":[0,5],"47":[5,5],"48":[1,4],"49":[1,3],"50":[4,3],"51":[1,2],"52":[1,1]}}
,"/Users/sentemngomezulu/Developer/Driving-Tracker/backend/src/services/user_devices_services.ts": {"path":"/Users/sentemngomezulu/Developer/Driving-Tracker/backend/src/services/user_devices_services.ts","statementMap":{"0":{"start":{"line":1,"column":0},"end":{"line":1,"column":34}},"1":{"start":{"line":2,"column":0},"end":{"line":2,"column":48}},"2":{"start":{"line":4,"column":13},"end":{"line":67,"column":2}},"3":{"start":{"line":8,"column":8},"end":{"line":22,"column":9}},"4":{"start":{"line":10,"column":12},"end":{"line":17,"column":12}},"5":{"start":{"line":21,"column":12},"end":{"line":21,"column":114}},"6":{"start":{"line":28,"column":8},"end":{"line":43,"column":9}},"7":{"start":{"line":30,"column":27},"end":{"line":33,"column":14}},"8":{"start":{"line":35,"column":32},"end":{"line":35,"column":64}},"9":{"start":{"line":35,"column":49},"end":{"line":35,"column":63}},"10":{"start":{"line":37,"column":12},"end":{"line":37,"column":31}},"11":{"start":{"line":41,"column":12},"end":{"line":41,"column":132}},"12":{"start":{"line":48,"column":9},"end":{"line":65,"column":9}},"13":{"start":{"line":50,"column":27},"end":{"line":55,"column":14}},"14":{"start":{"line":57,"column":32},"end":{"line":57,"column":64}},"15":{"start":{"line":57,"column":49},"end":{"line":57,"column":63}},"16":{"start":{"line":59,"column":12},"end":{"line":59,"column":31}},"17":{"start":{"line":63,"column":12},"end":{"line":63,"column":132}}},"fnMap":{"0":{"name":"(anonymous_1)","decl":{"start":{"line":6,"column":4},"end":{"line":6,"column":9}},"loc":{"start":{"line":6,"column":66},"end":{"line":24,"column":5}}},"1":{"name":"(anonymous_2)","decl":{"start":{"line":26,"column":4},"end":{"line":26,"column":9}},"loc":{"start":{"line":26,"column":45},"end":{"line":44,"column":5}}},"2":{"name":"(anonymous_3)","decl":{"start":{"line":35,"column":43},"end":{"line":35,"column":47}},"loc":{"start":{"line":35,"column":49},"end":{"line":35,"column":63}}},"3":{"name":"(anonymous_4)","decl":{"start":{"line":46,"column":4},"end":{"line":46,"column":9}},"loc":{"start":{"line":46,"column":58},"end":{"line":66,"column":5}}},"4":{"name":"(anonymous_5)","decl":{"start":{"line":57,"column":43},"end":{"line":57,"column":47}},"loc":{"start":{"line":57,"column":49},"end":{"line":57,"column":63}}}},"branchMap":{"0":{"loc":{"start":{"line":21,"column":36},"end":{"line":21,"column":88}},"type":"cond-expr","locations":[{"start":{"line":21,"column":51},"end":{"line":21,"column":62}},{"start":{"line":21,"column":65},"end":{"line":21,"column":88}}]},"1":{"loc":{"start":{"line":41,"column":36},"end":{"line":41,"column":101}},"type":"cond-expr","locations":[{"start":{"line":41,"column":51},"end":{"line":41,"column":62}},{"start":{"line":41,"column":65},"end":{"line":41,"column":101}}]},"2":{"loc":{"start":{"line":63,"column":36},"end":{"line":63,"column":101}},"type":"cond-expr","locations":[{"start":{"line":63,"column":51},"end":{"line":63,"column":62}},{"start":{"line":63,"column":65},"end":{"line":63,"column":101}}]}},"s":{"0":4,"1":4,"2":4,"3":2,"4":2,"5":1,"6":2,"7":2,"8":1,"9":2,"10":1,"11":1,"12":2,"13":2,"14":1,"15":2,"16":1,"17":1},"f":{"0":2,"1":2,"2":2,"3":2,"4":2},"b":{"0":[1,0],"1":[1,0],"2":[1,0]}}
,"/Users/sentemngomezulu/Developer/Driving-Tracker/backend/src/utils/errors.ts": {"path":"/Users/sentemngomezulu/Developer/Driving-Tracker/backend/src/utils/errors.ts","statementMap":{"0":{"start":{"line":5,"column":8},"end":{"line":5,"column":23}},"1":{"start":{"line":4,"column":40},"end":{"line":4,"column":53}},"2":{"start":{"line":6,"column":8},"end":{"line":6,"column":36}},"3":{"start":{"line":10,"column":8},"end":{"line":10,"column":52}},"4":{"start":{"line":2,"column":0},"end":{"line":2,"column":13}},"5":{"start":{"line":17,"column":8},"end":{"line":17,"column":23}},"6":{"start":{"line":16,"column":40},"end":{"line":16,"column":65}},"7":{"start":{"line":18,"column":8},"end":{"line":18,"column":34}},"8":{"start":{"line":22,"column":8},"end":{"line":22,"column":49}},"9":{"start":{"line":14,"column":0},"end":{"line":14,"column":13}},"10":{"start":{"line":29,"column":8},"end":{"line":29,"column":23}},"11":{"start":{"line":28,"column":40},"end":{"line":28,"column":57}},"12":{"start":{"line":30,"column":8},"end":{"line":30,"column":34}},"13":{"start":{"line":26,"column":0},"end":{"line":26,"column":13}}},"fnMap":{"0":{"name":"(anonymous_0)","decl":{"start":{"line":4,"column":4},"end":{"line":4,"column":16}},"loc":{"start":{"line":4,"column":53},"end":{"line":7,"column":5}}},"1":{"name":"(anonymous_1)","decl":{"start":{"line":9,"column":4},"end":{"line":9,"column":8}},"loc":{"start":{"line":9,"column":17},"end":{"line":11,"column":5}}},"2":{"name":"(anonymous_2)","decl":{"start":{"line":16,"column":4},"end":{"line":16,"column":16}},"loc":{"start":{"line":16,"column":65},"end":{"line":19,"column":5}}},"3":{"name":"(anonymous_3)","decl":{"start":{"line":21,"column":4},"end":{"line":21,"column":8}},"loc":{"start":{"line":21,"column":17},"end":{"line":23,"column":5}}},"4":{"name":"(anonymous_4)","decl":{"start":{"line":28,"column":4},"end":{"line":28,"column":16}},"loc":{"start":{"line":28,"column":57},"end":{"line":31,"column":5}}}},"branchMap":{},"s":{"0":7,"1":7,"2":7,"3":3,"4":14,"5":2,"6":2,"7":2,"8":1,"9":14,"10":14,"11":14,"12":14,"13":14},"f":{"0":7,"1":3,"2":2,"3":1,"4":14},"b":{}}
,"/Users/sentemngomezulu/Developer/Driving-Tracker/backend/src/utils/firebase.ts": {"path":"/Users/sentemngomezulu/Developer/Driving-Tracker/backend/src/utils/firebase.ts","statementMap":{"0":{"start":{"line":1,"column":0},"end":{"line":1,"column":71}},"1":{"start":{"line":3,"column":0},"end":{"line":5,"column":3}},"2":{"start":{"line":7,"column":0},"end":{"line":7,"column":9}},"3":{"start":{"line":7,"column":9},"end":{"line":7,"column":56}}},"fnMap":{"0":{"name":"(anonymous_0)","decl":{"start":{"line":7,"column":9},"end":{"line":7,"column":21}},"loc":{"start":{"line":7,"column":9},"end":{"line":7,"column":56}}}},"branchMap":{},"s":{"0":3,"1":3,"2":3,"3":3},"f":{"0":0},"b":{}}
}
