TN:
SF:src/controllers/auth.controller.ts
FN:8,(anonymous_0)
FN:42,(anonymous_1)
FN:72,(anonymous_2)
FN:85,(anonymous_3)
FNF:4
FNH:3
FNDA:4,(anonymous_0)
FNDA:3,(anonymous_1)
FNDA:0,(anonymous_2)
FNDA:4,(anonymous_3)
DA:2,3
DA:3,3
DA:4,3
DA:6,3
DA:10,4
DA:12,4
DA:14,4
DA:17,1
DA:20,1
DA:27,3
DA:28,2
DA:29,2
DA:32,1
DA:33,1
DA:34,1
DA:37,0
DA:38,0
DA:44,3
DA:46,3
DA:48,3
DA:51,1
DA:53,1
DA:60,2
DA:62,1
DA:63,1
DA:66,1
DA:67,1
DA:74,0
DA:76,0
DA:77,0
DA:80,0
DA:87,4
DA:89,4
DA:91,1
DA:92,1
DA:95,3
DA:97,3
DA:99,1
DA:101,1
DA:107,2
DA:109,1
DA:113,1
DA:116,1
DA:122,3
LF:44
LH:38
BRDA:27,0,0,2
BRDA:27,0,1,1
BRDA:32,1,0,1
BRDA:32,1,1,0
BRDA:60,2,0,1
BRDA:60,2,1,1
BRDA:89,3,0,1
BRDA:89,3,1,3
BRDA:107,4,0,1
BRDA:107,4,1,1
BRF:10
BRH:9
end_of_record
TN:
SF:src/controllers/badges_leaderboard.controller.ts
FN:5,(anonymous_0)
FN:50,(anonymous_1)
FN:71,(anonymous_2)
FNF:3
FNH:3
FNDA:5,(anonymous_0)
FNDA:2,(anonymous_1)
FNDA:2,(anonymous_2)
DA:3,1
DA:4,1
DA:6,5
DA:7,5
DA:8,5
DA:10,5
DA:11,1
DA:14,1
DA:16,4
DA:17,0
DA:20,0
DA:22,4
DA:27,1
DA:33,3
DA:34,1
DA:38,2
DA:39,1
DA:43,1
DA:51,2
DA:52,2
DA:54,2
DA:55,1
DA:60,1
DA:62,1
DA:64,0
DA:72,2
DA:73,2
DA:74,2
DA:75,1
DA:78,1
DA:80,1
DA:82,0
DA:89,1
LF:33
LH:29
BRDA:10,0,0,1
BRDA:10,0,1,4
BRDA:16,1,0,0
BRDA:16,1,1,4
BRDA:16,2,0,4
BRDA:16,2,1,4
BRDA:33,3,0,1
BRDA:33,3,1,2
BRDA:38,4,0,1
BRDA:38,4,1,1
BRDA:54,5,0,1
BRDA:54,5,1,1
BRDA:74,6,0,1
BRDA:74,6,1,1
BRF:14
BRH:13
end_of_record
TN:
SF:src/controllers/contacts.controller.ts
FN:7,get_user_id
FN:15,(anonymous_1)
FN:80,(anonymous_2)
FN:119,(anonymous_3)
FN:138,(anonymous_4)
FN:196,(anonymous_5)
FN:211,(anonymous_6)
FN:279,(anonymous_7)
FNF:8
FNH:8
FNDA:20,get_user_id
FNDA:5,(anonymous_1)
FNDA:3,(anonymous_2)
FNDA:4,(anonymous_3)
FNDA:2,(anonymous_4)
FNDA:4,(anonymous_5)
FNDA:2,(anonymous_6)
FNDA:4,(anonymous_7)
DA:3,1
DA:4,1
DA:8,20
DA:11,1
DA:16,5
DA:17,5
DA:18,1
DA:21,4
DA:24,4
DA:25,1
DA:31,3
DA:33,3
DA:34,1
DA:42,2
DA:44,0
DA:50,2
DA:51,1
DA:56,1
DA:57,0
DA:62,1
DA:63,1
DA:69,0
DA:81,3
DA:82,3
DA:83,1
DA:88,2
DA:90,2
DA:92,1
DA:97,1
DA:98,1
DA:103,0
DA:120,4
DA:121,4
DA:122,1
DA:127,3
DA:129,3
DA:130,1
DA:138,2
DA:140,2
DA:141,2
DA:148,1
DA:152,1
DA:153,0
DA:159,1
DA:160,1
DA:166,0
DA:167,0
DA:173,0
DA:197,4
DA:198,4
DA:199,1
DA:203,3
DA:206,3
DA:207,3
DA:208,3
DA:211,3
DA:213,3
DA:214,1
DA:220,2
DA:221,0
DA:228,2
DA:229,2
DA:235,1
DA:244,1
DA:245,1
DA:251,0
DA:252,0
DA:258,0
DA:259,0
DA:265,0
DA:266,0
DA:269,0
DA:280,4
DA:282,4
DA:283,1
DA:286,3
DA:288,3
DA:290,3
DA:291,1
DA:294,2
DA:295,2
DA:297,1
DA:304,1
DA:305,0
DA:308,1
DA:310,0
DA:313,1
DA:318,1
LF:88
LH:70
BRDA:8,0,0,20
BRDA:8,0,1,5
BRDA:17,1,0,1
BRDA:17,1,1,4
BRDA:21,2,0,4
BRDA:21,2,1,0
BRDA:24,3,0,1
BRDA:24,3,1,3
BRDA:24,4,0,4
BRDA:24,4,1,4
BRDA:42,5,0,0
BRDA:42,5,1,2
BRDA:50,6,0,1
BRDA:50,6,1,1
BRDA:56,7,0,0
BRDA:56,7,1,1
BRDA:62,8,0,1
BRDA:62,8,1,0
BRDA:82,9,0,1
BRDA:82,9,1,2
BRDA:97,10,0,1
BRDA:97,10,1,0
BRDA:121,11,0,1
BRDA:121,11,1,3
BRDA:127,12,0,3
BRDA:127,12,1,0
BRDA:129,13,0,1
BRDA:129,13,1,2
BRDA:129,14,0,3
BRDA:129,14,1,3
BRDA:129,14,2,2
BRDA:129,14,3,2
BRDA:138,15,0,2
BRDA:138,15,1,0
BRDA:145,16,0,0
BRDA:145,16,1,2
BRDA:152,17,0,0
BRDA:152,17,1,1
BRDA:159,18,0,1
BRDA:159,18,1,0
BRDA:166,19,0,0
BRDA:166,19,1,0
BRDA:198,20,0,1
BRDA:198,20,1,3
BRDA:203,21,0,3
BRDA:203,21,1,0
BRDA:206,22,0,0
BRDA:206,22,1,3
BRDA:206,23,0,3
BRDA:206,23,1,3
BRDA:206,23,2,3
BRDA:211,24,0,3
BRDA:211,24,1,0
BRDA:213,25,0,1
BRDA:213,25,1,2
BRDA:220,26,0,0
BRDA:220,26,1,2
BRDA:220,27,0,2
BRDA:220,27,1,2
BRDA:244,28,0,1
BRDA:244,28,1,0
BRDA:251,29,0,0
BRDA:251,29,1,0
BRDA:258,30,0,0
BRDA:258,30,1,0
BRDA:265,31,0,0
BRDA:265,31,1,0
BRDA:282,32,0,1
BRDA:282,32,1,3
BRDA:290,33,0,1
BRDA:290,33,1,2
BRDA:304,34,0,0
BRDA:304,34,1,1
BRDA:308,35,0,0
BRDA:308,35,1,1
BRF:75
BRH:50
end_of_record
TN:
SF:src/controllers/leaderboard.controller.ts
FN:5,get_user_id
FN:11,(anonymous_1)
FN:32,(anonymous_2)
FN:49,(anonymous_3)
FNF:4
FNH:4
FNDA:12,get_user_id
FNDA:6,(anonymous_1)
FNDA:3,(anonymous_2)
FNDA:3,(anonymous_3)
DA:3,1
DA:6,12
DA:9,1
DA:12,6
DA:13,6
DA:14,6
DA:15,0
DA:18,6
DA:20,6
DA:21,3
DA:24,3
DA:26,3
DA:28,0
DA:33,3
DA:35,3
DA:37,3
DA:39,2
DA:41,1
DA:45,1
DA:50,3
DA:52,3
DA:54,3
DA:56,2
DA:58,1
DA:62,1
DA:67,1
LF:26
LH:24
BRDA:6,0,0,12
BRDA:6,0,1,2
BRDA:14,1,0,0
BRDA:14,1,1,6
BRDA:18,2,0,6
BRDA:18,2,1,0
BRDA:20,3,0,3
BRDA:20,3,1,3
BRDA:20,4,0,6
BRDA:20,4,1,5
BRDA:20,4,2,4
BRDA:20,4,3,3
BRDA:37,5,0,1
BRDA:37,5,1,2
BRDA:54,6,0,1
BRDA:54,6,1,2
BRF:16
BRH:14
end_of_record
TN:
SF:src/controllers/trips.controller.ts
FN:9,(anonymous_0)
FN:60,(anonymous_1)
FN:106,(anonymous_2)
FN:167,(anonymous_3)
FN:209,(anonymous_4)
FN:243,(anonymous_5)
FNF:6
FNH:6
FNDA:3,(anonymous_0)
FNDA:3,(anonymous_1)
FNDA:2,(anonymous_2)
FNDA:2,(anonymous_3)
FNDA:2,(anonymous_4)
FNDA:2,(anonymous_5)
DA:3,1
DA:5,1
DA:9,1
DA:10,3
DA:11,3
DA:12,3
DA:13,1
DA:14,1
DA:16,2
DA:19,2
DA:28,1
DA:33,1
DA:34,0
DA:38,1
DA:39,0
DA:43,1
DA:44,1
DA:49,1
DA:51,0
DA:52,0
DA:55,0
DA:60,1
DA:61,3
DA:62,3
DA:63,3
DA:64,3
DA:66,3
DA:67,0
DA:70,0
DA:72,3
DA:86,1
DA:91,2
DA:92,1
DA:93,1
DA:94,0
DA:97,1
DA:98,1
DA:101,0
DA:106,1
DA:107,2
DA:108,2
DA:123,2
DA:124,2
DA:125,0
DA:128,0
DA:131,2
DA:148,1
DA:153,1
DA:154,0
DA:157,1
DA:158,1
DA:161,0
DA:162,0
DA:167,1
DA:168,2
DA:169,2
DA:171,2
DA:173,2
DA:174,0
DA:178,0
DA:181,2
DA:188,1
DA:193,1
DA:194,1
DA:195,0
DA:198,1
DA:199,1
DA:203,0
DA:209,1
DA:210,2
DA:211,2
DA:212,2
DA:214,2
DA:215,0
DA:219,0
DA:222,2
DA:223,1
DA:226,1
DA:227,0
DA:231,1
DA:232,1
DA:237,0
DA:243,1
DA:244,2
DA:245,2
DA:246,2
DA:247,2
DA:249,2
DA:250,0
DA:253,0
DA:256,2
DA:266,1
DA:268,1
DA:269,0
DA:273,1
DA:274,0
DA:278,1
DA:279,1
DA:283,0
LF:99
LH:72
BRDA:12,0,0,1
BRDA:12,0,1,2
BRDA:33,1,0,0
BRDA:33,1,1,1
BRDA:38,2,0,0
BRDA:38,2,1,1
BRDA:43,3,0,1
BRDA:43,3,1,0
BRDA:49,4,0,0
BRDA:49,4,1,1
BRDA:51,5,0,0
BRDA:51,5,1,0
BRDA:66,6,0,0
BRDA:66,6,1,3
BRDA:91,7,0,1
BRDA:91,7,1,1
BRDA:93,8,0,0
BRDA:93,8,1,1
BRDA:97,9,0,1
BRDA:97,9,1,0
BRDA:124,10,0,0
BRDA:124,10,1,2
BRDA:153,11,0,0
BRDA:153,11,1,1
BRDA:157,12,0,1
BRDA:157,12,1,0
BRDA:161,13,0,0
BRDA:161,13,1,0
BRDA:171,14,0,2
BRDA:171,14,1,0
BRDA:173,15,0,0
BRDA:173,15,1,2
BRDA:183,16,0,2
BRDA:183,16,1,0
BRDA:184,17,0,1
BRDA:184,17,1,1
BRDA:194,18,0,0
BRDA:194,18,1,1
BRDA:198,19,0,1
BRDA:198,19,1,0
BRDA:214,20,0,0
BRDA:214,20,1,2
BRDA:226,21,0,0
BRDA:226,21,1,1
BRDA:231,22,0,1
BRDA:231,22,1,0
BRDA:249,23,0,0
BRDA:249,23,1,2
BRDA:268,24,0,0
BRDA:268,24,1,1
BRDA:273,25,0,0
BRDA:273,25,1,1
BRDA:278,26,0,1
BRDA:278,26,1,0
BRF:54
BRH:28
end_of_record
TN:
SF:src/db/prisma.ts
FNF:0
FNH:0
DA:1,5
DA:2,5
DA:3,5
DA:5,5
DA:6,5
DA:7,0
DA:10,5
DA:11,5
DA:13,5
DA:15,5
LF:10
LH:9
BRDA:6,0,0,0
BRDA:6,0,1,5
BRF:2
BRH:1
end_of_record
TN:
SF:src/services/auth_services.ts
FN:25,(anonymous_1)
FN:36,(anonymous_2)
FN:41,validate_email
FN:45,validate_password
FN:49,generate_unique_username
FN:63,(anonymous_6)
FN:175,(anonymous_7)
FN:203,(anonymous_8)
FN:213,(anonymous_9)
FNF:9
FNH:7
FNDA:3,(anonymous_1)
FNDA:3,(anonymous_2)
FNDA:3,validate_email
FNDA:1,validate_password
FNDA:0,generate_unique_username
FNDA:4,(anonymous_6)
FNDA:3,(anonymous_7)
FNDA:0,(anonymous_8)
FNDA:2,(anonymous_9)
DA:1,4
DA:2,4
DA:3,4
DA:4,4
DA:5,4
DA:7,4
DA:8,4
DA:10,4
DA:12,4
DA:14,4
DA:19,4
DA:21,4
DA:23,4
DA:25,4
DA:26,3
DA:28,3
DA:30,0
DA:31,0
DA:32,0
DA:35,0
DA:37,3
DA:38,3
DA:42,3
DA:46,1
DA:50,0
DA:55,0
DA:56,0
DA:58,0
DA:61,4
DA:66,4
DA:68,3
DA:70,3
DA:71,0
DA:74,3
DA:76,3
DA:77,0
DA:80,3
DA:82,3
DA:83,0
DA:86,3
DA:88,3
DA:89,0
DA:92,3
DA:94,3
DA:95,0
DA:98,3
DA:100,3
DA:101,1
DA:104,2
DA:107,2
DA:111,2
DA:113,1
DA:115,1
DA:119,1
DA:121,1
DA:122,0
DA:125,1
DA:127,1
DA:129,1
DA:130,1
DA:131,1
DA:132,1
DA:147,1
DA:149,1
DA:157,1
DA:160,0
DA:162,0
DA:163,0
DA:164,0
DA:167,0
DA:171,0
DA:177,3
DA:184,3
DA:186,2
DA:188,2
DA:190,1
DA:192,1
DA:200,1
DA:205,0
DA:215,2
DA:218,1
DA:227,1
DA:230,1
DA:233,1
DA:241,1
LF:85
LH:64
BRDA:26,0,0,0
BRDA:26,0,1,3
BRDA:28,1,0,3
BRDA:28,1,1,0
BRDA:30,2,0,0
BRDA:30,2,1,0
BRDA:66,3,0,1
BRDA:66,3,1,3
BRDA:70,4,0,0
BRDA:70,4,1,3
BRDA:76,5,0,0
BRDA:76,5,1,3
BRDA:82,6,0,0
BRDA:82,6,1,3
BRDA:88,7,0,0
BRDA:88,7,1,3
BRDA:94,8,0,0
BRDA:94,8,1,3
BRDA:100,9,0,1
BRDA:100,9,1,2
BRDA:111,10,0,1
BRDA:111,10,1,1
BRDA:113,11,0,1
BRDA:113,11,1,0
BRDA:121,12,0,0
BRDA:121,12,1,1
BRDA:160,13,0,0
BRDA:160,13,1,0
BRDA:160,14,0,0
BRDA:160,14,1,0
BRDA:163,15,0,0
BRDA:163,15,1,0
BRDA:184,16,0,1
BRDA:184,16,1,2
BRDA:188,17,0,1
BRDA:188,17,1,1
BRDA:227,18,0,0
BRDA:227,18,1,1
BRF:38
BRH:20
end_of_record
TN:
SF:src/services/badges_leaderboard_services.ts
FN:14,compare
FN:35,(anonymous_2)
FN:72,(anonymous_3)
FN:135,(anonymous_4)
FN:188,(anonymous_5)
FN:209,(anonymous_6)
FN:216,(anonymous_7)
FN:222,(anonymous_8)
FN:238,(anonymous_9)
FN:249,(anonymous_10)
FN:255,(anonymous_11)
FN:265,(anonymous_12)
FNF:12
FNH:11
FNDA:1,compare
FNDA:2,(anonymous_2)
FNDA:2,(anonymous_3)
FNDA:1,(anonymous_4)
FNDA:2,(anonymous_5)
FNDA:2,(anonymous_6)
FNDA:2,(anonymous_7)
FNDA:2,(anonymous_8)
FNDA:2,(anonymous_9)
FNDA:1,(anonymous_10)
FNDA:1,(anonymous_11)
FNDA:0,(anonymous_12)
DA:1,2
DA:15,1
DA:17,0
DA:19,1
DA:21,0
DA:23,0
DA:26,0
DA:28,0
DA:30,0
DA:34,2
DA:36,2
DA:37,0
DA:39,2
DA:61,2
DA:62,1
DA:64,1
DA:65,0
DA:67,1
DA:71,1
DA:73,2
DA:74,2
DA:75,2
DA:76,1
DA:78,2
DA:79,0
DA:81,2
DA:82,1
DA:84,2
DA:85,0
DA:87,2
DA:98,1
DA:105,1
DA:121,1
DA:126,1
DA:128,1
DA:129,1
DA:131,1
DA:132,0
DA:135,1
DA:136,1
DA:137,1
DA:138,1
DA:140,1
DA:141,0
DA:144,1
DA:146,1
DA:147,1
DA:150,0
DA:159,0
DA:160,0
DA:162,0
DA:172,0
DA:181,1
DA:189,2
DA:190,2
DA:191,0
DA:193,2
DA:209,2
DA:216,2
DA:217,2
DA:218,2
DA:219,2
DA:222,2
DA:226,2
DA:239,2
DA:247,2
DA:249,1
DA:255,1
LF:68
LH:50
BRDA:15,0,0,0
BRDA:15,0,1,1
BRDA:15,0,2,0
BRDA:15,0,3,0
BRDA:15,0,4,0
BRDA:15,0,5,0
BRDA:15,0,6,0
BRDA:15,0,7,0
BRDA:36,1,0,0
BRDA:36,1,1,2
BRDA:36,2,0,2
BRDA:36,2,1,2
BRDA:61,3,0,1
BRDA:61,3,1,1
BRDA:64,4,0,0
BRDA:64,4,1,1
BRDA:73,5,0,2
BRDA:73,5,1,0
BRDA:75,6,0,1
BRDA:75,6,1,1
BRDA:78,7,0,0
BRDA:78,7,1,2
BRDA:81,8,0,1
BRDA:81,8,1,1
BRDA:84,9,0,0
BRDA:84,9,1,2
BRDA:84,10,0,2
BRDA:84,10,1,2
BRDA:106,11,0,1
BRDA:106,11,1,0
BRDA:107,12,0,1
BRDA:107,12,1,0
BRDA:108,13,0,1
BRDA:108,13,1,0
BRDA:109,14,0,1
BRDA:109,14,1,0
BRDA:110,15,0,1
BRDA:110,15,1,0
BRDA:111,16,0,1
BRDA:111,16,1,0
BRDA:131,17,0,0
BRDA:131,17,1,1
BRDA:136,18,0,1
BRDA:136,18,1,0
BRDA:138,19,0,1
BRDA:138,19,1,0
BRDA:138,19,2,0
BRDA:140,20,0,0
BRDA:140,20,1,1
BRDA:146,21,0,1
BRDA:146,21,1,0
BRDA:159,22,0,0
BRDA:159,22,1,0
BRDA:190,23,0,0
BRDA:190,23,1,2
BRDA:217,24,0,2
BRDA:217,24,1,0
BRDA:218,25,0,2
BRDA:218,25,1,2
BRF:59
BRH:31
end_of_record
TN:
SF:src/services/contacts_services.ts
FN:7,is_uuid
FN:13,coded_error
FN:19,get_user_fullname
FN:41,(anonymous_4)
FN:102,(anonymous_5)
FN:121,(anonymous_6)
FN:134,(anonymous_7)
FN:165,(anonymous_8)
FN:178,(anonymous_9)
FN:188,(anonymous_10)
FN:216,(anonymous_11)
FN:225,(anonymous_12)
FN:242,(anonymous_13)
FN:249,(anonymous_14)
FNF:14
FNH:11
FNDA:3,is_uuid
FNDA:3,coded_error
FNDA:2,get_user_fullname
FNDA:3,(anonymous_4)
FNDA:1,(anonymous_5)
FNDA:2,(anonymous_6)
FNDA:1,(anonymous_7)
FNDA:0,(anonymous_8)
FNDA:0,(anonymous_9)
FNDA:2,(anonymous_10)
FNDA:1,(anonymous_11)
FNDA:1,(anonymous_12)
FNDA:1,(anonymous_13)
FNDA:0,(anonymous_14)
DA:1,2
DA:2,2
DA:3,2
DA:4,2
DA:9,3
DA:14,3
DA:15,3
DA:16,3
DA:21,2
DA:25,2
DA:27,2
DA:29,2
DA:33,2
DA:43,3
DA:45,3
DA:56,3
DA:57,2
DA:60,1
DA:68,1
DA:71,1
DA:74,1
DA:84,1
DA:86,1
DA:88,1
DA:89,0
DA:92,1
DA:95,1
DA:103,1
DA:121,2
DA:141,1
DA:144,1
DA:148,1
DA:151,1
DA:155,1
DA:158,1
DA:162,1
DA:165,1
DA:166,0
DA:177,0
DA:178,0
DA:193,2
DA:196,2
DA:200,2
DA:203,1
DA:211,1
DA:214,1
DA:215,1
DA:216,1
DA:225,1
DA:227,1
DA:229,1
DA:231,1
DA:233,0
DA:236,1
DA:239,1
DA:242,1
DA:252,0
DA:253,0
DA:256,0
DA:263,0
DA:264,0
DA:267,0
DA:269,0
DA:270,0
DA:274,0
DA:283,0
DA:285,0
DA:287,0
DA:288,0
DA:291,0
DA:293,0
LF:71
LH:51
BRDA:25,0,0,0
BRDA:25,0,1,2
BRDA:27,1,0,2
BRDA:27,1,1,0
BRDA:27,2,0,2
BRDA:27,2,1,0
BRDA:27,3,0,2
BRDA:27,3,1,0
BRDA:43,4,0,0
BRDA:43,4,1,3
BRDA:43,5,0,0
BRDA:43,5,1,3
BRDA:56,6,0,1
BRDA:56,6,1,2
BRDA:57,7,0,1
BRDA:57,7,1,1
BRDA:68,8,0,0
BRDA:68,8,1,1
BRDA:71,9,0,1
BRDA:71,9,1,0
BRDA:71,10,0,1
BRDA:71,10,1,0
BRDA:71,11,0,1
BRDA:71,11,1,0
BRDA:88,12,0,0
BRDA:88,12,1,1
BRDA:148,13,0,0
BRDA:148,13,1,1
BRDA:155,14,0,0
BRDA:155,14,1,1
BRDA:155,15,0,1
BRDA:155,15,1,1
BRDA:162,16,0,0
BRDA:162,16,1,1
BRDA:172,17,0,0
BRDA:172,17,1,0
BRDA:200,18,0,1
BRDA:200,18,1,1
BRDA:200,19,0,2
BRDA:200,19,1,1
BRDA:211,20,0,0
BRDA:211,20,1,1
BRDA:231,21,0,0
BRDA:231,21,1,1
BRDA:252,22,0,0
BRDA:252,22,1,0
BRDA:263,23,0,0
BRDA:263,23,1,0
BRDA:269,24,0,0
BRDA:269,24,1,0
BRDA:287,25,0,0
BRDA:287,25,1,0
BRF:52
BRH:26
end_of_record
TN:
SF:src/services/leaderboard_services.ts
FN:9,to_number
FN:25,(anonymous_2)
FN:52,(anonymous_3)
FN:59,(anonymous_4)
FN:74,(anonymous_5)
FN:83,(anonymous_6)
FN:84,(anonymous_7)
FN:93,(anonymous_8)
FN:102,(anonymous_9)
FN:103,(anonymous_10)
FNF:10
FNH:10
FNDA:5,to_number
FNDA:5,(anonymous_2)
FNDA:4,(anonymous_3)
FNDA:3,(anonymous_4)
FNDA:2,(anonymous_5)
FNDA:6,(anonymous_6)
FNDA:6,(anonymous_7)
FNDA:2,(anonymous_8)
FNDA:6,(anonymous_9)
FNDA:6,(anonymous_10)
DA:1,2
DA:10,5
DA:11,0
DA:13,5
DA:14,5
DA:17,0
DA:18,0
DA:21,0
DA:24,2
DA:26,5
DA:28,5
DA:29,2
DA:32,3
DA:52,4
DA:59,3
DA:60,3
DA:61,3
DA:63,3
DA:76,2
DA:83,6
DA:84,6
DA:86,2
DA:95,2
DA:102,6
DA:103,6
DA:105,2
DA:113,2
LF:27
LH:23
BRDA:10,0,0,0
BRDA:10,0,1,5
BRDA:10,1,0,5
BRDA:10,1,1,5
BRDA:13,2,0,5
BRDA:13,2,1,0
BRDA:17,3,0,0
BRDA:17,3,1,0
BRDA:28,4,0,2
BRDA:28,4,1,3
BRDA:28,5,0,5
BRDA:28,5,1,5
BRDA:28,5,2,4
BRDA:55,6,0,4
BRDA:55,6,1,1
BRDA:55,6,2,0
BRDA:55,7,0,4
BRDA:55,7,1,0
BRDA:56,8,0,4
BRDA:56,8,1,0
BRDA:60,9,0,1
BRDA:60,9,1,2
BRDA:61,10,0,1
BRDA:61,10,1,2
BRDA:61,11,0,1
BRDA:61,11,1,0
BRF:26
BRH:18
end_of_record
TN:
SF:src/services/notification_service.ts
FN:9,(anonymous_0)
FN:25,(anonymous_1)
FN:32,(anonymous_2)
FN:49,(anonymous_3)
FN:57,(anonymous_4)
FN:74,(anonymous_5)
FN:82,(anonymous_6)
FN:99,(anonymous_7)
FN:106,(anonymous_8)
FN:121,(anonymous_9)
FN:129,(anonymous_10)
FN:150,(anonymous_11)
FNF:12
FNH:10
FNDA:3,(anonymous_0)
FNDA:1,(anonymous_1)
FNDA:0,(anonymous_2)
FNDA:0,(anonymous_3)
FNDA:3,(anonymous_4)
FNDA:1,(anonymous_5)
FNDA:3,(anonymous_6)
FNDA:1,(anonymous_7)
FNDA:3,(anonymous_8)
FNDA:1,(anonymous_9)
FNDA:4,(anonymous_10)
FNDA:1,(anonymous_11)
DA:1,4
DA:2,4
DA:6,4
DA:11,3
DA:12,1
DA:15,2
DA:26,1
DA:27,1
DA:28,1
DA:34,0
DA:35,0
DA:38,0
DA:40,0
DA:50,0
DA:51,0
DA:52,0
DA:59,3
DA:60,1
DA:63,2
DA:75,1
DA:76,1
DA:77,1
DA:84,3
DA:85,1
DA:88,2
DA:100,1
DA:101,1
DA:102,1
DA:108,3
DA:109,1
DA:112,2
DA:122,1
DA:123,1
DA:124,1
DA:131,4
DA:132,1
DA:135,3
DA:136,1
DA:139,3
DA:151,1
DA:152,1
DA:153,1
LF:42
LH:35
BRDA:11,0,0,1
BRDA:11,0,1,2
BRDA:26,1,0,1
BRDA:26,1,1,0
BRDA:34,2,0,0
BRDA:34,2,1,0
BRDA:38,3,0,0
BRDA:38,3,1,0
BRDA:50,4,0,0
BRDA:50,4,1,0
BRDA:59,5,0,1
BRDA:59,5,1,2
BRDA:75,6,0,1
BRDA:75,6,1,0
BRDA:84,7,0,1
BRDA:84,7,1,2
BRDA:100,8,0,1
BRDA:100,8,1,0
BRDA:108,9,0,1
BRDA:108,9,1,2
BRDA:122,10,0,1
BRDA:122,10,1,0
BRDA:131,11,0,1
BRDA:131,11,1,3
BRDA:135,12,0,1
BRDA:135,12,1,2
BRDA:151,13,0,1
BRDA:151,13,1,0
BRF:28
BRH:17
end_of_record
TN:
SF:src/services/trips_services.ts
FN:8,to_number
FN:92,(anonymous_2)
FN:120,(anonymous_3)
FN:145,(anonymous_4)
FN:152,(anonymous_5)
FN:162,(anonymous_6)
FN:182,(anonymous_7)
FN:277,(anonymous_8)
FN:323,(anonymous_9)
FN:421,(anonymous_10)
FN:467,(anonymous_11)
FN:470,(anonymous_12)
FN:489,(anonymous_13)
FN:504,(anonymous_14)
FNF:14
FNH:11
FNDA:8,to_number
FNDA:6,(anonymous_2)
FNDA:2,(anonymous_3)
FNDA:0,(anonymous_4)
FNDA:0,(anonymous_5)
FNDA:0,(anonymous_6)
FNDA:5,(anonymous_7)
FNDA:3,(anonymous_8)
FNDA:3,(anonymous_9)
FNDA:3,(anonymous_10)
FNDA:1,(anonymous_11)
FNDA:1,(anonymous_12)
FNDA:1,(anonymous_13)
FNDA:5,(anonymous_14)
DA:3,2
DA:4,2
DA:5,2
DA:9,8
DA:10,0
DA:13,8
DA:14,4
DA:17,4
DA:18,4
DA:21,0
DA:91,2
DA:93,6
DA:94,1
DA:96,5
DA:97,1
DA:100,4
DA:102,4
DA:105,4
DA:106,1
DA:109,3
DA:115,3
DA:116,1
DA:120,2
DA:121,2
DA:134,2
DA:136,1
DA:145,1
DA:147,1
DA:148,1
DA:152,0
DA:157,0
DA:162,0
DA:164,0
DA:166,0
DA:168,0
DA:171,1
DA:174,1
DA:179,3
DA:184,5
DA:185,0
DA:188,5
DA:190,5
DA:193,5
DA:194,1
DA:196,4
DA:197,1
DA:199,3
DA:200,1
DA:204,2
DA:216,2
DA:222,2
DA:227,2
DA:228,1
DA:237,1
DA:248,2
DA:253,2
DA:257,2
DA:273,3
DA:278,3
DA:279,0
DA:282,3
DA:283,3
DA:284,0
DA:287,3
DA:291,3
DA:292,1
DA:294,2
DA:295,1
DA:298,1
DA:319,2
DA:324,3
DA:325,0
DA:329,3
DA:330,1
DA:332,2
DA:333,0
DA:337,2
DA:338,2
DA:340,2
DA:341,2
DA:344,2
DA:345,1
DA:348,1
DA:356,1
DA:357,1
DA:360,1
DA:374,1
DA:376,1
DA:377,0
DA:390,1
DA:391,1
DA:392,2
DA:394,1
DA:396,1
DA:397,1
DA:398,2
DA:400,1
DA:402,1
DA:415,1
DA:416,1
DA:422,3
DA:423,0
DA:426,3
DA:427,3
DA:450,3
DA:451,1
DA:455,2
DA:456,1
DA:460,1
DA:467,1
DA:468,1
DA:470,1
DA:471,1
DA:489,1
DA:501,2
DA:505,5
DA:507,5
DA:508,0
DA:510,5
DA:511,1
DA:514,4
DA:515,1
DA:517,3
DA:518,3
DA:521,3
DA:522,1
DA:524,2
DA:525,1
DA:528,1
DA:540,1
DA:553,2
LF:131
LH:115
BRDA:9,0,0,0
BRDA:9,0,1,8
BRDA:9,1,0,8
BRDA:9,1,1,8
BRDA:13,2,0,4
BRDA:13,2,1,4
BRDA:17,3,0,4
BRDA:17,3,1,0
BRDA:93,4,0,1
BRDA:93,4,1,5
BRDA:93,5,0,6
BRDA:93,5,1,5
BRDA:96,6,0,1
BRDA:96,6,1,4
BRDA:96,7,0,5
BRDA:96,7,1,4
BRDA:105,8,0,1
BRDA:105,8,1,3
BRDA:115,9,0,1
BRDA:115,9,1,2
BRDA:134,10,0,1
BRDA:134,10,1,1
BRDA:134,11,0,2
BRDA:134,11,1,1
BRDA:147,12,0,1
BRDA:147,12,1,0
BRDA:166,13,0,0
BRDA:166,13,1,0
BRDA:166,14,0,0
BRDA:166,14,1,0
BRDA:166,15,0,0
BRDA:166,15,1,0
BRDA:184,16,0,0
BRDA:184,16,1,5
BRDA:184,17,0,5
BRDA:184,17,1,5
BRDA:193,18,0,1
BRDA:193,18,1,4
BRDA:196,19,0,1
BRDA:196,19,1,3
BRDA:199,20,0,1
BRDA:199,20,1,2
BRDA:227,21,0,1
BRDA:227,21,1,1
BRDA:278,22,0,0
BRDA:278,22,1,3
BRDA:283,23,0,0
BRDA:283,23,1,3
BRDA:291,24,0,1
BRDA:291,24,1,2
BRDA:294,25,0,1
BRDA:294,25,1,1
BRDA:314,26,0,0
BRDA:314,26,1,1
BRDA:324,27,0,0
BRDA:324,27,1,3
BRDA:329,28,0,1
BRDA:329,28,1,2
BRDA:329,29,0,3
BRDA:329,29,1,3
BRDA:332,30,0,0
BRDA:332,30,1,2
BRDA:332,31,0,2
BRDA:332,31,1,1
BRDA:337,32,0,2
BRDA:337,32,1,0
BRDA:338,33,0,2
BRDA:338,33,1,1
BRDA:344,34,0,1
BRDA:344,34,1,1
BRDA:356,35,0,1
BRDA:356,35,1,0
BRDA:376,36,0,0
BRDA:376,36,1,1
BRDA:392,37,0,2
BRDA:392,37,1,0
BRDA:398,38,0,2
BRDA:398,38,1,0
BRDA:422,39,0,0
BRDA:422,39,1,3
BRDA:422,40,0,3
BRDA:422,40,1,3
BRDA:450,41,0,1
BRDA:450,41,1,2
BRDA:455,42,0,1
BRDA:455,42,1,1
BRDA:468,43,0,0
BRDA:468,43,1,1
BRDA:468,44,0,1
BRDA:468,44,1,0
BRDA:483,45,0,1
BRDA:483,45,1,0
BRDA:507,46,0,0
BRDA:507,46,1,5
BRDA:507,47,0,5
BRDA:507,47,1,5
BRDA:510,48,0,1
BRDA:510,48,1,4
BRDA:514,49,0,1
BRDA:514,49,1,3
BRDA:514,50,0,4
BRDA:514,50,1,3
BRDA:521,51,0,1
BRDA:521,51,1,2
BRDA:524,52,0,1
BRDA:524,52,1,1
BRF:106
BRH:81
end_of_record
TN:
SF:src/services/user_devices_services.ts
FN:6,(anonymous_1)
FN:26,(anonymous_2)
FN:35,(anonymous_3)
FN:46,(anonymous_4)
FN:57,(anonymous_5)
FNF:5
FNH:5
FNDA:2,(anonymous_1)
FNDA:2,(anonymous_2)
FNDA:2,(anonymous_3)
FNDA:2,(anonymous_4)
FNDA:2,(anonymous_5)
DA:1,4
DA:2,4
DA:4,4
DA:8,2
DA:10,2
DA:21,1
DA:28,2
DA:30,2
DA:35,2
DA:37,1
DA:41,1
DA:48,2
DA:50,2
DA:57,2
DA:59,1
DA:63,1
LF:16
LH:16
BRDA:21,0,0,1
BRDA:21,0,1,0
BRDA:41,1,0,1
BRDA:41,1,1,0
BRDA:63,2,0,1
BRDA:63,2,1,0
BRF:6
BRH:3
end_of_record
TN:
SF:src/utils/errors.ts
FN:4,(anonymous_0)
FN:9,(anonymous_1)
FN:16,(anonymous_2)
FN:21,(anonymous_3)
FN:28,(anonymous_4)
FNF:5
FNH:5
FNDA:7,(anonymous_0)
FNDA:3,(anonymous_1)
FNDA:2,(anonymous_2)
FNDA:1,(anonymous_3)
FNDA:14,(anonymous_4)
DA:2,14
DA:4,7
DA:5,7
DA:6,7
DA:10,3
DA:14,14
DA:16,2
DA:17,2
DA:18,2
DA:22,1
DA:26,14
DA:28,14
DA:29,14
DA:30,14
LF:14
LH:14
BRF:0
BRH:0
end_of_record
TN:
SF:src/utils/firebase.ts
FN:7,(anonymous_0)
FNF:1
FNH:0
FNDA:0,(anonymous_0)
DA:1,3
DA:3,3
DA:7,3
LF:3
LH:3
BRF:0
BRH:0
end_of_record
