TN:
SF:src/controllers/auth.controller.ts
FN:8,(anonymous_0)
FN:42,(anonymous_1)
FN:72,(anonymous_2)
FN:85,(anonymous_3)
FNF:4
FNH:3
FNDA:4,(anonymous_0)
FNDA:3,(anonymous_1)
FNDA:0,(anonymous_2)
FNDA:4,(anonymous_3)
DA:2,3
DA:3,3
DA:4,3
DA:6,3
DA:10,4
DA:12,4
DA:14,4
DA:17,1
DA:20,1
DA:27,3
DA:28,2
DA:29,2
DA:32,1
DA:33,1
DA:34,1
DA:37,0
DA:38,0
DA:44,3
DA:46,3
DA:48,3
DA:51,1
DA:53,1
DA:60,2
DA:62,1
DA:63,1
DA:66,1
DA:67,1
DA:74,0
DA:76,0
DA:77,0
DA:80,0
DA:87,4
DA:89,4
DA:91,1
DA:92,1
DA:95,3
DA:97,3
DA:99,1
DA:101,1
DA:107,2
DA:109,1
DA:113,1
DA:116,1
DA:122,3
LF:44
LH:38
BRDA:27,0,0,2
BRDA:27,0,1,1
BRDA:32,1,0,1
BRDA:32,1,1,0
BRDA:60,2,0,1
BRDA:60,2,1,1
BRDA:89,3,0,1
BRDA:89,3,1,3
BRDA:107,4,0,1
BRDA:107,4,1,1
BRF:10
BRH:9
end_of_record
TN:
SF:src/controllers/badges_leaderboard.controller.ts
FN:5,(anonymous_0)
FN:50,(anonymous_1)
FN:71,(anonymous_2)
FNF:3
FNH:3
FNDA:5,(anonymous_0)
FNDA:2,(anonymous_1)
FNDA:2,(anonymous_2)
DA:3,1
DA:4,1
DA:6,5
DA:7,5
DA:8,5
DA:10,5
DA:11,1
DA:14,1
DA:16,4
DA:17,0
DA:20,0
DA:22,4
DA:27,1
DA:33,3
DA:34,1
DA:38,2
DA:39,1
DA:43,1
DA:51,2
DA:52,2
DA:54,2
DA:55,1
DA:60,1
DA:62,1
DA:64,0
DA:72,2
DA:73,2
DA:74,2
DA:75,1
DA:78,1
DA:80,1
DA:82,0
DA:89,1
LF:33
LH:29
BRDA:10,0,0,1
BRDA:10,0,1,4
BRDA:16,1,0,0
BRDA:16,1,1,4
BRDA:16,2,0,4
BRDA:16,2,1,4
BRDA:33,3,0,1
BRDA:33,3,1,2
BRDA:38,4,0,1
BRDA:38,4,1,1
BRDA:54,5,0,1
BRDA:54,5,1,1
BRDA:74,6,0,1
BRDA:74,6,1,1
BRF:14
BRH:13
end_of_record
TN:
SF:src/controllers/contacts.controller.ts
FN:6,get_user_id
FN:14,(anonymous_1)
FN:71,(anonymous_2)
FN:110,(anonymous_3)
FN:129,(anonymous_4)
FN:187,(anonymous_5)
FN:202,(anonymous_6)
FNF:7
FNH:7
FNDA:16,get_user_id
FNDA:5,(anonymous_1)
FNDA:3,(anonymous_2)
FNDA:4,(anonymous_3)
FNDA:2,(anonymous_4)
FNDA:4,(anonymous_5)
FNDA:2,(anonymous_6)
DA:3,1
DA:7,16
DA:10,1
DA:15,5
DA:16,5
DA:17,1
DA:20,4
DA:23,4
DA:24,1
DA:30,3
DA:32,3
DA:33,1
DA:41,2
DA:42,1
DA:47,1
DA:48,0
DA:53,1
DA:54,1
DA:60,0
DA:72,3
DA:73,3
DA:74,1
DA:79,2
DA:81,2
DA:83,1
DA:88,1
DA:89,1
DA:94,0
DA:111,4
DA:112,4
DA:113,1
DA:118,3
DA:120,3
DA:121,1
DA:129,2
DA:131,2
DA:132,2
DA:139,1
DA:143,1
DA:144,0
DA:150,1
DA:151,1
DA:157,0
DA:158,0
DA:164,0
DA:188,4
DA:189,4
DA:190,1
DA:194,3
DA:197,3
DA:198,3
DA:199,3
DA:202,3
DA:204,3
DA:205,1
DA:211,2
DA:212,0
DA:219,2
DA:220,2
DA:226,1
DA:235,1
DA:236,1
DA:242,0
DA:243,0
DA:249,0
DA:253,1
LF:66
LH:55
BRDA:7,0,0,16
BRDA:7,0,1,4
BRDA:16,1,0,1
BRDA:16,1,1,4
BRDA:20,2,0,4
BRDA:20,2,1,0
BRDA:23,3,0,1
BRDA:23,3,1,3
BRDA:23,4,0,4
BRDA:23,4,1,4
BRDA:41,5,0,1
BRDA:41,5,1,1
BRDA:47,6,0,0
BRDA:47,6,1,1
BRDA:53,7,0,1
BRDA:53,7,1,0
BRDA:73,8,0,1
BRDA:73,8,1,2
BRDA:88,9,0,1
BRDA:88,9,1,0
BRDA:112,10,0,1
BRDA:112,10,1,3
BRDA:118,11,0,3
BRDA:118,11,1,0
BRDA:120,12,0,1
BRDA:120,12,1,2
BRDA:120,13,0,3
BRDA:120,13,1,3
BRDA:120,13,2,2
BRDA:120,13,3,2
BRDA:129,14,0,2
BRDA:129,14,1,0
BRDA:136,15,0,0
BRDA:136,15,1,2
BRDA:143,16,0,0
BRDA:143,16,1,1
BRDA:150,17,0,1
BRDA:150,17,1,0
BRDA:157,18,0,0
BRDA:157,18,1,0
BRDA:189,19,0,1
BRDA:189,19,1,3
BRDA:194,20,0,3
BRDA:194,20,1,0
BRDA:197,21,0,0
BRDA:197,21,1,3
BRDA:197,22,0,3
BRDA:197,22,1,3
BRDA:197,22,2,3
BRDA:202,23,0,3
BRDA:202,23,1,0
BRDA:204,24,0,1
BRDA:204,24,1,2
BRDA:211,25,0,0
BRDA:211,25,1,2
BRDA:211,26,0,2
BRDA:211,26,1,2
BRDA:235,27,0,1
BRDA:235,27,1,0
BRDA:242,28,0,0
BRDA:242,28,1,0
BRF:61
BRH:43
end_of_record
TN:
SF:src/controllers/leaderboard.controller.ts
FN:5,get_user_id
FN:11,(anonymous_1)
FNF:2
FNH:2
FNDA:6,get_user_id
FNDA:6,(anonymous_1)
DA:3,1
DA:6,6
DA:9,1
DA:12,6
DA:13,6
DA:14,6
DA:15,0
DA:18,6
DA:20,6
DA:21,3
DA:24,3
DA:26,3
DA:28,0
DA:33,1
LF:14
LH:12
BRDA:6,0,0,6
BRDA:6,0,1,0
BRDA:14,1,0,0
BRDA:14,1,1,6
BRDA:18,2,0,6
BRDA:18,2,1,0
BRDA:20,3,0,3
BRDA:20,3,1,3
BRDA:20,4,0,6
BRDA:20,4,1,5
BRDA:20,4,2,4
BRDA:20,4,3,3
BRF:12
BRH:9
end_of_record
TN:
SF:src/controllers/trips.controller.ts
FN:8,(anonymous_0)
FN:49,(anonymous_1)
FN:95,(anonymous_2)
FN:156,(anonymous_3)
FN:198,(anonymous_4)
FN:232,(anonymous_5)
FNF:6
FNH:6
FNDA:3,(anonymous_0)
FNDA:3,(anonymous_1)
FNDA:2,(anonymous_2)
FNDA:2,(anonymous_3)
FNDA:2,(anonymous_4)
FNDA:2,(anonymous_5)
DA:3,1
DA:8,1
DA:9,3
DA:10,3
DA:11,3
DA:12,1
DA:13,1
DA:15,2
DA:18,2
DA:26,1
DA:31,1
DA:32,0
DA:36,1
DA:37,0
DA:41,1
DA:42,1
DA:49,1
DA:50,3
DA:51,3
DA:52,3
DA:53,3
DA:55,3
DA:56,0
DA:59,0
DA:61,3
DA:75,1
DA:80,2
DA:81,1
DA:82,1
DA:83,0
DA:86,1
DA:87,1
DA:90,0
DA:95,1
DA:96,2
DA:97,2
DA:112,2
DA:113,2
DA:114,0
DA:117,0
DA:120,2
DA:137,1
DA:142,1
DA:143,0
DA:146,1
DA:147,1
DA:150,0
DA:151,0
DA:156,1
DA:157,2
DA:158,2
DA:159,2
DA:160,2
DA:161,0
DA:165,0
DA:167,2
DA:173,1
DA:178,1
DA:179,0
DA:182,1
DA:183,0
DA:186,1
DA:187,1
DA:191,0
DA:198,1
DA:199,2
DA:200,2
DA:201,2
DA:203,2
DA:204,0
DA:208,0
DA:211,2
DA:212,1
DA:215,1
DA:216,0
DA:220,1
DA:221,1
DA:226,0
DA:232,1
DA:233,2
DA:234,2
DA:235,2
DA:236,2
DA:238,2
DA:239,0
DA:242,0
DA:245,2
DA:255,1
DA:257,1
DA:258,0
DA:262,1
DA:263,0
DA:267,1
DA:268,1
DA:272,0
LF:95
LH:70
BRDA:11,0,0,1
BRDA:11,0,1,2
BRDA:31,1,0,0
BRDA:31,1,1,1
BRDA:36,2,0,0
BRDA:36,2,1,1
BRDA:41,3,0,1
BRDA:41,3,1,0
BRDA:55,4,0,0
BRDA:55,4,1,3
BRDA:80,5,0,1
BRDA:80,5,1,1
BRDA:82,6,0,0
BRDA:82,6,1,1
BRDA:86,7,0,1
BRDA:86,7,1,0
BRDA:113,8,0,0
BRDA:113,8,1,2
BRDA:142,9,0,0
BRDA:142,9,1,1
BRDA:146,10,0,1
BRDA:146,10,1,0
BRDA:150,11,0,0
BRDA:150,11,1,0
BRDA:160,12,0,0
BRDA:160,12,1,2
BRDA:170,13,0,1
BRDA:170,13,1,1
BRDA:178,14,0,0
BRDA:178,14,1,1
BRDA:182,15,0,0
BRDA:182,15,1,1
BRDA:186,16,0,1
BRDA:186,16,1,0
BRDA:203,17,0,0
BRDA:203,17,1,2
BRDA:215,18,0,0
BRDA:215,18,1,1
BRDA:220,19,0,1
BRDA:220,19,1,0
BRDA:238,20,0,0
BRDA:238,20,1,2
BRDA:257,21,0,0
BRDA:257,21,1,1
BRDA:262,22,0,0
BRDA:262,22,1,1
BRDA:267,23,0,1
BRDA:267,23,1,0
BRF:48
BRH:26
end_of_record
TN:
SF:src/db/prisma.ts
FNF:0
FNH:0
DA:1,5
DA:2,5
DA:3,5
DA:5,5
DA:6,5
DA:7,0
DA:10,5
DA:11,5
DA:13,5
DA:15,5
LF:10
LH:9
BRDA:6,0,0,0
BRDA:6,0,1,5
BRF:2
BRH:1
end_of_record
TN:
SF:src/services/auth_services.ts
FN:25,(anonymous_1)
FN:36,(anonymous_2)
FN:41,validate_email
FN:45,validate_password
FN:49,generate_unique_username
FN:63,(anonymous_6)
FN:174,(anonymous_7)
FN:202,(anonymous_8)
FN:212,(anonymous_9)
FNF:9
FNH:0
FNDA:0,(anonymous_1)
FNDA:0,(anonymous_2)
FNDA:0,validate_email
FNDA:0,validate_password
FNDA:0,generate_unique_username
FNDA:0,(anonymous_6)
FNDA:0,(anonymous_7)
FNDA:0,(anonymous_8)
FNDA:0,(anonymous_9)
DA:1,3
DA:2,3
DA:3,3
DA:4,3
DA:5,3
DA:7,3
DA:8,3
DA:10,3
DA:12,3
DA:14,3
DA:19,3
DA:21,3
DA:23,3
DA:25,3
DA:26,0
DA:28,0
DA:30,0
DA:31,0
DA:32,0
DA:35,0
DA:37,0
DA:38,0
DA:42,0
DA:46,0
DA:50,0
DA:55,0
DA:56,0
DA:58,0
DA:61,3
DA:66,0
DA:68,0
DA:70,0
DA:71,0
DA:74,0
DA:76,0
DA:77,0
DA:80,0
DA:82,0
DA:83,0
DA:86,0
DA:88,0
DA:89,0
DA:92,0
DA:94,0
DA:95,0
DA:98,0
DA:100,0
DA:101,0
DA:104,0
DA:107,0
DA:111,0
DA:113,0
DA:115,0
DA:119,0
DA:121,0
DA:122,0
DA:125,0
DA:127,0
DA:129,0
DA:130,0
DA:131,0
DA:132,0
DA:146,0
DA:148,0
DA:156,0
DA:159,0
DA:161,0
DA:162,0
DA:163,0
DA:166,0
DA:170,0
DA:176,0
DA:183,0
DA:185,0
DA:187,0
DA:189,0
DA:191,0
DA:199,0
DA:204,0
DA:214,0
DA:217,0
DA:226,0
DA:229,0
DA:232,0
DA:240,0
LF:85
LH:15
BRDA:26,0,0,0
BRDA:26,0,1,0
BRDA:28,1,0,0
BRDA:28,1,1,0
BRDA:30,2,0,0
BRDA:30,2,1,0
BRDA:66,3,0,0
BRDA:66,3,1,0
BRDA:70,4,0,0
BRDA:70,4,1,0
BRDA:76,5,0,0
BRDA:76,5,1,0
BRDA:82,6,0,0
BRDA:82,6,1,0
BRDA:88,7,0,0
BRDA:88,7,1,0
BRDA:94,8,0,0
BRDA:94,8,1,0
BRDA:100,9,0,0
BRDA:100,9,1,0
BRDA:111,10,0,0
BRDA:111,10,1,0
BRDA:113,11,0,0
BRDA:113,11,1,0
BRDA:121,12,0,0
BRDA:121,12,1,0
BRDA:159,13,0,0
BRDA:159,13,1,0
BRDA:159,14,0,0
BRDA:159,14,1,0
BRDA:162,15,0,0
BRDA:162,15,1,0
BRDA:183,16,0,0
BRDA:183,16,1,0
BRDA:187,17,0,0
BRDA:187,17,1,0
BRDA:226,18,0,0
BRDA:226,18,1,0
BRF:38
BRH:0
end_of_record
TN:
SF:src/services/badges_leaderboard_services.ts
FN:14,compare
FN:35,(anonymous_2)
FN:72,(anonymous_3)
FN:135,(anonymous_4)
FN:188,(anonymous_5)
FN:209,(anonymous_6)
FN:216,(anonymous_7)
FN:222,(anonymous_8)
FN:238,(anonymous_9)
FN:249,(anonymous_10)
FN:255,(anonymous_11)
FN:265,(anonymous_12)
FNF:12
FNH:0
FNDA:0,compare
FNDA:0,(anonymous_2)
FNDA:0,(anonymous_3)
FNDA:0,(anonymous_4)
FNDA:0,(anonymous_5)
FNDA:0,(anonymous_6)
FNDA:0,(anonymous_7)
FNDA:0,(anonymous_8)
FNDA:0,(anonymous_9)
FNDA:0,(anonymous_10)
FNDA:0,(anonymous_11)
FNDA:0,(anonymous_12)
DA:1,1
DA:15,0
DA:17,0
DA:19,0
DA:21,0
DA:23,0
DA:26,0
DA:28,0
DA:30,0
DA:34,1
DA:36,0
DA:37,0
DA:39,0
DA:61,0
DA:62,0
DA:64,0
DA:65,0
DA:67,0
DA:71,0
DA:73,0
DA:74,0
DA:75,0
DA:76,0
DA:78,0
DA:79,0
DA:81,0
DA:82,0
DA:84,0
DA:85,0
DA:87,0
DA:98,0
DA:105,0
DA:121,0
DA:126,0
DA:128,0
DA:129,0
DA:131,0
DA:132,0
DA:135,0
DA:136,0
DA:137,0
DA:138,0
DA:140,0
DA:141,0
DA:144,0
DA:146,0
DA:147,0
DA:150,0
DA:159,0
DA:160,0
DA:162,0
DA:172,0
DA:181,0
DA:189,0
DA:190,0
DA:191,0
DA:193,0
DA:209,0
DA:216,0
DA:217,0
DA:218,0
DA:219,0
DA:222,0
DA:226,0
DA:239,0
DA:247,0
DA:249,0
DA:255,0
LF:68
LH:2
BRDA:15,0,0,0
BRDA:15,0,1,0
BRDA:15,0,2,0
BRDA:15,0,3,0
BRDA:15,0,4,0
BRDA:15,0,5,0
BRDA:15,0,6,0
BRDA:15,0,7,0
BRDA:36,1,0,0
BRDA:36,1,1,0
BRDA:36,2,0,0
BRDA:36,2,1,0
BRDA:61,3,0,0
BRDA:61,3,1,0
BRDA:64,4,0,0
BRDA:64,4,1,0
BRDA:73,5,0,0
BRDA:73,5,1,0
BRDA:75,6,0,0
BRDA:75,6,1,0
BRDA:78,7,0,0
BRDA:78,7,1,0
BRDA:81,8,0,0
BRDA:81,8,1,0
BRDA:84,9,0,0
BRDA:84,9,1,0
BRDA:84,10,0,0
BRDA:84,10,1,0
BRDA:106,11,0,0
BRDA:106,11,1,0
BRDA:107,12,0,0
BRDA:107,12,1,0
BRDA:108,13,0,0
BRDA:108,13,1,0
BRDA:109,14,0,0
BRDA:109,14,1,0
BRDA:110,15,0,0
BRDA:110,15,1,0
BRDA:111,16,0,0
BRDA:111,16,1,0
BRDA:131,17,0,0
BRDA:131,17,1,0
BRDA:136,18,0,0
BRDA:136,18,1,0
BRDA:138,19,0,0
BRDA:138,19,1,0
BRDA:138,19,2,0
BRDA:140,20,0,0
BRDA:140,20,1,0
BRDA:146,21,0,0
BRDA:146,21,1,0
BRDA:159,22,0,0
BRDA:159,22,1,0
BRDA:190,23,0,0
BRDA:190,23,1,0
BRDA:217,24,0,0
BRDA:217,24,1,0
BRDA:218,25,0,0
BRDA:218,25,1,0
BRF:59
BRH:0
end_of_record
TN:
SF:src/services/contacts_services.ts
FN:4,is_uuid
FN:10,coded_error
FN:25,(anonymous_3)
FN:76,(anonymous_4)
FN:92,(anonymous_5)
FN:105,(anonymous_6)
FN:136,(anonymous_7)
FN:149,(anonymous_8)
FN:159,(anonymous_9)
FN:186,(anonymous_10)
FN:199,(anonymous_11)
FNF:11
FNH:9
FNDA:3,is_uuid
FNDA:3,coded_error
FNDA:3,(anonymous_3)
FNDA:1,(anonymous_4)
FNDA:2,(anonymous_5)
FNDA:1,(anonymous_6)
FNDA:0,(anonymous_7)
FNDA:0,(anonymous_8)
FNDA:2,(anonymous_9)
FNDA:1,(anonymous_10)
FNDA:1,(anonymous_11)
DA:1,2
DA:6,3
DA:11,3
DA:12,3
DA:13,3
DA:17,2
DA:27,3
DA:29,3
DA:40,3
DA:41,2
DA:44,1
DA:52,1
DA:55,1
DA:58,1
DA:69,1
DA:77,1
DA:92,2
DA:112,1
DA:115,1
DA:119,1
DA:122,1
DA:126,1
DA:129,1
DA:133,1
DA:136,1
DA:137,0
DA:148,0
DA:149,0
DA:164,2
DA:167,2
DA:171,2
DA:174,1
DA:181,1
DA:184,1
DA:185,1
DA:186,1
DA:196,1
DA:199,1
LF:38
LH:35
BRDA:27,0,0,0
BRDA:27,0,1,3
BRDA:40,1,0,1
BRDA:40,1,1,2
BRDA:41,2,0,1
BRDA:41,2,1,1
BRDA:52,3,0,0
BRDA:52,3,1,1
BRDA:55,4,0,1
BRDA:55,4,1,0
BRDA:55,5,0,1
BRDA:55,5,1,0
BRDA:55,6,0,1
BRDA:55,6,1,0
BRDA:119,7,0,0
BRDA:119,7,1,1
BRDA:126,8,0,0
BRDA:126,8,1,1
BRDA:126,9,0,1
BRDA:126,9,1,1
BRDA:133,10,0,0
BRDA:133,10,1,1
BRDA:143,11,0,0
BRDA:143,11,1,0
BRDA:171,12,0,1
BRDA:171,12,1,1
BRDA:171,13,0,2
BRDA:171,13,1,1
BRDA:181,14,0,0
BRDA:181,14,1,1
BRF:30
BRH:19
end_of_record
TN:
SF:src/services/leaderboard_services.ts
FN:9,to_number
FN:25,(anonymous_2)
FN:52,(anonymous_3)
FN:59,(anonymous_4)
FNF:4
FNH:4
FNDA:5,to_number
FNDA:5,(anonymous_2)
FNDA:4,(anonymous_3)
FNDA:3,(anonymous_4)
DA:1,2
DA:10,5
DA:11,0
DA:13,5
DA:14,5
DA:17,0
DA:18,0
DA:21,0
DA:24,2
DA:26,5
DA:28,5
DA:29,2
DA:32,3
DA:52,4
DA:59,3
DA:60,3
DA:61,3
DA:63,3
DA:75,2
LF:19
LH:15
BRDA:10,0,0,0
BRDA:10,0,1,5
BRDA:10,1,0,5
BRDA:10,1,1,5
BRDA:13,2,0,5
BRDA:13,2,1,0
BRDA:17,3,0,0
BRDA:17,3,1,0
BRDA:28,4,0,2
BRDA:28,4,1,3
BRDA:28,5,0,5
BRDA:28,5,1,5
BRDA:28,5,2,4
BRDA:55,6,0,4
BRDA:55,6,1,1
BRDA:55,6,2,0
BRDA:55,7,0,4
BRDA:55,7,1,0
BRDA:56,8,0,4
BRDA:56,8,1,0
BRDA:60,9,0,1
BRDA:60,9,1,2
BRDA:61,10,0,1
BRDA:61,10,1,2
BRDA:61,11,0,1
BRDA:61,11,1,0
BRF:26
BRH:18
end_of_record
TN:
SF:src/services/trips_services.ts
FN:6,to_number
FN:89,(anonymous_2)
FN:135,(anonymous_3)
FN:211,(anonymous_4)
FN:257,(anonymous_5)
FN:338,(anonymous_6)
FN:382,(anonymous_7)
FN:402,(anonymous_8)
FN:417,(anonymous_9)
FNF:9
FNH:9
FNDA:8,to_number
FNDA:5,(anonymous_2)
FNDA:4,(anonymous_3)
FNDA:3,(anonymous_4)
FNDA:3,(anonymous_5)
FNDA:3,(anonymous_6)
FNDA:1,(anonymous_7)
FNDA:1,(anonymous_8)
FNDA:5,(anonymous_9)
DA:3,2
DA:7,8
DA:8,0
DA:11,8
DA:12,4
DA:15,4
DA:16,4
DA:19,0
DA:88,2
DA:90,5
DA:91,1
DA:93,4
DA:94,1
DA:97,3
DA:99,3
DA:102,3
DA:103,1
DA:106,2
DA:112,2
DA:113,1
DA:115,1
DA:127,1
DA:132,2
DA:137,4
DA:138,0
DA:141,4
DA:143,4
DA:146,4
DA:147,1
DA:149,3
DA:150,1
DA:152,2
DA:153,1
DA:157,1
DA:169,1
DA:172,1
DA:188,1
DA:192,1
DA:207,3
DA:212,3
DA:213,0
DA:216,3
DA:217,3
DA:218,0
DA:221,3
DA:225,3
DA:226,1
DA:228,2
DA:229,1
DA:232,1
DA:253,2
DA:258,3
DA:259,0
DA:261,3
DA:262,1
DA:265,2
DA:266,2
DA:267,0
DA:269,2
DA:270,2
DA:273,2
DA:274,1
DA:277,1
DA:285,1
DA:286,0
DA:289,1
DA:303,1
DA:304,0
DA:306,1
DA:307,1
DA:308,1
DA:309,2
DA:311,1
DA:313,1
DA:314,1
DA:315,2
DA:317,1
DA:318,1
DA:333,1
DA:339,3
DA:340,0
DA:343,3
DA:344,3
DA:367,3
DA:368,1
DA:372,2
DA:373,1
DA:377,1
DA:382,1
DA:383,1
DA:385,1
DA:402,1
DA:414,2
DA:418,5
DA:420,5
DA:421,0
DA:423,5
DA:424,1
DA:427,4
DA:428,1
DA:430,3
DA:431,3
DA:434,3
DA:435,1
DA:437,2
DA:438,1
DA:441,1
DA:453,1
DA:466,2
LF:109
LH:98
BRDA:7,0,0,0
BRDA:7,0,1,8
BRDA:7,1,0,8
BRDA:7,1,1,8
BRDA:11,2,0,4
BRDA:11,2,1,4
BRDA:15,3,0,4
BRDA:15,3,1,0
BRDA:90,4,0,1
BRDA:90,4,1,4
BRDA:90,5,0,5
BRDA:90,5,1,4
BRDA:93,6,0,1
BRDA:93,6,1,3
BRDA:93,7,0,4
BRDA:93,7,1,3
BRDA:102,8,0,1
BRDA:102,8,1,2
BRDA:112,9,0,1
BRDA:112,9,1,1
BRDA:137,10,0,0
BRDA:137,10,1,4
BRDA:137,11,0,4
BRDA:137,11,1,4
BRDA:146,12,0,1
BRDA:146,12,1,3
BRDA:149,13,0,1
BRDA:149,13,1,2
BRDA:152,14,0,1
BRDA:152,14,1,1
BRDA:173,15,0,1
BRDA:173,15,1,1
BRDA:212,16,0,0
BRDA:212,16,1,3
BRDA:217,17,0,0
BRDA:217,17,1,3
BRDA:225,18,0,1
BRDA:225,18,1,2
BRDA:228,19,0,1
BRDA:228,19,1,1
BRDA:248,20,0,0
BRDA:248,20,1,1
BRDA:258,21,0,0
BRDA:258,21,1,3
BRDA:258,22,0,3
BRDA:258,22,1,3
BRDA:261,23,0,1
BRDA:261,23,1,2
BRDA:265,24,0,2
BRDA:265,24,1,1
BRDA:266,25,0,0
BRDA:266,25,1,2
BRDA:273,26,0,1
BRDA:273,26,1,1
BRDA:285,27,0,0
BRDA:285,27,1,1
BRDA:303,28,0,0
BRDA:303,28,1,1
BRDA:309,29,0,2
BRDA:309,29,1,0
BRDA:311,30,0,1
BRDA:311,30,1,0
BRDA:315,31,0,2
BRDA:315,31,1,0
BRDA:317,32,0,1
BRDA:317,32,1,0
BRDA:339,33,0,0
BRDA:339,33,1,3
BRDA:339,34,0,3
BRDA:339,34,1,3
BRDA:367,35,0,1
BRDA:367,35,1,2
BRDA:372,36,0,1
BRDA:372,36,1,1
BRDA:383,37,0,0
BRDA:383,37,1,1
BRDA:383,38,0,1
BRDA:383,38,1,0
BRDA:397,39,0,1
BRDA:397,39,1,0
BRDA:420,40,0,0
BRDA:420,40,1,5
BRDA:420,41,0,5
BRDA:420,41,1,5
BRDA:423,42,0,1
BRDA:423,42,1,4
BRDA:427,43,0,1
BRDA:427,43,1,3
BRDA:427,44,0,4
BRDA:427,44,1,3
BRDA:434,45,0,1
BRDA:434,45,1,2
BRDA:437,46,0,1
BRDA:437,46,1,1
BRF:94
BRH:75
end_of_record
TN:
SF:src/utils/errors.ts
FN:4,(anonymous_0)
FN:9,(anonymous_1)
FN:16,(anonymous_2)
FN:21,(anonymous_3)
FN:28,(anonymous_4)
FNF:5
FNH:5
FNDA:3,(anonymous_0)
FNDA:3,(anonymous_1)
FNDA:1,(anonymous_2)
FNDA:1,(anonymous_3)
FNDA:1,(anonymous_4)
DA:2,6
DA:4,3
DA:5,3
DA:6,3
DA:10,3
DA:14,6
DA:16,1
DA:17,1
DA:18,1
DA:22,1
DA:26,6
DA:28,1
DA:29,1
DA:30,1
LF:14
LH:14
BRF:0
BRH:0
end_of_record
